<?xml version="1.0" encoding="UTF-8"?>
<!-- Generated by org.testng.reporters.JUnitReportReporter -->
<testsuite skipped="0" hostname="DESKTOP-E1JT2VR" name="ApodGUI.ChannelViewlet" tests="11" failures="0" timestamp="08 Nov 2019 07:38:22 GMT" time="335.062" errors="0">
  <testcase name="Login" time="45.377" classname="ApodGUI.ChannelViewlet"/>
  <testcase name="ShowChannelStatus" time="16.906" classname="ApodGUI.ChannelViewlet"/>
  <testcase name="Properties" time="23.505" classname="ApodGUI.ChannelViewlet"/>
  <testcase name="Events" time="11.413" classname="ApodGUI.ChannelViewlet"/>
  <testcase name="AddToFavorites" time="21.336" classname="ApodGUI.ChannelViewlet"/>
  <testcase name="ComapareChannels" time="19.553" classname="ApodGUI.ChannelViewlet"/>
  <testcase name="ShowChannelStatusForMultiple" time="20.319" classname="ApodGUI.ChannelViewlet"/>
  <testcase name="MultipleProperties" time="44.481" classname="ApodGUI.ChannelViewlet"/>
  <testcase name="AddToFavoriteForMultipleChannels" time="10.991" classname="ApodGUI.ChannelViewlet"/>
  <testcase name="ShowObjectAttributes" time="105.480" classname="ApodGUI.ChannelViewlet"/>
  <testcase name="Logout" time="15.701" classname="ApodGUI.ChannelViewlet"/>
</testsuite> <!-- ApodGUI.ChannelViewlet -->
