<?xml version="1.0" encoding="UTF-8"?>
<!-- Generated by org.testng.reporters.JUnitReportReporter -->
<testsuite skipped="0" hostname="DESKTOP-E1JT2VR" name="ApodGUI.QueuesViewlet" tests="5" failures="0" timestamp="18 Feb 2020 07:53:45 GMT" time="183.283" errors="0">
  <testcase name="Login" time="63.034" classname="ApodGUI.QueuesViewlet"/>
  <testcase name="AddQueueFromPlusIcon" time="55.074" classname="ApodGUI.QueuesViewlet"/>
  <testcase name="CopyAsForMultipleQueues" time="35.345" classname="ApodGUI.QueuesViewlet"/>
  <testcase name="DeleteMultipleQueues" time="23.651" classname="ApodGUI.QueuesViewlet"/>
  <testcase name="Logout" time="6.179" classname="ApodGUI.QueuesViewlet"/>
</testsuite> <!-- ApodGUI.QueuesViewlet -->
