<?xml version="1.0" encoding="UTF-8"?>
<!-- Generated by org.testng.reporters.JUnitReportReporter -->
<testsuite skipped="0" hostname="DESKTOP-E1JT2VR" name="ApodGUI.EMSManagerViewlet" tests="4" failures="0" timestamp="11 Nov 2019 15:20:10 GMT" time="95.068" errors="0">
  <testcase name="Login" time="30.228" classname="ApodGUI.EMSManagerViewlet"/>
  <testcase name="AddToFavorites" time="21.925" classname="ApodGUI.EMSManagerViewlet"/>
  <testcase name="ShowObjectAttributes" time="35.930" classname="ApodGUI.EMSManagerViewlet"/>
  <testcase name="Logout" time="6.985" classname="ApodGUI.EMSManagerViewlet"/>
</testsuite> <!-- ApodGUI.EMSManagerViewlet -->
