<?xml version="1.0" encoding="UTF-8"?>
<!-- Generated by org.testng.reporters.JUnitReportReporter -->
<testsuite skipped="0" hostname="DESKTOP-E1JT2VR" name="ApodGUI.QueueMessages" tests="5" failures="0" timestamp="24 Mar 2020 09:50:32 GMT" time="226.041" errors="0">
  <testcase name="Login" time="144.969" classname="ApodGUI.QueueMessages"/>
  <testcase name="PutNewMessageIntoQueue" time="33.046" classname="ApodGUI.QueueMessages"/>
  <testcase name="CopyAllMessagesFromOneQueueToAnotherQueue" time="12.765" classname="ApodGUI.QueueMessages"/>
  <testcase name="MoveAllMessagesFromOneQueueToAnotherQueue" time="11.695" classname="ApodGUI.QueueMessages"/>
  <testcase name="Logout" time="23.566" classname="ApodGUI.QueueMessages"/>
</testsuite> <!-- ApodGUI.QueueMessages -->
