<?xml version="1.0" encoding="UTF-8"?>
<!-- Generated by org.testng.reporters.JUnitReportReporter -->
<testsuite skipped="0" hostname="DESKTOP-E1JT2VR" name="ApodGUI.SubscriptionViewlet" tests="18" failures="0" timestamp="11 Nov 2019 13:33:08 GMT" time="687.127" errors="0">
  <testcase name="Login" time="38.960" classname="ApodGUI.SubscriptionViewlet"/>
  <testcase name="AddSubscriptionViewlet" time="25.140" classname="ApodGUI.SubscriptionViewlet"/>
  <testcase name="CreateSubscriptionFromOptions" time="67.144" classname="ApodGUI.SubscriptionViewlet"/>
  <testcase name="CopyAsFromCommands" time="60.559" classname="ApodGUI.SubscriptionViewlet"/>
  <testcase name="RenameFromCommands" time="21.079" classname="ApodGUI.SubscriptionViewlet"/>
  <testcase name="DeleteFromCommands" time="25.598" classname="ApodGUI.SubscriptionViewlet"/>
  <testcase name="SubscriptionProperties" time="28.165" classname="ApodGUI.SubscriptionViewlet"/>
  <testcase name="SubscriptionEvents" time="11.948" classname="ApodGUI.SubscriptionViewlet"/>
  <testcase name="AddToFavoriteViewlet" time="22.298" classname="ApodGUI.SubscriptionViewlet"/>
  <testcase name="CompareSubscription" time="18.087" classname="ApodGUI.SubscriptionViewlet"/>
  <testcase name="CreateSubscriptionFromPlusIcon" time="120.801" classname="ApodGUI.SubscriptionViewlet"/>
  <testcase name="CopyAsFromCommandsForMultipleSubscriptions" time="42.702" classname="ApodGUI.SubscriptionViewlet"/>
  <testcase name="RenameFromCommandsForMultipleSubscriptions" time="46.124" classname="ApodGUI.SubscriptionViewlet"/>
  <testcase name="DeleteFromCommandsForMultipleSubscriptions" time="36.530" classname="ApodGUI.SubscriptionViewlet"/>
  <testcase name="MultipleSubscriptionProperties" time="53.468" classname="ApodGUI.SubscriptionViewlet"/>
  <testcase name="AddToFavoriteForMultipleSubscription" time="18.255" classname="ApodGUI.SubscriptionViewlet"/>
  <testcase name="ShowObjectAttributesForSubscription" time="33.443" classname="ApodGUI.SubscriptionViewlet"/>
  <testcase name="Logout" time="16.826" classname="ApodGUI.SubscriptionViewlet"/>
</testsuite> <!-- ApodGUI.SubscriptionViewlet -->
