<?xml version="1.0" encoding="UTF-8"?>
<!-- Generated by org.testng.reporters.JUnitReportReporter -->
<testsuite skipped="0" hostname="DESKTOP-E1JT2VR" name="ApodGUI.TransportViewlet" tests="7" failures="0" timestamp="26 Aug 2019 12:48:53 GMT" time="110.812" errors="0">
  <testcase name="Login" time="24.202" classname="ApodGUI.TransportViewlet"/>
  <testcase name="AddTransportViewlet" time="12.269" classname="ApodGUI.TransportViewlet"/>
  <testcase name="Properties" time="2.435" classname="ApodGUI.TransportViewlet"/>
  <testcase name="TransportEvents" time="22.541" classname="ApodGUI.TransportViewlet"/>
  <testcase name="AddToFavoriteViewlet" time="14.976" classname="ApodGUI.TransportViewlet"/>
  <testcase name="ShowObjectAttributesForTransport" time="24.010" classname="ApodGUI.TransportViewlet"/>
  <testcase name="Logout" time="10.379" classname="ApodGUI.TransportViewlet"/>
</testsuite> <!-- ApodGUI.TransportViewlet -->
