<?xml version="1.0" encoding="UTF-8"?>
<!-- Generated by org.testng.reporters.JUnitReportReporter -->
<testsuite skipped="0" hostname="DESKTOP-E1JT2VR" name="ApodGUI.NodeViewlet" tests="4" failures="0" timestamp="20 Jan 2020 12:59:24 GMT" time="131.079" errors="0">
  <testcase name="Login" time="28.012" classname="ApodGUI.NodeViewlet"/>
  <testcase name="CreateNodeUsingIcon" time="53.343" classname="ApodGUI.NodeViewlet"/>
  <testcase name="DeleteNode" time="24.677" classname="ApodGUI.NodeViewlet"/>
  <testcase name="Logout" time="25.047" classname="ApodGUI.NodeViewlet"/>
</testsuite> <!-- ApodGUI.NodeViewlet -->
