<?xml version="1.0" encoding="UTF-8"?>
<!-- Generated by org.testng.reporters.JUnitReportReporter -->
<testsuite skipped="0" hostname="DESKTOP-E1JT2VR" name="ApodGUI.ClusterQueueManager" tests="5" failures="0" timestamp="14 Jan 2020 13:52:00 GMT" time="106.721" errors="0">
  <testcase name="Login" time="43.165" classname="ApodGUI.ClusterQueueManager"/>
  <testcase name="AddClusterQueueManagerViewlet" time="8.965" classname="ApodGUI.ClusterQueueManager"/>
  <testcase name="AddToFavoriteViewlet" time="22.563" classname="ApodGUI.ClusterQueueManager"/>
  <testcase name="AddToFavoriteForMultipleClusterQMs" time="12.099" classname="ApodGUI.ClusterQueueManager"/>
  <testcase name="Logout" time="19.929" classname="ApodGUI.ClusterQueueManager"/>
</testsuite> <!-- ApodGUI.ClusterQueueManager -->
