<?xml version="1.0" encoding="UTF-8"?>
<!-- Generated by org.testng.reporters.JUnitReportReporter -->
<testsuite skipped="0" hostname="DESKTOP-E1JT2VR" name="ApodGUI.EMSQueueMessages" tests="9" failures="0" timestamp="10 Sep 2019 14:17:09 GMT" time="145.625" errors="0">
  <testcase name="Login" time="26.231" classname="ApodGUI.EMSQueueMessages"/>
  <testcase name="PutNewMessageIntoQueue" time="4.346" classname="ApodGUI.EMSQueueMessages"/>
  <testcase name="LoadFromFile" time="20.660" classname="ApodGUI.EMSQueueMessages"/>
  <testcase name="ExportAllMessages" time="15.799" classname="ApodGUI.EMSQueueMessages"/>
  <testcase name="CopyAllMessagesFromOneQueueToAnotherQueue" time="13.043" classname="ApodGUI.EMSQueueMessages"/>
  <testcase name="MoveAllMessagesFromOneQueueToAnotherQueue" time="13.306" classname="ApodGUI.EMSQueueMessages"/>
  <testcase name="DeleteAllMessagesFromQueue" time="16.827" classname="ApodGUI.EMSQueueMessages"/>
  <testcase name="ClearAllMessagesFromQueue" time="23.993" classname="ApodGUI.EMSQueueMessages"/>
  <testcase name="Logout" time="11.420" classname="ApodGUI.EMSQueueMessages"/>
</testsuite> <!-- ApodGUI.EMSQueueMessages -->
