<?xml version="1.0" encoding="UTF-8"?>
<!-- Generated by org.testng.reporters.JUnitReportReporter -->
<testsuite skipped="0" hostname="DESKTOP-E1JT2VR" name="ApodGUI.QueueProperties" tests="6" failures="0" timestamp="24 Mar 2020 09:57:52 GMT" time="347.945" errors="0">
  <testcase name="Login" time="61.640" classname="ApodGUI.QueueProperties"/>
  <testcase name="PutMessageInInhibitedQueue" time="58.558" classname="ApodGUI.QueueProperties"/>
  <testcase name="GetMessageFromInhibitedQueue" time="56.855" classname="ApodGUI.QueueProperties"/>
  <testcase name="MaximumQueueDepth" time="70.828" classname="ApodGUI.QueueProperties"/>
  <testcase name="MessageLength" time="76.696" classname="ApodGUI.QueueProperties"/>
  <testcase name="Logout" time="23.368" classname="ApodGUI.QueueProperties"/>
</testsuite> <!-- ApodGUI.QueueProperties -->
