<?xml version="1.0" encoding="UTF-8"?>
<!-- Generated by org.testng.reporters.JUnitReportReporter -->
<testsuite skipped="0" hostname="DESKTOP-E1JT2VR" name="ApodGUI.TopicViewlet" tests="6" failures="0" timestamp="27 Sep 2019 13:27:59 GMT" time="144.090" errors="0">
  <testcase name="Login" time="41.552" classname="ApodGUI.TopicViewlet"/>
  <testcase name="AddTopicViewlet" time="22.854" classname="ApodGUI.TopicViewlet"/>
  <testcase name="AddToFavoriteViewlet" time="22.700" classname="ApodGUI.TopicViewlet"/>
  <testcase name="MultipleProperties" time="37.431" classname="ApodGUI.TopicViewlet"/>
  <testcase name="AddToFavoriteForMultipleTopics" time="16.895" classname="ApodGUI.TopicViewlet"/>
  <testcase name="Logout" time="2.658" classname="ApodGUI.TopicViewlet"/>
</testsuite> <!-- ApodGUI.TopicViewlet -->
