<?xml version="1.0" encoding="UTF-8"?>
<!-- Generated by org.testng.reporters.JUnitReportReporter -->
<testsuite skipped="0" hostname="DESKTOP-E1JT2VR" name="ApodGUI.AuthorizationInfoViewlet" tests="8" failures="0" timestamp="29 Aug 2019 09:50:19 GMT" time="129.033" errors="0">
  <testcase name="Login" time="27.566" classname="ApodGUI.AuthorizationInfoViewlet"/>
  <testcase name="AddAuthInfoViewlet" time="12.059" classname="ApodGUI.AuthorizationInfoViewlet"/>
  <testcase name="AuthInfoEvents" time="19.403" classname="ApodGUI.AuthorizationInfoViewlet"/>
  <testcase name="AddToFavoriteViewlet" time="15.650" classname="ApodGUI.AuthorizationInfoViewlet"/>
  <testcase name="CompareAuthInfo" time="3.847" classname="ApodGUI.AuthorizationInfoViewlet"/>
  <testcase name="AddToFavoriteForMultipleAuthInfo" time="12.609" classname="ApodGUI.AuthorizationInfoViewlet"/>
  <testcase name="ShowObjectAttributesForAuthInfo" time="34.930" classname="ApodGUI.AuthorizationInfoViewlet"/>
  <testcase name="Logout" time="2.969" classname="ApodGUI.AuthorizationInfoViewlet"/>
</testsuite> <!-- ApodGUI.AuthorizationInfoViewlet -->
