<?xml version="1.0" encoding="UTF-8"?>
<!-- Generated by org.testng.reporters.JUnitReportReporter -->
<testsuite skipped="0" hostname="DESKTOP-E1JT2VR" name="ApodGUI.ProcessViewlet" tests="6" failures="0" timestamp="03 Sep 2019 12:02:39 GMT" time="104.694" errors="0">
  <testcase name="Login" time="34.678" classname="ApodGUI.ProcessViewlet"/>
  <testcase name="AddProcessViewlet" time="4.304" classname="ApodGUI.ProcessViewlet"/>
  <testcase name="CopyAsFromCommandsForMultipleProcess" time="9.703" classname="ApodGUI.ProcessViewlet"/>
  <testcase name="RenameFromCommandsForMultipleProcess" time="20.208" classname="ApodGUI.ProcessViewlet"/>
  <testcase name="DeleteFromCommandsForMultipleProcess" time="21.275" classname="ApodGUI.ProcessViewlet"/>
  <testcase name="Logout" time="14.526" classname="ApodGUI.ProcessViewlet"/>
</testsuite> <!-- ApodGUI.ProcessViewlet -->
