<?xml version="1.0" encoding="UTF-8"?>
<!-- Generated by org.testng.reporters.JUnitReportReporter -->
<testsuite hostname="DESKTOP-7T1JQ3H" name="ApodGUI.ListeningPort_19426" tests="2" failures="0" timestamp="21 May 2019 08:01:46 GMT" time="37.037" errors="0">
  <testcase name="Login" time="17.493" classname="ApodGUI.ListeningPort_19426"/>
  <testcase name="Login" time="19.544" classname="ApodGUI.ListeningPort_19426"/>
</testsuite> <!-- ApodGUI.ListeningPort_19426 -->
