<?xml version="1.0" encoding="UTF-8"?>
<!-- Generated by org.testng.reporters.JUnitReportReporter -->
<testsuite skipped="0" hostname="DESKTOP-E1JT2VR" name="ApodGUI.SubscriptionViewlet" tests="4" failures="0" timestamp="16 Jan 2020 06:35:48 GMT" time="69.742" errors="0">
  <testcase name="Login" time="38.430" classname="ApodGUI.SubscriptionViewlet"/>
  <testcase name="AddSubscriptionViewlet" time="8.988" classname="ApodGUI.SubscriptionViewlet"/>
  <testcase name="CompareSubscription" time="19.488" classname="ApodGUI.SubscriptionViewlet"/>
  <testcase name="Logout" time="2.836" classname="ApodGUI.SubscriptionViewlet"/>
</testsuite> <!-- ApodGUI.SubscriptionViewlet -->
