<?xml version="1.0" encoding="UTF-8"?>
<!-- Generated by org.testng.reporters.JUnitReportReporter -->
<testsuite skipped="0" hostname="DESKTOP-E1JT2VR" name="ApodGUI.TemporaryViewlet" tests="4" failures="0" timestamp="16 Jan 2020 08:13:30 GMT" time="110.323" errors="0">
  <testcase name="Login" time="23.590" classname="ApodGUI.TemporaryViewlet"/>
  <testcase name="CreateTemporaryViewletUsingDirectOption" time="38.247" classname="ApodGUI.TemporaryViewlet"/>
  <testcase name="CreateTemporaryViewletUsingTemporaryViewletCheckbox" time="42.140" classname="ApodGUI.TemporaryViewlet"/>
  <testcase name="Logout" time="6.346" classname="ApodGUI.TemporaryViewlet"/>
</testsuite> <!-- ApodGUI.TemporaryViewlet -->
