<?xml version="1.0" encoding="UTF-8"?>
<!-- Generated by org.testng.reporters.JUnitReportReporter -->
<testsuite skipped="0" hostname="DESKTOP-E1JT2VR" name="ApodGUI.DurableViewlet" tests="4" failures="0" timestamp="17 Sep 2019 09:44:57 GMT" time="106.016" errors="0">
  <testcase name="Login" time="25.428" classname="ApodGUI.DurableViewlet"/>
  <testcase name="AddDurableViewlet" time="12.104" classname="ApodGUI.DurableViewlet"/>
  <testcase name="MultipleProperties" time="56.229" classname="ApodGUI.DurableViewlet"/>
  <testcase name="Logout" time="12.255" classname="ApodGUI.DurableViewlet"/>
</testsuite> <!-- ApodGUI.DurableViewlet -->
