<?xml version="1.0" encoding="UTF-8"?>
<!-- Generated by org.testng.reporters.JUnitReportReporter -->
<testsuite skipped="0" hostname="DESKTOP-E1JT2VR" name="ApodGUI.WorkgroupServer" tests="13" failures="0" timestamp="29 Aug 2019 06:58:29 GMT" time="222.885" errors="0">
  <testcase name="Login" time="20.963" classname="ApodGUI.WorkgroupServer"/>
  <testcase name="AddWorkgroupFromPlusIcon" time="13.299" classname="ApodGUI.WorkgroupServer"/>
  <testcase name="EditWorkgroup" time="21.131" classname="ApodGUI.WorkgroupServer"/>
  <testcase name="DeleteWorkgroup" time="13.159" classname="ApodGUI.WorkgroupServer"/>
  <testcase name="AddNode" time="20.339" classname="ApodGUI.WorkgroupServer"/>
  <testcase name="AddRemoteQueueManager" time="15.225" classname="ApodGUI.WorkgroupServer"/>
  <testcase name="ModifyRemoteQueueManager" time="12.847" classname="ApodGUI.WorkgroupServer"/>
  <testcase name="DeleteRemoteQueueManager" time="14.253" classname="ApodGUI.WorkgroupServer"/>
  <testcase name="AddRemoteEMSManager" time="14.543" classname="ApodGUI.WorkgroupServer"/>
  <testcase name="ModifyRemoteEMSServer" time="12.070" classname="ApodGUI.WorkgroupServer"/>
  <testcase name="DeleteRemoteEMSServer" time="15.449" classname="ApodGUI.WorkgroupServer"/>
  <testcase name="SearchFilter" time="30.852" classname="ApodGUI.WorkgroupServer"/>
  <testcase name="Logout" time="18.755" classname="ApodGUI.WorkgroupServer"/>
</testsuite> <!-- ApodGUI.WorkgroupServer -->
