<?xml version="1.0" encoding="UTF-8"?>
<!-- Generated by org.testng.reporters.JUnitReportReporter -->
<testsuite skipped="0" hostname="DESKTOP-E1JT2VR" name="ApodGUI.CreateViewletTypesFromViewletButton" tests="9" failures="0" timestamp="10 Mar 2020 13:02:42 GMT" time="90.784" errors="0">
  <testcase name="Login" time="23.716" classname="ApodGUI.CreateViewletTypesFromViewletButton"/>
  <testcase name="CreateViewletUsingObjectCheckbox" time="2.839" classname="ApodGUI.CreateViewletTypesFromViewletButton"/>
  <testcase name="CreateATemporaryViewletUsingSearchCheckbox" time="19.821" classname="ApodGUI.CreateViewletTypesFromViewletButton"/>
  <testcase name="CreateFavoriteViewletUsingCheckbox" time="3.501" classname="ApodGUI.CreateViewletTypesFromViewletButton"/>
  <testcase name="OpenAnExistingCheckbox" time="1.608" classname="ApodGUI.CreateViewletTypesFromViewletButton"/>
  <testcase name="CreateTemporaryViewletUsingTemporaryViewletCheckbox" time="25.252" classname="ApodGUI.CreateViewletTypesFromViewletButton"/>
  <testcase name="EditViewletOption" time="4.453" classname="ApodGUI.CreateViewletTypesFromViewletButton"/>
  <testcase name="DeleteViewletOption" time="6.759" classname="ApodGUI.CreateViewletTypesFromViewletButton"/>
  <testcase name="Logout" time="2.835" classname="ApodGUI.CreateViewletTypesFromViewletButton"/>
</testsuite> <!-- ApodGUI.CreateViewletTypesFromViewletButton -->
