<?xml version="1.0" encoding="UTF-8"?>
<!-- Generated by org.testng.reporters.JUnitReportReporter -->
<testsuite hostname="DESKTOP-7T1JQ3H" name="ApodGUI.EMSAdminRoles_19996" tests="6" failures="0" timestamp="21 May 2019 08:01:46 GMT" time="39.461" errors="0">
  <testcase name="Logout" time="0.282" classname="ApodGUI.EMSAdminRoles_19996"/>
  <testcase name="EMSRole" time="4.610" classname="ApodGUI.EMSAdminRoles_19996"/>
  <testcase name="Login" time="14.663" classname="ApodGUI.EMSAdminRoles_19996"/>
  <testcase name="Logout" time="0.265" classname="ApodGUI.EMSAdminRoles_19996"/>
  <testcase name="Login" time="15.004" classname="ApodGUI.EMSAdminRoles_19996"/>
  <testcase name="EMSRole" time="4.637" classname="ApodGUI.EMSAdminRoles_19996"/>
</testsuite> <!-- ApodGUI.EMSAdminRoles_19996 -->
