<?xml version="1.0" encoding="UTF-8"?>
<!-- Generated by org.testng.reporters.JUnitReportReporter -->
<testsuite skipped="0" hostname="DESKTOP-E1JT2VR" name="ApodGUI.ClusterQueueManager" tests="5" failures="0" timestamp="30 Aug 2019 06:13:35 GMT" time="63.415" errors="0">
  <testcase name="Login" time="19.249" classname="ApodGUI.ClusterQueueManager"/>
  <testcase name="AddClusterQueueManagerViewlet" time="12.914" classname="ApodGUI.ClusterQueueManager"/>
  <testcase name="AddToFavoriteViewlet" time="15.643" classname="ApodGUI.ClusterQueueManager"/>
  <testcase name="AddToFavoriteForMultipleClusterQMs" time="5.194" classname="ApodGUI.ClusterQueueManager"/>
  <testcase name="Logout" time="10.415" classname="ApodGUI.ClusterQueueManager"/>
</testsuite> <!-- ApodGUI.ClusterQueueManager -->
