<?xml version="1.0" encoding="UTF-8"?>
<!-- Generated by org.testng.reporters.JUnitReportReporter -->
<testsuite skipped="0" hostname="DESKTOP-E1JT2VR" name="ApodGUI.ServiceViewlet" tests="4" failures="0" timestamp="14 Jan 2020 12:08:21 GMT" time="101.295" errors="0">
  <testcase name="Login" time="39.978" classname="ApodGUI.ServiceViewlet"/>
  <testcase name="AddServiceViewlet" time="21.560" classname="ApodGUI.ServiceViewlet"/>
  <testcase name="ShowObjectAttributesForService" time="36.787" classname="ApodGUI.ServiceViewlet"/>
  <testcase name="Logout" time="2.970" classname="ApodGUI.ServiceViewlet"/>
</testsuite> <!-- ApodGUI.ServiceViewlet -->
