<?xml version="1.0" encoding="UTF-8"?>
<!-- Generated by org.testng.reporters.JUnitReportReporter -->
<testsuite hostname="DESKTOP-7T1JQ3H" name="ApodGUI.AutoLogin19862" tests="3" failures="0" timestamp="19 Jun 2019 07:13:35 GMT" time="19.335" errors="0">
  <testcase name="LoginUser" time="1.059" classname="ApodGUI.AutoLogin19862"/>
  <testcase name="Logout" time="0.374" classname="ApodGUI.AutoLogin19862"/>
  <testcase name="Login" time="17.902" classname="ApodGUI.AutoLogin19862"/>
</testsuite> <!-- ApodGUI.AutoLogin19862 -->
