<?xml version="1.0" encoding="UTF-8"?>
<!-- Generated by org.testng.reporters.JUnitReportReporter -->
<testsuite skipped="0" hostname="DESKTOP-E1JT2VR" name="ApodGUI.EMSChannels" tests="8" failures="0" timestamp="22 Jan 2020 10:29:45 GMT" time="216.760" errors="0">
  <testcase name="Login" time="31.180" classname="ApodGUI.EMSChannels"/>
  <testcase name="Events" time="11.464" classname="ApodGUI.EMSChannels"/>
  <testcase name="AddToFavorites" time="33.845" classname="ApodGUI.EMSChannels"/>
  <testcase name="ComapareChannels" time="22.218" classname="ApodGUI.EMSChannels"/>
  <testcase name="CheckDifferencesForEMSChannels" time="36.223" classname="ApodGUI.EMSChannels"/>
  <testcase name="AddToFavoriteForMultipleChannels" time="21.843" classname="ApodGUI.EMSChannels"/>
  <testcase name="ShowObjectAttributes" time="39.115" classname="ApodGUI.EMSChannels"/>
  <testcase name="Logout" time="20.872" classname="ApodGUI.EMSChannels"/>
</testsuite> <!-- ApodGUI.EMSChannels -->
