<?xml version="1.0" encoding="UTF-8"?>
<!-- Generated by org.testng.reporters.JUnitReportReporter -->
<testsuite skipped="0" hostname="DESKTOP-E1JT2VR" name="ApodGUI.ProcessViewlet" tests="18" failures="0" timestamp="10 Sep 2019 09:45:10 GMT" time="416.940" errors="0">
  <testcase name="Login" time="33.989" classname="ApodGUI.ProcessViewlet"/>
  <testcase name="AddProcessViewlet" time="13.718" classname="ApodGUI.ProcessViewlet"/>
  <testcase name="CreateProcessFromPlusIcon" time="31.692" classname="ApodGUI.ProcessViewlet"/>
  <testcase name="CopyAsFromCommands" time="25.352" classname="ApodGUI.ProcessViewlet"/>
  <testcase name="RenameFromCommands" time="34.679" classname="ApodGUI.ProcessViewlet"/>
  <testcase name="DeleteFromCommands" time="19.304" classname="ApodGUI.ProcessViewlet"/>
  <testcase name="CreateProcess" time="33.647" classname="ApodGUI.ProcessViewlet"/>
  <testcase name="Properties" time="11.992" classname="ApodGUI.ProcessViewlet"/>
  <testcase name="ProcessEvents" time="11.293" classname="ApodGUI.ProcessViewlet"/>
  <testcase name="AddToFavoriteViewlet" time="17.976" classname="ApodGUI.ProcessViewlet"/>
  <testcase name="CompareProcessNames" time="14.442" classname="ApodGUI.ProcessViewlet"/>
  <testcase name="CopyAsFromCommandsForMultipleProcess" time="31.804" classname="ApodGUI.ProcessViewlet"/>
  <testcase name="RenameFromCommandsForMultipleProcess" time="34.980" classname="ApodGUI.ProcessViewlet"/>
  <testcase name="DeleteFromCommandsForMultipleProcess" time="23.000" classname="ApodGUI.ProcessViewlet"/>
  <testcase name="MultipleProperties" time="19.451" classname="ApodGUI.ProcessViewlet"/>
  <testcase name="AddToFavoriteForMultipleProcess" time="5.097" classname="ApodGUI.ProcessViewlet"/>
  <testcase name="ShowObjectAttributesForProcess" time="42.336" classname="ApodGUI.ProcessViewlet"/>
  <testcase name="Logout" time="12.188" classname="ApodGUI.ProcessViewlet"/>
</testsuite> <!-- ApodGUI.ProcessViewlet -->
