<?xml version="1.0" encoding="UTF-8"?>
<!-- Generated by org.testng.reporters.JUnitReportReporter -->
<testsuite skipped="0" hostname="DESKTOP-E1JT2VR" name="ApodGUI.ListenerViewlet" tests="18" failures="0" timestamp="17 Sep 2019 05:54:24 GMT" time="524.353" errors="0">
  <testcase name="Login" time="38.396" classname="ApodGUI.ListenerViewlet"/>
  <testcase name="AddListenerViewlet" time="16.990" classname="ApodGUI.ListenerViewlet"/>
  <testcase name="CreateListener" time="39.199" classname="ApodGUI.ListenerViewlet"/>
  <testcase name="CopyAsFromCommands" time="36.812" classname="ApodGUI.ListenerViewlet"/>
  <testcase name="RenameFromCommands" time="41.532" classname="ApodGUI.ListenerViewlet"/>
  <testcase name="DeleteFromCommands" time="24.043" classname="ApodGUI.ListenerViewlet"/>
  <testcase name="ListenerProperties" time="13.730" classname="ApodGUI.ListenerViewlet"/>
  <testcase name="ListenerEvents" time="10.255" classname="ApodGUI.ListenerViewlet"/>
  <testcase name="AddToFavoriteViewlet" time="7.791" classname="ApodGUI.ListenerViewlet"/>
  <testcase name="CompareListeners" time="11.325" classname="ApodGUI.ListenerViewlet"/>
  <testcase name="CreateListenerFromPlusIcon" time="84.948" classname="ApodGUI.ListenerViewlet"/>
  <testcase name="CopyAsFromCommandsForMultiple" time="39.525" classname="ApodGUI.ListenerViewlet"/>
  <testcase name="RenameFromCommandsForMultiple" time="39.982" classname="ApodGUI.ListenerViewlet"/>
  <testcase name="DeleteFromCommandsForMultiple" time="29.040" classname="ApodGUI.ListenerViewlet"/>
  <testcase name="ListenerMultipleProperties" time="21.648" classname="ApodGUI.ListenerViewlet"/>
  <testcase name="AddToFavoriteForMultipleListeners" time="5.239" classname="ApodGUI.ListenerViewlet"/>
  <testcase name="ShowObjectAttributesForListener" time="52.856" classname="ApodGUI.ListenerViewlet"/>
  <testcase name="Logout" time="11.042" classname="ApodGUI.ListenerViewlet"/>
</testsuite> <!-- ApodGUI.ListenerViewlet -->
