<?xml version="1.0" encoding="UTF-8"?>
<!-- Generated by org.testng.reporters.JUnitReportReporter -->
<testsuite skipped="0" hostname="DESKTOP-E1JT2VR" name="ApodGUI.EMSManagerViewlet" tests="5" failures="0" timestamp="24 Mar 2020 12:28:06 GMT" time="128.133" errors="0">
  <testcase name="Login" time="34.755" classname="ApodGUI.EMSManagerViewlet"/>
  <testcase name="EMSMQSCConsoleCommandOption" time="42.273" classname="ApodGUI.EMSManagerViewlet"/>
  <testcase name="SaveMQSCConsoleResponceData" time="22.303" classname="ApodGUI.EMSManagerViewlet"/>
  <testcase name="ClearMQSCConsoleResponceData" time="24.083" classname="ApodGUI.EMSManagerViewlet"/>
  <testcase name="Logout" time="4.719" classname="ApodGUI.EMSManagerViewlet"/>
</testsuite> <!-- ApodGUI.EMSManagerViewlet -->
