<?xml version="1.0" encoding="UTF-8"?>
<!-- Generated by org.testng.reporters.JUnitReportReporter -->
<testsuite skipped="0" hostname="DESKTOP-E1JT2VR" name="ApodGUI.AddSchemaToTheViewlet" tests="13" failures="0" timestamp="16 Jan 2020 07:07:47 GMT" time="270.530" errors="0">
  <testcase name="Login" time="36.925" classname="ApodGUI.AddSchemaToTheViewlet"/>
  <testcase name="AddNewDashboard" time="5.691" classname="ApodGUI.AddSchemaToTheViewlet"/>
  <testcase name="AddSchema" time="26.960" classname="ApodGUI.AddSchemaToTheViewlet"/>
  <testcase name="DeleteSchema" time="30.015" classname="ApodGUI.AddSchemaToTheViewlet"/>
  <testcase name="AddAllAttributesButton" time="25.946" classname="ApodGUI.AddSchemaToTheViewlet"/>
  <testcase name="RemoveAllAttributesButton" time="21.059" classname="ApodGUI.AddSchemaToTheViewlet"/>
  <testcase name="AddAttributesButton" time="18.928" classname="ApodGUI.AddSchemaToTheViewlet"/>
  <testcase name="RemoveAttributeButton" time="5.369" classname="ApodGUI.AddSchemaToTheViewlet"/>
  <testcase name="MoveToTopButton" time="16.738" classname="ApodGUI.AddSchemaToTheViewlet"/>
  <testcase name="MoveToBottomButton" time="18.549" classname="ApodGUI.AddSchemaToTheViewlet"/>
  <testcase name="MoveUpButton" time="21.829" classname="ApodGUI.AddSchemaToTheViewlet"/>
  <testcase name="MoveDownButton" time="22.343" classname="ApodGUI.AddSchemaToTheViewlet"/>
  <testcase name="Logout" time="20.178" classname="ApodGUI.AddSchemaToTheViewlet"/>
</testsuite> <!-- ApodGUI.AddSchemaToTheViewlet -->
