<?xml version="1.0" encoding="UTF-8"?>
<!-- Generated by org.testng.reporters.JUnitReportReporter -->
<testsuite skipped="0" hostname="DESKTOP-E1JT2VR" name="ApodGUI.TopicViewlet" tests="19" failures="0" timestamp="17 Feb 2020 12:55:42 GMT" time="988.529" errors="0">
  <testcase name="Login" time="50.075" classname="ApodGUI.TopicViewlet"/>
  <testcase name="AddTopicViewlet" time="20.332" classname="ApodGUI.TopicViewlet"/>
  <testcase name="CreateTopic" time="51.139" classname="ApodGUI.TopicViewlet"/>
  <testcase name="CopyAsFromCommands" time="50.187" classname="ApodGUI.TopicViewlet"/>
  <testcase name="DeleteFromCommands" time="35.279" classname="ApodGUI.TopicViewlet"/>
  <testcase name="PublishFromCommands" time="136.412" classname="ApodGUI.TopicViewlet"/>
  <testcase name="TopicProperties" time="28.569" classname="ApodGUI.TopicViewlet"/>
  <testcase name="TopicEvents" time="21.072" classname="ApodGUI.TopicViewlet"/>
  <testcase name="AddToFavoriteViewlet" time="30.841" classname="ApodGUI.TopicViewlet"/>
  <testcase name="CreateTopicFromPlusIcon" time="61.413" classname="ApodGUI.TopicViewlet"/>
  <testcase name="CompareTopics" time="23.465" classname="ApodGUI.TopicViewlet"/>
  <testcase name="CheckDifferencesForTopics" time="26.848" classname="ApodGUI.TopicViewlet"/>
  <testcase name="CopyAsFromCommandsForMultipleTopics" time="82.369" classname="ApodGUI.TopicViewlet"/>
  <testcase name="DeleteFromCommandsForMultipleTopics" time="36.594" classname="ApodGUI.TopicViewlet"/>
  <testcase name="PublishFromCommandsForMultipleTopics" time="181.119" classname="ApodGUI.TopicViewlet"/>
  <testcase name="MultipleProperties" time="54.591" classname="ApodGUI.TopicViewlet"/>
  <testcase name="AddToFavoriteForMultipleTopics" time="22.454" classname="ApodGUI.TopicViewlet"/>
  <testcase name="ShowObjectAttributesForTopic" time="54.797" classname="ApodGUI.TopicViewlet"/>
  <testcase name="Logout" time="20.973" classname="ApodGUI.TopicViewlet"/>
</testsuite> <!-- ApodGUI.TopicViewlet -->
