<?xml version="1.0" encoding="UTF-8"?>
<!-- Generated by org.testng.reporters.JUnitReportReporter -->
<testsuite skipped="0" hostname="DESKTOP-E1JT2VR" name="ApodGUI.QueueMessages" tests="7" failures="0" timestamp="28 Jan 2020 10:29:32 GMT" time="266.536" errors="0">
  <testcase name="Login" time="99.948" classname="ApodGUI.QueueMessages"/>
  <testcase name="PutNewMessageIntoQueue" time="44.007" classname="ApodGUI.QueueMessages"/>
  <testcase name="CopyAllMessagesFromOneQueueToAnotherQueue" time="30.239" classname="ApodGUI.QueueMessages"/>
  <testcase name="MoveAllMessagesFromOneQueueToAnotherQueue" time="27.669" classname="ApodGUI.QueueMessages"/>
  <testcase name="PutMessageUsingXMLFile" time="27.342" classname="ApodGUI.QueueMessages"/>
  <testcase name="PutHexMessageIntoQueue" time="17.399" classname="ApodGUI.QueueMessages"/>
  <testcase name="Logout" time="19.932" classname="ApodGUI.QueueMessages"/>
</testsuite> <!-- ApodGUI.QueueMessages -->
