<?xml version="1.0" encoding="UTF-8"?>
<!-- Generated by org.testng.reporters.JUnitReportReporter -->
<testsuite skipped="0" hostname="DESKTOP-E1JT2VR" name="ApodGUI.NameListViewlet" tests="8" failures="0" timestamp="26 Aug 2019 12:48:53 GMT" time="117.459" errors="0">
  <testcase name="Login" time="26.420" classname="ApodGUI.NameListViewlet"/>
  <testcase name="AddNameListViewlet" time="4.440" classname="ApodGUI.NameListViewlet"/>
  <testcase name="NameListEvents" time="9.177" classname="ApodGUI.NameListViewlet"/>
  <testcase name="AddToFavoriteViewlet" time="8.640" classname="ApodGUI.NameListViewlet"/>
  <testcase name="CompareNameLists" time="13.148" classname="ApodGUI.NameListViewlet"/>
  <testcase name="AddToFavoriteForMultipleNameLists" time="12.738" classname="ApodGUI.NameListViewlet"/>
  <testcase name="ShowObjectAttributesForNameList" time="32.119" classname="ApodGUI.NameListViewlet"/>
  <testcase name="Logout" time="10.777" classname="ApodGUI.NameListViewlet"/>
</testsuite> <!-- ApodGUI.NameListViewlet -->
