<?xml version="1.0" encoding="UTF-8"?>
<!-- Generated by org.testng.reporters.JUnitReportReporter -->
<testsuite skipped="0" hostname="DESKTOP-E1JT2VR" name="ApodGUI.QueueMessages" tests="9" failures="0" timestamp="14 Jan 2020 07:53:19 GMT" time="321.305" errors="0">
  <testcase name="Login" time="103.055" classname="ApodGUI.QueueMessages"/>
  <testcase name="CopyAllMessagesFromOneQueueToAnotherQueue" time="24.185" classname="ApodGUI.QueueMessages"/>
  <testcase name="MoveAllMessagesFromOneQueueToAnotherQueue" time="11.247" classname="ApodGUI.QueueMessages"/>
  <testcase name="DeleteAllMessagesFromQueue" time="33.927" classname="ApodGUI.QueueMessages"/>
  <testcase name="ClearAllMessagesFromQueue" time="29.228" classname="ApodGUI.QueueMessages"/>
  <testcase name="PutMessageUsingJsonFile" time="41.470" classname="ApodGUI.QueueMessages"/>
  <testcase name="PutMessageUsingXMLFile" time="40.338" classname="ApodGUI.QueueMessages"/>
  <testcase name="PutHexMessageIntoQueue" time="17.382" classname="ApodGUI.QueueMessages"/>
  <testcase name="Logout" time="20.473" classname="ApodGUI.QueueMessages"/>
</testsuite> <!-- ApodGUI.QueueMessages -->
