<?xml version="1.0" encoding="UTF-8"?>
<!-- Generated by org.testng.reporters.JUnitReportReporter -->
<testsuite skipped="0" hostname="DESKTOP-E1JT2VR" name="ApodGUI.NodeViewlet" tests="3" failures="0" timestamp="18 Sep 2019 12:01:03 GMT" time="54.224" errors="0">
  <testcase name="Login" time="36.683" classname="ApodGUI.NodeViewlet"/>
  <testcase name="DiscoverNow" time="14.577" classname="ApodGUI.NodeViewlet"/>
  <testcase name="Logout" time="2.964" classname="ApodGUI.NodeViewlet"/>
</testsuite> <!-- ApodGUI.NodeViewlet -->
