<?xml version="1.0" encoding="UTF-8"?>
<!-- Generated by org.testng.reporters.JUnitReportReporter -->
<testsuite hostname="DESKTOP-7T1JQ3H" name="ApodGUI.WorkgroupServer" tests="3" failures="0" timestamp="16 Aug 2019 09:29:44 GMT" time="35.539" errors="0">
  <testcase name="Logout" time="11.979" classname="ApodGUI.WorkgroupServer"/>
  <testcase name="Login" time="16.226" classname="ApodGUI.WorkgroupServer"/>
  <testcase name="AddWorkgroupFromPlusIcon" time="7.334" classname="ApodGUI.WorkgroupServer"/>
</testsuite> <!-- ApodGUI.WorkgroupServer -->
