<?xml version="1.0" encoding="UTF-8"?>
<!-- Generated by org.testng.reporters.JUnitReportReporter -->
<testsuite skipped="0" hostname="DESKTOP-E1JT2VR" name="ApodGUI.RouteViewlet" tests="12" failures="0" timestamp="16 Sep 2019 12:57:40 GMT" time="264.240" errors="0">
  <testcase name="Login" time="33.815" classname="ApodGUI.RouteViewlet"/>
  <testcase name="AddRouteViewlet" time="15.011" classname="ApodGUI.RouteViewlet"/>
  <testcase name="AddRouteFromPlusIcon" time="33.194" classname="ApodGUI.RouteViewlet"/>
  <testcase name="RouteStatus" time="14.975" classname="ApodGUI.RouteViewlet"/>
  <testcase name="Properties" time="19.600" classname="ApodGUI.RouteViewlet"/>
  <testcase name="RouteEvents" time="13.384" classname="ApodGUI.RouteViewlet"/>
  <testcase name="AddToFavoriteViewlet" time="16.494" classname="ApodGUI.RouteViewlet"/>
  <testcase name="CompareRoutes" time="14.737" classname="ApodGUI.RouteViewlet"/>
  <testcase name="MultipleProperties" time="37.906" classname="ApodGUI.RouteViewlet"/>
  <testcase name="AddToFavoriteForMultipleRoutes" time="4.691" classname="ApodGUI.RouteViewlet"/>
  <testcase name="ShowObjectAttributesForRoute" time="45.066" classname="ApodGUI.RouteViewlet"/>
  <testcase name="Logout" time="15.367" classname="ApodGUI.RouteViewlet"/>
</testsuite> <!-- ApodGUI.RouteViewlet -->
