<?xml version="1.0" encoding="UTF-8"?>
<!-- Generated by org.testng.reporters.JUnitReportReporter -->
<testsuite skipped="0" hostname="DESKTOP-E1JT2VR" name="ApodGUI.NameListViewlet" tests="5" failures="0" timestamp="21 Jan 2020 10:29:58 GMT" time="96.033" errors="0">
  <testcase name="Login" time="24.047" classname="ApodGUI.NameListViewlet"/>
  <testcase name="AddNameListViewlet" time="25.451" classname="ApodGUI.NameListViewlet"/>
  <testcase name="AddToFavoriteViewlet" time="7.962" classname="ApodGUI.NameListViewlet"/>
  <testcase name="AddToFavoriteForMultipleNameLists" time="20.688" classname="ApodGUI.NameListViewlet"/>
  <testcase name="Logout" time="17.885" classname="ApodGUI.NameListViewlet"/>
</testsuite> <!-- ApodGUI.NameListViewlet -->
