<?xml version="1.0" encoding="UTF-8"?>
<!-- Generated by org.testng.reporters.JUnitReportReporter -->
<testsuite skipped="0" hostname="DESKTOP-E1JT2VR" name="ApodGUI.CreateViewletTypesUsingViewletButton" tests="9" failures="0" timestamp="25 Mar 2020 11:01:45 GMT" time="288.839" errors="0">
  <testcase name="Login" time="80.729" classname="ApodGUI.CreateViewletTypesUsingViewletButton"/>
  <testcase name="CreateViewletUsingObjectCheckbox" time="22.409" classname="ApodGUI.CreateViewletTypesUsingViewletButton"/>
  <testcase name="CreateATemporaryViewletUsingSearchCheckbox" time="26.573" classname="ApodGUI.CreateViewletTypesUsingViewletButton"/>
  <testcase name="CreateFavoriteViewletUsingCheckbox" time="23.370" classname="ApodGUI.CreateViewletTypesUsingViewletButton"/>
  <testcase name="OpenAnExistingCheckbox" time="23.733" classname="ApodGUI.CreateViewletTypesUsingViewletButton"/>
  <testcase name="CreateTemporaryViewletUsingTemporaryViewletCheckbox" time="46.538" classname="ApodGUI.CreateViewletTypesUsingViewletButton"/>
  <testcase name="EditViewletOption" time="26.547" classname="ApodGUI.CreateViewletTypesUsingViewletButton"/>
  <testcase name="DeleteViewletOption" time="8.823" classname="ApodGUI.CreateViewletTypesUsingViewletButton"/>
  <testcase name="Logout" time="30.117" classname="ApodGUI.CreateViewletTypesUsingViewletButton"/>
</testsuite> <!-- ApodGUI.CreateViewletTypesUsingViewletButton -->
