<?xml version="1.0" encoding="UTF-8"?>
<!-- Generated by org.testng.reporters.JUnitReportReporter -->
<testsuite skipped="0" hostname="DESKTOP-E1JT2VR" name="ApodGUI.TopicViewlet" tests="17" failures="0" timestamp="14 Jan 2020 10:59:33 GMT" time="555.998" errors="0">
  <testcase name="Login" time="49.783" classname="ApodGUI.TopicViewlet"/>
  <testcase name="AddTopicViewlet" time="24.110" classname="ApodGUI.TopicViewlet"/>
  <testcase name="CreateTopic" time="46.063" classname="ApodGUI.TopicViewlet"/>
  <testcase name="CopyAsFromCommands" time="31.403" classname="ApodGUI.TopicViewlet"/>
  <testcase name="DeleteFromCommands" time="31.775" classname="ApodGUI.TopicViewlet"/>
  <testcase name="TopicProperties" time="24.499" classname="ApodGUI.TopicViewlet"/>
  <testcase name="TopicEvents" time="25.459" classname="ApodGUI.TopicViewlet"/>
  <testcase name="AddToFavoriteViewlet" time="24.568" classname="ApodGUI.TopicViewlet"/>
  <testcase name="CreateTopicFromPlusIcon" time="36.457" classname="ApodGUI.TopicViewlet"/>
  <testcase name="CompareTopics" time="27.717" classname="ApodGUI.TopicViewlet"/>
  <testcase name="CheckDifferencesForTopics" time="25.306" classname="ApodGUI.TopicViewlet"/>
  <testcase name="CopyAsFromCommandsForMultipleTopics" time="37.598" classname="ApodGUI.TopicViewlet"/>
  <testcase name="DeleteFromCommandsForMultipleTopics" time="33.326" classname="ApodGUI.TopicViewlet"/>
  <testcase name="MultipleProperties" time="55.984" classname="ApodGUI.TopicViewlet"/>
  <testcase name="AddToFavoriteForMultipleTopics" time="19.504" classname="ApodGUI.TopicViewlet"/>
  <testcase name="ShowObjectAttributesForTopic" time="59.566" classname="ApodGUI.TopicViewlet"/>
  <testcase name="Logout" time="2.880" classname="ApodGUI.TopicViewlet"/>
</testsuite> <!-- ApodGUI.TopicViewlet -->
