<?xml version="1.0" encoding="UTF-8"?>
<!-- Generated by org.testng.reporters.JUnitReportReporter -->
<testsuite skipped="0" hostname="DESKTOP-E1JT2VR" name="ApodGUI.RouteViewlet" tests="5" failures="0" timestamp="12 Nov 2019 09:59:41 GMT" time="123.369" errors="0">
  <testcase name="Login" time="26.631" classname="ApodGUI.RouteViewlet"/>
  <testcase name="AddRouteViewlet" time="20.070" classname="ApodGUI.RouteViewlet"/>
  <testcase name="AddRouteFromPlusIcon" time="24.940" classname="ApodGUI.RouteViewlet"/>
  <testcase name="DeleteCommand" time="35.311" classname="ApodGUI.RouteViewlet"/>
  <testcase name="Logout" time="16.417" classname="ApodGUI.RouteViewlet"/>
</testsuite> <!-- ApodGUI.RouteViewlet -->
