<?xml version="1.0" encoding="UTF-8"?>
<!-- Generated by org.testng.reporters.JUnitReportReporter -->
<testsuite skipped="0" hostname="DESKTOP-E1JT2VR" name="ApodGUI.ManagerViewlet" tests="17" failures="0" timestamp="16 Sep 2019 12:57:40 GMT" time="554.006" errors="0">
  <testcase name="Login" time="30.178" classname="ApodGUI.ManagerViewlet"/>
  <testcase name="AddNewManagerFromIcon" time="59.832" classname="ApodGUI.ManagerViewlet"/>
  <testcase name="ShowTopology" time="20.796" classname="ApodGUI.ManagerViewlet"/>
  <testcase name="Security" time="20.756" classname="ApodGUI.ManagerViewlet"/>
  <testcase name="ViewErrorLogs" time="21.121" classname="ApodGUI.ManagerViewlet"/>
  <testcase name="Properties" time="13.666" classname="ApodGUI.ManagerViewlet"/>
  <testcase name="MQSCConsole" time="25.020" classname="ApodGUI.ManagerViewlet"/>
  <testcase name="DiscoverNow" time="17.266" classname="ApodGUI.ManagerViewlet"/>
  <testcase name="Events" time="13.011" classname="ApodGUI.ManagerViewlet"/>
  <testcase name="AddToFavorites" time="16.677" classname="ApodGUI.ManagerViewlet"/>
  <testcase name="CompareManagers" time="13.264" classname="ApodGUI.ManagerViewlet"/>
  <testcase name="MultipleManagersProperties" time="39.721" classname="ApodGUI.ManagerViewlet"/>
  <testcase name="AddToFavoriteForMultipleManagers" time="18.986" classname="ApodGUI.ManagerViewlet"/>
  <testcase name="CreateQueueManagerFromOptions" time="42.700" classname="ApodGUI.ManagerViewlet"/>
  <testcase name="SearchFilter" time="12.971" classname="ApodGUI.ManagerViewlet"/>
  <testcase name="ShowObjectAttributes" time="177.834" classname="ApodGUI.ManagerViewlet"/>
  <testcase name="Logout" time="10.207" classname="ApodGUI.ManagerViewlet"/>
</testsuite> <!-- ApodGUI.ManagerViewlet -->
