<?xml version="1.0" encoding="UTF-8"?>
<!-- Generated by org.testng.reporters.JUnitReportReporter -->
<testsuite skipped="0" hostname="DESKTOP-E1JT2VR" name="ApodGUI.AuthorizationInfoViewlet" tests="8" failures="0" timestamp="16 Sep 2019 12:57:40 GMT" time="145.029" errors="0">
  <testcase name="Login" time="24.957" classname="ApodGUI.AuthorizationInfoViewlet"/>
  <testcase name="AddAuthInfoViewlet" time="17.419" classname="ApodGUI.AuthorizationInfoViewlet"/>
  <testcase name="AuthInfoEvents" time="19.948" classname="ApodGUI.AuthorizationInfoViewlet"/>
  <testcase name="AddToFavoriteViewlet" time="15.850" classname="ApodGUI.AuthorizationInfoViewlet"/>
  <testcase name="CompareAuthInfo" time="12.024" classname="ApodGUI.AuthorizationInfoViewlet"/>
  <testcase name="AddToFavoriteForMultipleAuthInfo" time="12.914" classname="ApodGUI.AuthorizationInfoViewlet"/>
  <testcase name="ShowObjectAttributesForAuthInfo" time="26.888" classname="ApodGUI.AuthorizationInfoViewlet"/>
  <testcase name="Logout" time="15.029" classname="ApodGUI.AuthorizationInfoViewlet"/>
</testsuite> <!-- ApodGUI.AuthorizationInfoViewlet -->
