<?xml version="1.0" encoding="UTF-8"?>
<!-- Generated by org.testng.reporters.JUnitReportReporter -->
<testsuite skipped="0" hostname="DESKTOP-E1JT2VR" name="ApodGUI.RouteViewlet" tests="4" failures="0" timestamp="07 Jan 2020 12:01:26 GMT" time="104.099" errors="0">
  <testcase name="Login" time="42.302" classname="ApodGUI.RouteViewlet"/>
  <testcase name="AddRouteViewlet" time="7.087" classname="ApodGUI.RouteViewlet"/>
  <testcase name="ShowObjectAttributesForRoute" time="51.719" classname="ApodGUI.RouteViewlet"/>
  <testcase name="Logout" time="2.991" classname="ApodGUI.RouteViewlet"/>
</testsuite> <!-- ApodGUI.RouteViewlet -->
