<?xml version="1.0" encoding="UTF-8"?>
<!-- Generated by org.testng.reporters.JUnitReportReporter -->
<testsuite skipped="0" hostname="DESKTOP-E1JT2VR" name="ApodGUI.NavigatorSettings" tests="4" failures="0" timestamp="23 Sep 2019 11:12:13 GMT" time="90.083" errors="0">
  <testcase name="Login" time="36.614" classname="ApodGUI.NavigatorSettings"/>
  <testcase name="ShowInActiveChannelsCheckbox" time="19.222" classname="ApodGUI.NavigatorSettings"/>
  <testcase name="ShowEmptyQueuesCheckbox" time="19.639" classname="ApodGUI.NavigatorSettings"/>
  <testcase name="Logout" time="14.608" classname="ApodGUI.NavigatorSettings"/>
</testsuite> <!-- ApodGUI.NavigatorSettings -->
