<?xml version="1.0" encoding="UTF-8"?>
<!-- Generated by org.testng.reporters.JUnitReportReporter -->
<testsuite skipped="0" hostname="DESKTOP-E1JT2VR" name="ApodGUI.AttributeFilterCondition" tests="4" failures="0" timestamp="23 Jan 2020 06:52:22 GMT" time="80.582" errors="0">
  <testcase name="Login" time="21.237" classname="ApodGUI.AttributeFilterCondition"/>
  <testcase name="AddDashboard" time="5.550" classname="ApodGUI.AttributeFilterCondition"/>
  <testcase name="AddAttributeFilterCondition" time="29.893" classname="ApodGUI.AttributeFilterCondition"/>
  <testcase name="Logout" time="23.902" classname="ApodGUI.AttributeFilterCondition"/>
</testsuite> <!-- ApodGUI.AttributeFilterCondition -->
