<?xml version="1.0" encoding="UTF-8"?>
<!-- Generated by org.testng.reporters.JUnitReportReporter -->
<testsuite skipped="0" hostname="DESKTOP-E1JT2VR" name="ApodGUI.TopicViewlet" tests="7" failures="0" timestamp="11 Sep 2019 12:18:38 GMT" time="147.872" errors="0">
  <testcase name="Login" time="38.770" classname="ApodGUI.TopicViewlet"/>
  <testcase name="AddTopicViewlet" time="5.268" classname="ApodGUI.TopicViewlet"/>
  <testcase name="CreateTopicFromPlusIcon" time="26.192" classname="ApodGUI.TopicViewlet"/>
  <testcase name="CompareTopics" time="14.142" classname="ApodGUI.TopicViewlet"/>
  <testcase name="CopyAsFromCommandsForMultipleTopics" time="31.345" classname="ApodGUI.TopicViewlet"/>
  <testcase name="DeleteFromCommandsForMultipleTopics" time="16.537" classname="ApodGUI.TopicViewlet"/>
  <testcase name="Logout" time="15.618" classname="ApodGUI.TopicViewlet"/>
</testsuite> <!-- ApodGUI.TopicViewlet -->
