<?xml version="1.0" encoding="UTF-8"?>
<!-- Generated by org.testng.reporters.JUnitReportReporter -->
<testsuite skipped="0" hostname="DESKTOP-E1JT2VR" name="ApodGUI.ChannelViewlet" tests="3" failures="0" timestamp="21 Jan 2020 09:23:32 GMT" time="98.308" errors="0">
  <testcase name="Login" time="43.747" classname="ApodGUI.ChannelViewlet"/>
  <testcase name="CreateChannelFromIcon" time="51.672" classname="ApodGUI.ChannelViewlet"/>
  <testcase name="Logout" time="2.889" classname="ApodGUI.ChannelViewlet"/>
</testsuite> <!-- ApodGUI.ChannelViewlet -->
