<?xml version="1.0" encoding="UTF-8"?>
<!-- Generated by org.testng.reporters.JUnitReportReporter -->
<testsuite skipped="0" hostname="DESKTOP-E1JT2VR" name="ApodGUI.SearchCriteria" tests="4" failures="0" timestamp="30 Sep 2019 08:26:25 GMT" time="87.518" errors="0">
  <testcase name="Login" time="23.466" classname="ApodGUI.SearchCriteria"/>
  <testcase name="PutAmessageIntoQueue" time="33.716" classname="ApodGUI.SearchCriteria"/>
  <testcase name="AddSearchCriteriaCondition" time="16.425" classname="ApodGUI.SearchCriteria"/>
  <testcase name="Logout" time="13.911" classname="ApodGUI.SearchCriteria"/>
</testsuite> <!-- ApodGUI.SearchCriteria -->
