<?xml version="1.0" encoding="UTF-8"?>
<!-- Generated by org.testng.reporters.JUnitReportReporter -->
<testsuite skipped="0" hostname="DESKTOP-E1JT2VR" name="ApodGUI.QueueMessages" tests="4" failures="0" timestamp="18 Sep 2019 12:04:12 GMT" time="132.948" errors="0">
  <testcase name="Login" time="97.305" classname="ApodGUI.QueueMessages"/>
  <testcase name="PutNewMessageIntoQueue" time="20.140" classname="ApodGUI.QueueMessages"/>
  <testcase name="LoadFromFile" time="13.007" classname="ApodGUI.QueueMessages"/>
  <testcase name="Logout" time="2.496" classname="ApodGUI.QueueMessages"/>
</testsuite> <!-- ApodGUI.QueueMessages -->
