<?xml version="1.0" encoding="UTF-8"?>
<!-- Generated by org.testng.reporters.JUnitReportReporter -->
<testsuite skipped="0" hostname="DESKTOP-E1JT2VR" name="ApodGUI.ClusterQueueManager" tests="8" failures="0" timestamp="08 Nov 2019 08:08:32 GMT" time="251.627" errors="0">
  <testcase name="Login" time="46.700" classname="ApodGUI.ClusterQueueManager"/>
  <testcase name="AddClusterQueueManagerViewlet" time="9.730" classname="ApodGUI.ClusterQueueManager"/>
  <testcase name="ClusterQMEvents" time="25.022" classname="ApodGUI.ClusterQueueManager"/>
  <testcase name="AddToFavoriteViewlet" time="8.487" classname="ApodGUI.ClusterQueueManager"/>
  <testcase name="CompareClusterQueueManagers" time="17.853" classname="ApodGUI.ClusterQueueManager"/>
  <testcase name="AddToFavoriteForMultipleClusterQMs" time="25.231" classname="ApodGUI.ClusterQueueManager"/>
  <testcase name="ShowObjectAttributesForClusterQM" time="103.813" classname="ApodGUI.ClusterQueueManager"/>
  <testcase name="Logout" time="14.791" classname="ApodGUI.ClusterQueueManager"/>
</testsuite> <!-- ApodGUI.ClusterQueueManager -->
