<?xml version="1.0" encoding="UTF-8"?>
<!-- Generated by org.testng.reporters.JUnitReportReporter -->
<testsuite skipped="0" hostname="DESKTOP-E1JT2VR" name="ApodGUI.NodeViewlet" tests="4" failures="0" timestamp="17 Jan 2020 07:00:43 GMT" time="82.402" errors="0">
  <testcase name="Login" time="46.271" classname="ApodGUI.NodeViewlet"/>
  <testcase name="CompareTwoNodes" time="6.073" classname="ApodGUI.NodeViewlet"/>
  <testcase name="CheckDifferencesForNodes" time="9.971" classname="ApodGUI.NodeViewlet"/>
  <testcase name="Logout" time="20.087" classname="ApodGUI.NodeViewlet"/>
</testsuite> <!-- ApodGUI.NodeViewlet -->
