<?xml version="1.0" encoding="UTF-8"?>
<!-- Generated by org.testng.reporters.JUnitReportReporter -->
<testsuite skipped="0" hostname="DESKTOP-E1JT2VR" name="ApodGUI.ListenerViewlet" tests="19" failures="0" timestamp="28 Jan 2020 11:30:28 GMT" time="777.821" errors="0">
  <testcase name="Login" time="45.415" classname="ApodGUI.ListenerViewlet"/>
  <testcase name="AddListenerViewlet" time="30.069" classname="ApodGUI.ListenerViewlet"/>
  <testcase name="CreateListener" time="47.118" classname="ApodGUI.ListenerViewlet"/>
  <testcase name="CopyAsFromCommands" time="28.277" classname="ApodGUI.ListenerViewlet"/>
  <testcase name="RenameFromCommands" time="49.737" classname="ApodGUI.ListenerViewlet"/>
  <testcase name="DeleteFromCommands" time="15.455" classname="ApodGUI.ListenerViewlet"/>
  <testcase name="ListenerProperties" time="31.374" classname="ApodGUI.ListenerViewlet"/>
  <testcase name="ListenerEvents" time="31.114" classname="ApodGUI.ListenerViewlet"/>
  <testcase name="AddToFavoriteViewlet" time="29.425" classname="ApodGUI.ListenerViewlet"/>
  <testcase name="CompareListeners" time="27.971" classname="ApodGUI.ListenerViewlet"/>
  <testcase name="CheckDifferencesForListeners" time="30.778" classname="ApodGUI.ListenerViewlet"/>
  <testcase name="CreateListenerFromPlusIcon" time="103.392" classname="ApodGUI.ListenerViewlet"/>
  <testcase name="CopyAsFromCommandsForMultiple" time="46.426" classname="ApodGUI.ListenerViewlet"/>
  <testcase name="RenameFromCommandsForMultiple" time="48.653" classname="ApodGUI.ListenerViewlet"/>
  <testcase name="DeleteFromCommandsForMultiple" time="38.099" classname="ApodGUI.ListenerViewlet"/>
  <testcase name="ListenerMultipleProperties" time="48.656" classname="ApodGUI.ListenerViewlet"/>
  <testcase name="AddToFavoriteForMultipleListeners" time="33.541" classname="ApodGUI.ListenerViewlet"/>
  <testcase name="ShowObjectAttributesForListener" time="63.119" classname="ApodGUI.ListenerViewlet"/>
  <testcase name="Logout" time="29.202" classname="ApodGUI.ListenerViewlet"/>
</testsuite> <!-- ApodGUI.ListenerViewlet -->
