<?xml version="1.0" encoding="UTF-8"?>
<!-- Generated by org.testng.reporters.JUnitReportReporter -->
<testsuite skipped="0" hostname="DESKTOP-E1JT2VR" name="ApodGUI.EMSQueueMessages" tests="12" failures="0" timestamp="12 Nov 2019 07:16:50 GMT" time="329.130" errors="0">
  <testcase name="Login" time="47.125" classname="ApodGUI.EMSQueueMessages"/>
  <testcase name="PutNewMessageIntoQueue" time="23.819" classname="ApodGUI.EMSQueueMessages"/>
  <testcase name="LoadFromFile" time="28.025" classname="ApodGUI.EMSQueueMessages"/>
  <testcase name="ExportAllMessages" time="28.728" classname="ApodGUI.EMSQueueMessages"/>
  <testcase name="CopyAllMessagesFromOneQueueToAnotherQueue" time="24.247" classname="ApodGUI.EMSQueueMessages"/>
  <testcase name="MoveAllMessagesFromOneQueueToAnotherQueue" time="8.572" classname="ApodGUI.EMSQueueMessages"/>
  <testcase name="DeleteAllMessagesFromQueue" time="29.130" classname="ApodGUI.EMSQueueMessages"/>
  <testcase name="ClearAllMessagesFromQueue" time="28.238" classname="ApodGUI.EMSQueueMessages"/>
  <testcase name="PutMessageUsingJsonFile" time="37.054" classname="ApodGUI.EMSQueueMessages"/>
  <testcase name="PutMessageUsingXMLFile" time="40.938" classname="ApodGUI.EMSQueueMessages"/>
  <testcase name="PutHexMessageIntoQueue" time="17.523" classname="ApodGUI.EMSQueueMessages"/>
  <testcase name="Logout" time="15.731" classname="ApodGUI.EMSQueueMessages"/>
</testsuite> <!-- ApodGUI.EMSQueueMessages -->
