<?xml version="1.0" encoding="UTF-8"?>
<!-- Generated by org.testng.reporters.JUnitReportReporter -->
<testsuite hostname="DESKTOP-7T1JQ3H" name="ApodGUI.AddRemoteQueueManager19564" tests="3" failures="0" timestamp="19 Jul 2019 07:09:01 GMT" time="43.843" errors="0">
  <testcase name="Login" time="18.636" classname="ApodGUI.AddRemoteQueueManager19564"/>
  <testcase name="Logout" time="11.436" classname="ApodGUI.AddRemoteQueueManager19564"/>
  <testcase name="AddRemoteQueueManager" time="13.771" classname="ApodGUI.AddRemoteQueueManager19564"/>
</testsuite> <!-- ApodGUI.AddRemoteQueueManager19564 -->
