<?xml version="1.0" encoding="UTF-8"?>
<!-- Generated by org.testng.reporters.JUnitReportReporter -->
<testsuite hostname="DESKTOP-7T1JQ3H" name="ApodGUI.ManagerNameUnderServerGroup_20012" tests="6" failures="0" timestamp="21 May 2019 08:01:46 GMT" time="41.603" errors="0">
  <testcase name="Login" time="15.118" classname="ApodGUI.ManagerNameUnderServerGroup_20012"/>
  <testcase name="Manager" time="5.485" classname="ApodGUI.ManagerNameUnderServerGroup_20012"/>
  <testcase name="Login" time="14.926" classname="ApodGUI.ManagerNameUnderServerGroup_20012"/>
  <testcase name="Logout" time="0.293" classname="ApodGUI.ManagerNameUnderServerGroup_20012"/>
  <testcase name="Logout" time="0.239" classname="ApodGUI.ManagerNameUnderServerGroup_20012"/>
  <testcase name="Manager" time="5.542" classname="ApodGUI.ManagerNameUnderServerGroup_20012"/>
</testsuite> <!-- ApodGUI.ManagerNameUnderServerGroup_20012 -->
