<?xml version="1.0" encoding="UTF-8"?>
<!-- Generated by org.testng.reporters.JUnitReportReporter -->
<testsuite skipped="0" hostname="DESKTOP-E1JT2VR" name="ApodGUI.ChannelViewlet" tests="7" failures="0" timestamp="10 Sep 2019 13:16:41 GMT" time="125.070" errors="0">
  <testcase name="Login" time="25.319" classname="ApodGUI.ChannelViewlet"/>
  <testcase name="AddToFavorites" time="18.397" classname="ApodGUI.ChannelViewlet"/>
  <testcase name="ComapareChannels" time="12.663" classname="ApodGUI.ChannelViewlet"/>
  <testcase name="ShowChannelStatusForMultiple" time="14.408" classname="ApodGUI.ChannelViewlet"/>
  <testcase name="MultipleProperties" time="36.104" classname="ApodGUI.ChannelViewlet"/>
  <testcase name="AddToFavoriteForMultipleChannels" time="15.204" classname="ApodGUI.ChannelViewlet"/>
  <testcase name="Logout" time="2.975" classname="ApodGUI.ChannelViewlet"/>
</testsuite> <!-- ApodGUI.ChannelViewlet -->
