<?xml version="1.0" encoding="UTF-8"?>
<!-- Generated by org.testng.reporters.JUnitReportReporter -->
<testsuite hostname="DESKTOP-7T1JQ3H" name="ApodGUI.EMSChannels18790" tests="6" failures="0" timestamp="21 May 2019 08:01:46 GMT" time="74.787" errors="0">
  <testcase name="Logout" time="2.542" classname="ApodGUI.EMSChannels18790"/>
  <testcase name="EMSchannelscreation" time="6.983" classname="ApodGUI.EMSChannels18790"/>
  <testcase name="Logout" time="2.601" classname="ApodGUI.EMSChannels18790"/>
  <testcase name="Login" time="28.368" classname="ApodGUI.EMSChannels18790"/>
  <testcase name="EMSchannelscreation" time="7.249" classname="ApodGUI.EMSChannels18790"/>
  <testcase name="Login" time="27.044" classname="ApodGUI.EMSChannels18790"/>
</testsuite> <!-- ApodGUI.EMSChannels18790 -->
