<?xml version="1.0" encoding="UTF-8"?>
<!-- Generated by org.testng.reporters.JUnitReportReporter -->
<testsuite skipped="0" hostname="DESKTOP-E1JT2VR" name="ApodGUI.EMSQueues" tests="3" failures="0" timestamp="29 Aug 2019 11:08:47 GMT" time="85.305" errors="0">
  <testcase name="Login" time="19.864" classname="ApodGUI.EMSQueues"/>
  <testcase name="MultipleQueueProperties" time="52.169" classname="ApodGUI.EMSQueues"/>
  <testcase name="Logout" time="13.272" classname="ApodGUI.EMSQueues"/>
</testsuite> <!-- ApodGUI.EMSQueues -->
