<?xml version="1.0" encoding="UTF-8"?>
<!-- Generated by org.testng.reporters.JUnitReportReporter -->
<testsuite skipped="0" hostname="DESKTOP-E1JT2VR" name="ApodGUI.QueuesViewlet" tests="16" failures="0" timestamp="10 Sep 2019 09:45:10 GMT" time="721.793" errors="0">
  <testcase name="Login" time="46.688" classname="ApodGUI.QueuesViewlet"/>
  <testcase name="BrowseMessages" time="12.971" classname="ApodGUI.QueuesViewlet"/>
  <testcase name="ShowQueueStatus" time="11.214" classname="ApodGUI.QueuesViewlet"/>
  <testcase name="CreateQueueFromOptions" time="27.446" classname="ApodGUI.QueuesViewlet"/>
  <testcase name="QueueCommands" time="37.254" classname="ApodGUI.QueuesViewlet"/>
  <testcase name="QueueProperties" time="10.843" classname="ApodGUI.QueuesViewlet"/>
  <testcase name="QueueEvents" time="22.211" classname="ApodGUI.QueuesViewlet"/>
  <testcase name="AddToFavoriteViewlet" time="320.507" classname="ApodGUI.QueuesViewlet"/>
  <testcase name="CompareQueues" time="12.824" classname="ApodGUI.QueuesViewlet"/>
  <testcase name="ShowQueueStatusForMultipleQueues" time="12.224" classname="ApodGUI.QueuesViewlet"/>
  <testcase name="MultipleQueueProperties" time="22.934" classname="ApodGUI.QueuesViewlet"/>
  <testcase name="AddToFavoriteForMultipleQueues" time="16.191" classname="ApodGUI.QueuesViewlet"/>
  <testcase name="AddQueueFromPlusIcon" time="30.236" classname="ApodGUI.QueuesViewlet"/>
  <testcase name="SearchFilter" time="13.645" classname="ApodGUI.QueuesViewlet"/>
  <testcase name="ShowObjectAttributesForQueues" time="108.555" classname="ApodGUI.QueuesViewlet"/>
  <testcase name="Logout" time="16.050" classname="ApodGUI.QueuesViewlet"/>
</testsuite> <!-- ApodGUI.QueuesViewlet -->
