<?xml version="1.0" encoding="UTF-8"?>
<!-- Generated by org.testng.reporters.JUnitReportReporter -->
<testsuite skipped="0" hostname="DESKTOP-E1JT2VR" name="ApodGUI.DurableViewlet" tests="3" failures="0" timestamp="02 Sep 2019 12:32:07 GMT" time="46.166" errors="0">
  <testcase name="Login" time="28.080" classname="ApodGUI.DurableViewlet"/>
  <testcase name="AddDurableViewlet" time="7.662" classname="ApodGUI.DurableViewlet"/>
  <testcase name="Logout" time="10.424" classname="ApodGUI.DurableViewlet"/>
</testsuite> <!-- ApodGUI.DurableViewlet -->
