<?xml version="1.0" encoding="UTF-8"?>
<!-- Generated by org.testng.reporters.JUnitReportReporter -->
<testsuite skipped="0" hostname="DESKTOP-E1JT2VR" name="ApodGUI.DashboardOptions" tests="7" failures="0" timestamp="23 Jan 2020 06:28:16 GMT" time="183.080" errors="0">
  <testcase name="Login" time="41.426" classname="ApodGUI.DashboardOptions"/>
  <testcase name="CreateWGSDashboard" time="25.319" classname="ApodGUI.DashboardOptions"/>
  <testcase name="CreateEMSDashboard" time="5.978" classname="ApodGUI.DashboardOptions"/>
  <testcase name="SetAsDeafaultOption" time="43.845" classname="ApodGUI.DashboardOptions"/>
  <testcase name="RenameDashboard" time="37.734" classname="ApodGUI.DashboardOptions"/>
  <testcase name="DeleteDashboard" time="7.818" classname="ApodGUI.DashboardOptions"/>
  <testcase name="Logout" time="20.960" classname="ApodGUI.DashboardOptions"/>
</testsuite> <!-- ApodGUI.DashboardOptions -->
