<?xml version="1.0" encoding="UTF-8"?>
<!-- Generated by org.testng.reporters.JUnitReportReporter -->
<testsuite skipped="0" hostname="DESKTOP-E1JT2VR" name="ApodGUI.ChannelViewlet" tests="11" failures="0" timestamp="16 Sep 2019 12:57:40 GMT" time="290.743" errors="0">
  <testcase name="Login" time="33.291" classname="ApodGUI.ChannelViewlet"/>
  <testcase name="ShowChannelStatus" time="13.200" classname="ApodGUI.ChannelViewlet"/>
  <testcase name="Properties" time="10.851" classname="ApodGUI.ChannelViewlet"/>
  <testcase name="Events" time="20.321" classname="ApodGUI.ChannelViewlet"/>
  <testcase name="AddToFavorites" time="15.992" classname="ApodGUI.ChannelViewlet"/>
  <testcase name="ComapareChannels" time="14.599" classname="ApodGUI.ChannelViewlet"/>
  <testcase name="ShowChannelStatusForMultiple" time="15.401" classname="ApodGUI.ChannelViewlet"/>
  <testcase name="MultipleProperties" time="39.051" classname="ApodGUI.ChannelViewlet"/>
  <testcase name="AddToFavoriteForMultipleChannels" time="5.656" classname="ApodGUI.ChannelViewlet"/>
  <testcase name="ShowObjectAttributes" time="107.619" classname="ApodGUI.ChannelViewlet"/>
  <testcase name="Logout" time="14.762" classname="ApodGUI.ChannelViewlet"/>
</testsuite> <!-- ApodGUI.ChannelViewlet -->
