<?xml version="1.0" encoding="UTF-8"?>
<!-- Generated by org.testng.reporters.JUnitReportReporter -->
<testsuite skipped="0" hostname="DESKTOP-E1JT2VR" name="ApodGUI.ServiceViewlet" tests="9" failures="0" timestamp="28 Jan 2020 11:36:52 GMT" time="249.744" errors="0">
  <testcase name="Login" time="48.516" classname="ApodGUI.ServiceViewlet"/>
  <testcase name="AddServiceViewlet" time="6.895" classname="ApodGUI.ServiceViewlet"/>
  <testcase name="ServiceEvents" time="28.127" classname="ApodGUI.ServiceViewlet"/>
  <testcase name="AddToFavoriteViewlet" time="23.832" classname="ApodGUI.ServiceViewlet"/>
  <testcase name="CompareServiceNames" time="23.848" classname="ApodGUI.ServiceViewlet"/>
  <testcase name="CheckDifferencesForServices" time="8.905" classname="ApodGUI.ServiceViewlet"/>
  <testcase name="AddToFavoriteForMultipleServices" time="27.675" classname="ApodGUI.ServiceViewlet"/>
  <testcase name="ShowObjectAttributesForService" time="52.966" classname="ApodGUI.ServiceViewlet"/>
  <testcase name="Logout" time="28.980" classname="ApodGUI.ServiceViewlet"/>
</testsuite> <!-- ApodGUI.ServiceViewlet -->
