<?xml version="1.0" encoding="UTF-8"?>
<!-- Generated by org.testng.reporters.JUnitReportReporter -->
<testsuite skipped="0" hostname="DESKTOP-E1JT2VR" name="ApodGUI.WorkgroupServer" tests="13" failures="0" timestamp="10 Sep 2019 10:03:36 GMT" time="262.267" errors="0">
  <testcase name="Login" time="37.322" classname="ApodGUI.WorkgroupServer"/>
  <testcase name="AddWorkgroupFromPlusIcon" time="24.716" classname="ApodGUI.WorkgroupServer"/>
  <testcase name="EditWorkgroup" time="23.375" classname="ApodGUI.WorkgroupServer"/>
  <testcase name="AddNode" time="15.288" classname="ApodGUI.WorkgroupServer"/>
  <testcase name="DeleteWorkgroup" time="15.836" classname="ApodGUI.WorkgroupServer"/>
  <testcase name="AddRemoteQueueManager" time="18.517" classname="ApodGUI.WorkgroupServer"/>
  <testcase name="ModifyRemoteQueueManager" time="14.403" classname="ApodGUI.WorkgroupServer"/>
  <testcase name="DeleteRemoteQueueManager" time="17.818" classname="ApodGUI.WorkgroupServer"/>
  <testcase name="AddRemoteEMSManager" time="17.543" classname="ApodGUI.WorkgroupServer"/>
  <testcase name="ModifyRemoteEMSServer" time="14.843" classname="ApodGUI.WorkgroupServer"/>
  <testcase name="DeleteRemoteEMSServer" time="17.425" classname="ApodGUI.WorkgroupServer"/>
  <testcase name="SearchFilter" time="33.793" classname="ApodGUI.WorkgroupServer"/>
  <testcase name="Logout" time="11.388" classname="ApodGUI.WorkgroupServer"/>
</testsuite> <!-- ApodGUI.WorkgroupServer -->
