<?xml version="1.0" encoding="UTF-8"?>
<!-- Generated by org.testng.reporters.JUnitReportReporter -->
<testsuite skipped="0" hostname="DESKTOP-E1JT2VR" name="ApodGUI.ListenerViewlet" tests="12" failures="0" timestamp="12 Sep 2019 09:45:19 GMT" time="267.360" errors="0">
  <testcase name="Login" time="34.847" classname="ApodGUI.ListenerViewlet"/>
  <testcase name="AddListenerViewlet" time="15.554" classname="ApodGUI.ListenerViewlet"/>
  <testcase name="CreateListener" time="34.655" classname="ApodGUI.ListenerViewlet"/>
  <testcase name="ListenerProperties" time="11.899" classname="ApodGUI.ListenerViewlet"/>
  <testcase name="ListenerEvents" time="12.151" classname="ApodGUI.ListenerViewlet"/>
  <testcase name="AddToFavoriteViewlet" time="17.510" classname="ApodGUI.ListenerViewlet"/>
  <testcase name="CompareListeners" time="12.558" classname="ApodGUI.ListenerViewlet"/>
  <testcase name="CreateListenerFromPlusIcon" time="32.150" classname="ApodGUI.ListenerViewlet"/>
  <testcase name="ListenerMultipleProperties" time="23.458" classname="ApodGUI.ListenerViewlet"/>
  <testcase name="AddToFavoriteForMultipleListeners" time="15.056" classname="ApodGUI.ListenerViewlet"/>
  <testcase name="ShowObjectAttributesForListener" time="45.088" classname="ApodGUI.ListenerViewlet"/>
  <testcase name="Logout" time="12.434" classname="ApodGUI.ListenerViewlet"/>
</testsuite> <!-- ApodGUI.ListenerViewlet -->
