<?xml version="1.0" encoding="UTF-8"?>
<!-- Generated by org.testng.reporters.JUnitReportReporter -->
<testsuite skipped="0" hostname="DESKTOP-E1JT2VR" name="ApodGUI.ChannelViewlet" tests="3" failures="0" timestamp="14 Jan 2020 09:41:33 GMT" time="92.255" errors="0">
  <testcase name="Login" time="39.499" classname="ApodGUI.ChannelViewlet"/>
  <testcase name="CreateChannelFromIcon" time="50.277" classname="ApodGUI.ChannelViewlet"/>
  <testcase name="Logout" time="2.479" classname="ApodGUI.ChannelViewlet"/>
</testsuite> <!-- ApodGUI.ChannelViewlet -->
