<?xml version="1.0" encoding="UTF-8"?>
<!-- Generated by org.testng.reporters.JUnitReportReporter -->
<testsuite skipped="0" hostname="DESKTOP-E1JT2VR" name="ApodGUI.NameListViewlet" tests="8" failures="0" timestamp="10 Sep 2019 09:45:10 GMT" time="140.504" errors="0">
  <testcase name="Login" time="33.858" classname="ApodGUI.NameListViewlet"/>
  <testcase name="AddNameListViewlet" time="13.778" classname="ApodGUI.NameListViewlet"/>
  <testcase name="NameListEvents" time="11.980" classname="ApodGUI.NameListViewlet"/>
  <testcase name="AddToFavoriteViewlet" time="7.974" classname="ApodGUI.NameListViewlet"/>
  <testcase name="CompareNameLists" time="14.193" classname="ApodGUI.NameListViewlet"/>
  <testcase name="AddToFavoriteForMultipleNameLists" time="14.225" classname="ApodGUI.NameListViewlet"/>
  <testcase name="ShowObjectAttributesForNameList" time="32.119" classname="ApodGUI.NameListViewlet"/>
  <testcase name="Logout" time="12.377" classname="ApodGUI.NameListViewlet"/>
</testsuite> <!-- ApodGUI.NameListViewlet -->
