<?xml version="1.0" encoding="UTF-8"?>
<!-- Generated by org.testng.reporters.JUnitReportReporter -->
<testsuite skipped="0" hostname="DESKTOP-E1JT2VR" name="ApodGUI.AuthorizationInfoViewlet" tests="9" failures="0" timestamp="21 Jan 2020 10:45:20 GMT" time="225.333" errors="0">
  <testcase name="Login" time="41.108" classname="ApodGUI.AuthorizationInfoViewlet"/>
  <testcase name="AddAuthInfoViewlet" time="25.846" classname="ApodGUI.AuthorizationInfoViewlet"/>
  <testcase name="AuthInfoEvents" time="27.795" classname="ApodGUI.AuthorizationInfoViewlet"/>
  <testcase name="AddToFavoriteViewlet" time="7.428" classname="ApodGUI.AuthorizationInfoViewlet"/>
  <testcase name="CompareAuthInfo" time="22.280" classname="ApodGUI.AuthorizationInfoViewlet"/>
  <testcase name="CheckDifferencesForAuthInfos" time="28.332" classname="ApodGUI.AuthorizationInfoViewlet"/>
  <testcase name="AddToFavoriteForMultipleAuthInfo" time="23.641" classname="ApodGUI.AuthorizationInfoViewlet"/>
  <testcase name="ShowObjectAttributesForAuthInfo" time="26.364" classname="ApodGUI.AuthorizationInfoViewlet"/>
  <testcase name="Logout" time="22.539" classname="ApodGUI.AuthorizationInfoViewlet"/>
</testsuite> <!-- ApodGUI.AuthorizationInfoViewlet -->
