<?xml version="1.0" encoding="UTF-8"?>
<!-- Generated by org.testng.reporters.JUnitReportReporter -->
<testsuite skipped="0" hostname="DESKTOP-E1JT2VR" name="ApodGUI.AddSchemaToTheViewlet" tests="13" failures="0" timestamp="22 Jan 2020 13:38:02 GMT" time="385.280" errors="0">
  <testcase name="Login" time="43.703" classname="ApodGUI.AddSchemaToTheViewlet"/>
  <testcase name="AddNewDashboard" time="30.744" classname="ApodGUI.AddSchemaToTheViewlet"/>
  <testcase name="AddSchema" time="37.937" classname="ApodGUI.AddSchemaToTheViewlet"/>
  <testcase name="DeleteSchema" time="36.533" classname="ApodGUI.AddSchemaToTheViewlet"/>
  <testcase name="AddAllAttributesButton" time="39.729" classname="ApodGUI.AddSchemaToTheViewlet"/>
  <testcase name="RemoveAllAttributesButton" time="4.620" classname="ApodGUI.AddSchemaToTheViewlet"/>
  <testcase name="AddAttributesButton" time="28.688" classname="ApodGUI.AddSchemaToTheViewlet"/>
  <testcase name="RemoveAttributeButton" time="33.333" classname="ApodGUI.AddSchemaToTheViewlet"/>
  <testcase name="MoveToTopButton" time="30.042" classname="ApodGUI.AddSchemaToTheViewlet"/>
  <testcase name="MoveToBottomButton" time="30.176" classname="ApodGUI.AddSchemaToTheViewlet"/>
  <testcase name="MoveUpButton" time="7.287" classname="ApodGUI.AddSchemaToTheViewlet"/>
  <testcase name="MoveDownButton" time="31.850" classname="ApodGUI.AddSchemaToTheViewlet"/>
  <testcase name="Logout" time="30.638" classname="ApodGUI.AddSchemaToTheViewlet"/>
</testsuite> <!-- ApodGUI.AddSchemaToTheViewlet -->
