<?xml version="1.0" encoding="UTF-8"?>
<!-- Generated by org.testng.reporters.JUnitReportReporter -->
<testsuite skipped="0" hostname="DESKTOP-E1JT2VR" name="ApodGUI.ProcessViewlet" tests="4" failures="0" timestamp="16 Sep 2019 13:16:49 GMT" time="68.633" errors="0">
  <testcase name="Login" time="26.003" classname="ApodGUI.ProcessViewlet"/>
  <testcase name="AddProcessViewlet" time="12.735" classname="ApodGUI.ProcessViewlet"/>
  <testcase name="Properties" time="15.035" classname="ApodGUI.ProcessViewlet"/>
  <testcase name="Logout" time="14.860" classname="ApodGUI.ProcessViewlet"/>
</testsuite> <!-- ApodGUI.ProcessViewlet -->
