<?xml version="1.0" encoding="UTF-8"?>
<!-- Generated by org.testng.reporters.JUnitReportReporter -->
<testsuite skipped="0" hostname="DESKTOP-E1JT2VR" name="ApodGUI.Dependency" tests="1" failures="0" timestamp="11 Sep 2019 11:58:01 GMT" time="0.010" errors="0">
  <testcase name="NormalTest" time="0.010" classname="ApodGUI.Dependency"/>
</testsuite> <!-- ApodGUI.Dependency -->
