<?xml version="1.0" encoding="UTF-8"?>
<!-- Generated by org.testng.reporters.JUnitReportReporter -->
<testsuite skipped="0" hostname="DESKTOP-E1JT2VR" name="ApodGUI.EMSManagerViewlet" tests="2" failures="0" timestamp="08 Jan 2020 06:42:05 GMT" time="59.880" errors="0">
  <testcase name="Login" time="49.172" classname="ApodGUI.EMSManagerViewlet"/>
  <testcase name="AddToFavorites" time="10.708" classname="ApodGUI.EMSManagerViewlet"/>
</testsuite> <!-- ApodGUI.EMSManagerViewlet -->
