<?xml version="1.0" encoding="UTF-8"?>
<!-- Generated by org.testng.reporters.JUnitReportReporter -->
<testsuite skipped="0" hostname="DESKTOP-E1JT2VR" name="ApodGUI.DurableViewlet" tests="11" failures="0" timestamp="23 Sep 2019 10:53:35 GMT" time="240.805" errors="0">
  <testcase name="Login" time="35.137" classname="ApodGUI.DurableViewlet"/>
  <testcase name="AddDurableViewlet" time="12.108" classname="ApodGUI.DurableViewlet"/>
  <testcase name="Purge" time="17.015" classname="ApodGUI.DurableViewlet"/>
  <testcase name="Properties" time="7.490" classname="ApodGUI.DurableViewlet"/>
  <testcase name="DurableEvents" time="12.262" classname="ApodGUI.DurableViewlet"/>
  <testcase name="AddToFavoriteViewlet" time="17.409" classname="ApodGUI.DurableViewlet"/>
  <testcase name="MultiplePurge" time="14.947" classname="ApodGUI.DurableViewlet"/>
  <testcase name="MultipleProperties" time="55.179" classname="ApodGUI.DurableViewlet"/>
  <testcase name="AddToFavoriteForMultipleDurables" time="14.294" classname="ApodGUI.DurableViewlet"/>
  <testcase name="ShowObjectAttributesForDurable" time="43.177" classname="ApodGUI.DurableViewlet"/>
  <testcase name="Logout" time="11.787" classname="ApodGUI.DurableViewlet"/>
</testsuite> <!-- ApodGUI.DurableViewlet -->
