<?xml version="1.0" encoding="UTF-8"?>
<!-- Generated by org.testng.reporters.JUnitReportReporter -->
<testsuite skipped="0" hostname="DESKTOP-E1JT2VR" name="ApodGUI.TopicViewlet" tests="9" failures="0" timestamp="27 Jan 2020 10:08:28 GMT" time="321.844" errors="0">
  <testcase name="Login" time="48.496" classname="ApodGUI.TopicViewlet"/>
  <testcase name="AddTopicViewlet" time="10.767" classname="ApodGUI.TopicViewlet"/>
  <testcase name="CreateTopic" time="50.417" classname="ApodGUI.TopicViewlet"/>
  <testcase name="CopyAsFromCommands" time="47.554" classname="ApodGUI.TopicViewlet"/>
  <testcase name="DeleteFromCommands" time="40.761" classname="ApodGUI.TopicViewlet"/>
  <testcase name="CreateTopicFromPlusIcon" time="43.627" classname="ApodGUI.TopicViewlet"/>
  <testcase name="CopyAsFromCommandsForMultipleTopics" time="23.555" classname="ApodGUI.TopicViewlet"/>
  <testcase name="DeleteFromCommandsForMultipleTopics" time="36.287" classname="ApodGUI.TopicViewlet"/>
  <testcase name="Logout" time="20.380" classname="ApodGUI.TopicViewlet"/>
</testsuite> <!-- ApodGUI.TopicViewlet -->
