<?xml version="1.0" encoding="UTF-8"?>
<!-- Generated by org.testng.reporters.JUnitReportReporter -->
<testsuite skipped="0" hostname="DESKTOP-E1JT2VR" name="ApodGUI.TopicViewlet" tests="16" failures="0" timestamp="07 Nov 2019 13:04:24 GMT" time="514.816" errors="0">
  <testcase name="Login" time="51.276" classname="ApodGUI.TopicViewlet"/>
  <testcase name="AddTopicViewlet" time="23.341" classname="ApodGUI.TopicViewlet"/>
  <testcase name="CreateTopic" time="46.048" classname="ApodGUI.TopicViewlet"/>
  <testcase name="CopyAsFromCommands" time="45.912" classname="ApodGUI.TopicViewlet"/>
  <testcase name="DeleteFromCommands" time="31.103" classname="ApodGUI.TopicViewlet"/>
  <testcase name="TopicProperties" time="23.603" classname="ApodGUI.TopicViewlet"/>
  <testcase name="TopicEvents" time="24.855" classname="ApodGUI.TopicViewlet"/>
  <testcase name="AddToFavoriteViewlet" time="23.842" classname="ApodGUI.TopicViewlet"/>
  <testcase name="CreateTopicFromPlusIcon" time="36.362" classname="ApodGUI.TopicViewlet"/>
  <testcase name="CompareTopics" time="18.050" classname="ApodGUI.TopicViewlet"/>
  <testcase name="CopyAsFromCommandsForMultipleTopics" time="37.588" classname="ApodGUI.TopicViewlet"/>
  <testcase name="DeleteFromCommandsForMultipleTopics" time="18.484" classname="ApodGUI.TopicViewlet"/>
  <testcase name="MultipleProperties" time="50.312" classname="ApodGUI.TopicViewlet"/>
  <testcase name="AddToFavoriteForMultipleTopics" time="18.331" classname="ApodGUI.TopicViewlet"/>
  <testcase name="ShowObjectAttributesForTopic" time="46.386" classname="ApodGUI.TopicViewlet"/>
  <testcase name="Logout" time="19.323" classname="ApodGUI.TopicViewlet"/>
</testsuite> <!-- ApodGUI.TopicViewlet -->
