<?xml version="1.0" encoding="UTF-8"?>
<!-- Generated by org.testng.reporters.JUnitReportReporter -->
<testsuite skipped="0" hostname="DESKTOP-E1JT2VR" name="ApodGUI.ServiceViewlet" tests="9" failures="0" timestamp="24 Mar 2020 07:49:21 GMT" time="260.884" errors="0">
  <testcase name="Login" time="51.097" classname="ApodGUI.ServiceViewlet"/>
  <testcase name="AddServiceViewlet" time="25.797" classname="ApodGUI.ServiceViewlet"/>
  <testcase name="ServiceEvents" time="2.035" classname="ApodGUI.ServiceViewlet"/>
  <testcase name="AddToFavoriteViewlet" time="26.858" classname="ApodGUI.ServiceViewlet"/>
  <testcase name="CompareServiceNames" time="26.912" classname="ApodGUI.ServiceViewlet"/>
  <testcase name="CheckDifferencesForServices" time="27.443" classname="ApodGUI.ServiceViewlet"/>
  <testcase name="AddToFavoriteForMultipleServices" time="30.408" classname="ApodGUI.ServiceViewlet"/>
  <testcase name="ShowObjectAttributesForService" time="41.085" classname="ApodGUI.ServiceViewlet"/>
  <testcase name="Logout" time="29.249" classname="ApodGUI.ServiceViewlet"/>
</testsuite> <!-- ApodGUI.ServiceViewlet -->
