<?xml version="1.0" encoding="UTF-8"?>
<!-- Generated by org.testng.reporters.JUnitReportReporter -->
<testsuite skipped="0" hostname="DESKTOP-E1JT2VR" name="ApodGUI.BridgeViewlet" tests="5" failures="0" timestamp="12 Nov 2019 10:12:29 GMT" time="128.807" errors="0">
  <testcase name="Login" time="26.096" classname="ApodGUI.BridgeViewlet"/>
  <testcase name="AddBridgeViewlet" time="11.558" classname="ApodGUI.BridgeViewlet"/>
  <testcase name="AddBridgeFromPlusIcon" time="43.707" classname="ApodGUI.BridgeViewlet"/>
  <testcase name="DeleteCommand" time="31.586" classname="ApodGUI.BridgeViewlet"/>
  <testcase name="Logout" time="15.860" classname="ApodGUI.BridgeViewlet"/>
</testsuite> <!-- ApodGUI.BridgeViewlet -->
