<?xml version="1.0" encoding="UTF-8"?>
<!-- Generated by org.testng.reporters.JUnitReportReporter -->
<testsuite hostname="DESKTOP-7T1JQ3H" name="ApodGUI.NodeInsteadOfManager20002" tests="6" failures="0" timestamp="21 May 2019 08:01:46 GMT" time="58.896" errors="0">
  <testcase name="Node" time="1.059" classname="ApodGUI.NodeInsteadOfManager20002"/>
  <testcase name="Login" time="16.195" classname="ApodGUI.NodeInsteadOfManager20002"/>
  <testcase name="Node" time="1.046" classname="ApodGUI.NodeInsteadOfManager20002"/>
  <testcase name="Login" time="17.593" classname="ApodGUI.NodeInsteadOfManager20002"/>
  <testcase name="Logout" time="11.640" classname="ApodGUI.NodeInsteadOfManager20002"/>
  <testcase name="Logout" time="11.363" classname="ApodGUI.NodeInsteadOfManager20002"/>
</testsuite> <!-- ApodGUI.NodeInsteadOfManager20002 -->
