<?xml version="1.0" encoding="UTF-8"?>
<!-- Generated by org.testng.reporters.JUnitReportReporter -->
<testsuite skipped="0" hostname="DESKTOP-E1JT2VR" name="ApodGUI.QueueMessages" tests="9" failures="0" timestamp="16 Sep 2019 12:57:40 GMT" time="231.918" errors="0">
  <testcase name="Login" time="95.888" classname="ApodGUI.QueueMessages"/>
  <testcase name="PutNewMessageIntoQueue" time="18.965" classname="ApodGUI.QueueMessages"/>
  <testcase name="LoadFromFile" time="21.356" classname="ApodGUI.QueueMessages"/>
  <testcase name="ExportAllMessages" time="11.805" classname="ApodGUI.QueueMessages"/>
  <testcase name="CopyAllMessagesFromOneQueueToAnotherQueue" time="18.793" classname="ApodGUI.QueueMessages"/>
  <testcase name="MoveAllMessagesFromOneQueueToAnotherQueue" time="18.798" classname="ApodGUI.QueueMessages"/>
  <testcase name="DeleteAllMessagesFromQueue" time="20.660" classname="ApodGUI.QueueMessages"/>
  <testcase name="ClearAllMessagesFromQueue" time="15.035" classname="ApodGUI.QueueMessages"/>
  <testcase name="Logout" time="10.618" classname="ApodGUI.QueueMessages"/>
</testsuite> <!-- ApodGUI.QueueMessages -->
