<?xml version="1.0" encoding="UTF-8"?>
<!-- Generated by org.testng.reporters.JUnitReportReporter -->
<testsuite skipped="0" hostname="DESKTOP-E1JT2VR" name="ApodGUI.EMSManagerViewlet" tests="4" failures="0" timestamp="23 Sep 2019 11:04:19 GMT" time="92.305" errors="0">
  <testcase name="Login" time="39.426" classname="ApodGUI.EMSManagerViewlet"/>
  <testcase name="AddToFavorites" time="10.389" classname="ApodGUI.EMSManagerViewlet"/>
  <testcase name="ShowObjectAttributes" time="39.562" classname="ApodGUI.EMSManagerViewlet"/>
  <testcase name="Logout" time="2.928" classname="ApodGUI.EMSManagerViewlet"/>
</testsuite> <!-- ApodGUI.EMSManagerViewlet -->
