<?xml version="1.0" encoding="UTF-8"?>
<!-- Generated by org.testng.reporters.JUnitReportReporter -->
<testsuite skipped="0" hostname="DESKTOP-E1JT2VR" name="ApodGUI.TransportViewlet" tests="7" failures="0" timestamp="22 Jan 2020 09:47:49 GMT" time="192.240" errors="0">
  <testcase name="Login" time="39.841" classname="ApodGUI.TransportViewlet"/>
  <testcase name="AddTransportViewlet" time="26.642" classname="ApodGUI.TransportViewlet"/>
  <testcase name="Properties" time="6.004" classname="ApodGUI.TransportViewlet"/>
  <testcase name="TransportEvents" time="39.435" classname="ApodGUI.TransportViewlet"/>
  <testcase name="AddToFavoriteViewlet" time="23.550" classname="ApodGUI.TransportViewlet"/>
  <testcase name="ShowObjectAttributesForTransport" time="54.348" classname="ApodGUI.TransportViewlet"/>
  <testcase name="Logout" time="2.420" classname="ApodGUI.TransportViewlet"/>
</testsuite> <!-- ApodGUI.TransportViewlet -->
