<?xml version="1.0" encoding="UTF-8"?>
<!-- Generated by org.testng.reporters.JUnitReportReporter -->
<testsuite skipped="0" hostname="DESKTOP-E1JT2VR" name="ApodGUI.ProcessViewlet" tests="5" failures="0" timestamp="17 Jan 2020 06:04:30 GMT" time="89.705" errors="0">
  <testcase name="Login" time="25.896" classname="ApodGUI.ProcessViewlet"/>
  <testcase name="AddProcessViewlet" time="18.677" classname="ApodGUI.ProcessViewlet"/>
  <testcase name="CompareProcessNames" time="19.760" classname="ApodGUI.ProcessViewlet"/>
  <testcase name="CheckDifferencesForProcess" time="22.829" classname="ApodGUI.ProcessViewlet"/>
  <testcase name="Logout" time="2.543" classname="ApodGUI.ProcessViewlet"/>
</testsuite> <!-- ApodGUI.ProcessViewlet -->
