<?xml version="1.0" encoding="UTF-8"?>
<!-- Generated by org.testng.reporters.JUnitReportReporter -->
<testsuite skipped="0" hostname="DESKTOP-E1JT2VR" name="ApodGUI.EMSQueues" tests="5" failures="0" timestamp="24 Mar 2020 12:53:47 GMT" time="170.690" errors="0">
  <testcase name="Login" time="53.916" classname="ApodGUI.EMSQueues"/>
  <testcase name="CreateQueueFromOptions" time="62.034" classname="ApodGUI.EMSQueues"/>
  <testcase name="CopyAsOptionFromQueueCommands" time="20.701" classname="ApodGUI.EMSQueues"/>
  <testcase name="DeleteoptionFromQueueCommands" time="9.128" classname="ApodGUI.EMSQueues"/>
  <testcase name="Logout" time="24.911" classname="ApodGUI.EMSQueues"/>
</testsuite> <!-- ApodGUI.EMSQueues -->
