<?xml version="1.0" encoding="UTF-8"?>
<!-- Generated by org.testng.reporters.JUnitReportReporter -->
<testsuite skipped="0" hostname="DESKTOP-E1JT2VR" name="ApodGUI.WorkgroupServer" tests="5" failures="0" timestamp="28 Jan 2020 13:01:42 GMT" time="180.538" errors="0">
  <testcase name="Login" time="37.681" classname="ApodGUI.WorkgroupServer"/>
  <testcase name="AddWorkgroupFromPlusIcon" time="44.676" classname="ApodGUI.WorkgroupServer"/>
  <testcase name="DefaultConnection" time="23.664" classname="ApodGUI.WorkgroupServer"/>
  <testcase name="EditWorkgroup" time="43.239" classname="ApodGUI.WorkgroupServer"/>
  <testcase name="Logout" time="31.278" classname="ApodGUI.WorkgroupServer"/>
</testsuite> <!-- ApodGUI.WorkgroupServer -->
