<?xml version="1.0" encoding="UTF-8"?>
<!-- Generated by org.testng.reporters.JUnitReportReporter -->
<testsuite skipped="0" hostname="DESKTOP-E1JT2VR" name="ApodGUI.ClusterQueueManager" tests="5" failures="0" timestamp="27 Sep 2019 14:09:18 GMT" time="96.696" errors="0">
  <testcase name="Login" time="37.001" classname="ApodGUI.ClusterQueueManager"/>
  <testcase name="AddClusterQueueManagerViewlet" time="9.137" classname="ApodGUI.ClusterQueueManager"/>
  <testcase name="AddToFavoriteViewlet" time="8.499" classname="ApodGUI.ClusterQueueManager"/>
  <testcase name="AddToFavoriteForMultipleClusterQMs" time="23.508" classname="ApodGUI.ClusterQueueManager"/>
  <testcase name="Logout" time="18.551" classname="ApodGUI.ClusterQueueManager"/>
</testsuite> <!-- ApodGUI.ClusterQueueManager -->
