<?xml version="1.0" encoding="UTF-8"?>
<!-- Generated by org.testng.reporters.JUnitReportReporter -->
<testsuite skipped="0" hostname="DESKTOP-E1JT2VR" name="ApodGUI.ChannelAuthRecordsViewlet" tests="4" failures="0" timestamp="23 Sep 2019 14:35:47 GMT" time="52.365" errors="0">
  <testcase name="Login" time="17.293" classname="ApodGUI.ChannelAuthRecordsViewlet"/>
  <testcase name="AddChannelAuthrecordsViewlet" time="15.723" classname="ApodGUI.ChannelAuthRecordsViewlet"/>
  <testcase name="ChannelAuthEvents" time="11.947" classname="ApodGUI.ChannelAuthRecordsViewlet"/>
  <testcase name="Logout" time="7.402" classname="ApodGUI.ChannelAuthRecordsViewlet"/>
</testsuite> <!-- ApodGUI.ChannelAuthRecordsViewlet -->
