<?xml version="1.0" encoding="UTF-8"?>
<!-- Generated by org.testng.reporters.JUnitReportReporter -->
<testsuite skipped="0" hostname="DESKTOP-E1JT2VR" name="ApodGUI.QueuesInsideBrowseMessages" tests="9" failures="0" timestamp="21 Jan 2020 08:04:36 GMT" time="248.067" errors="0">
  <testcase name="Login" time="53.310" classname="ApodGUI.QueuesInsideBrowseMessages"/>
  <testcase name="PutAMessageUsingPutNewIcon" time="28.420" classname="ApodGUI.QueuesInsideBrowseMessages"/>
  <testcase name="DeleteMessageUsingDeleteIcon" time="24.857" classname="ApodGUI.QueuesInsideBrowseMessages"/>
  <testcase name="CopyMessageUsingCopyIcon" time="28.160" classname="ApodGUI.QueuesInsideBrowseMessages"/>
  <testcase name="MoveMessageUsingMoveIcon" time="10.423" classname="ApodGUI.QueuesInsideBrowseMessages"/>
  <testcase name="CopyMessageUsingCopyOption" time="25.445" classname="ApodGUI.QueuesInsideBrowseMessages"/>
  <testcase name="MoveMessageUsingMoveOption" time="30.683" classname="ApodGUI.QueuesInsideBrowseMessages"/>
  <testcase name="RerouteQueueToCurrentManager" time="21.258" classname="ApodGUI.QueuesInsideBrowseMessages"/>
  <testcase name="Logout" time="25.511" classname="ApodGUI.QueuesInsideBrowseMessages"/>
</testsuite> <!-- ApodGUI.QueuesInsideBrowseMessages -->
