<?xml version="1.0" encoding="UTF-8"?>
<!-- Generated by org.testng.reporters.JUnitReportReporter -->
<testsuite skipped="0" hostname="DESKTOP-E1JT2VR" name="ApodGUI.EMSChannels" tests="8" failures="0" timestamp="08 Jan 2020 07:07:09 GMT" time="188.590" errors="0">
  <testcase name="Login" time="31.590" classname="ApodGUI.EMSChannels"/>
  <testcase name="Events" time="32.456" classname="ApodGUI.EMSChannels"/>
  <testcase name="AddToFavorites" time="23.806" classname="ApodGUI.EMSChannels"/>
  <testcase name="ComapareChannels" time="19.861" classname="ApodGUI.EMSChannels"/>
  <testcase name="CheckDifferencesForEMSChannels" time="24.043" classname="ApodGUI.EMSChannels"/>
  <testcase name="AddToFavoriteForMultipleChannels" time="18.994" classname="ApodGUI.EMSChannels"/>
  <testcase name="ShowObjectAttributes" time="21.472" classname="ApodGUI.EMSChannels"/>
  <testcase name="Logout" time="16.368" classname="ApodGUI.EMSChannels"/>
</testsuite> <!-- ApodGUI.EMSChannels -->
