<?xml version="1.0" encoding="UTF-8"?>
<!-- Generated by org.testng.reporters.JUnitReportReporter -->
<testsuite skipped="0" hostname="DESKTOP-E1JT2VR" name="ApodGUI.AddSchemaToTheViewlet" tests="13" failures="0" timestamp="11 Sep 2019 06:30:06 GMT" time="197.117" errors="0">
  <testcase name="Login" time="31.295" classname="ApodGUI.AddSchemaToTheViewlet"/>
  <testcase name="AddNewDashboard" time="11.858" classname="ApodGUI.AddSchemaToTheViewlet"/>
  <testcase name="AddSchema" time="18.024" classname="ApodGUI.AddSchemaToTheViewlet"/>
  <testcase name="DeleteSchema" time="19.968" classname="ApodGUI.AddSchemaToTheViewlet"/>
  <testcase name="AddAllAttributesButton" time="10.748" classname="ApodGUI.AddSchemaToTheViewlet"/>
  <testcase name="RemoveAllAttributesButton" time="12.575" classname="ApodGUI.AddSchemaToTheViewlet"/>
  <testcase name="AddAttributesButton" time="1.682" classname="ApodGUI.AddSchemaToTheViewlet"/>
  <testcase name="RemoveAttributeButton" time="13.831" classname="ApodGUI.AddSchemaToTheViewlet"/>
  <testcase name="MoveToTopButton" time="10.620" classname="ApodGUI.AddSchemaToTheViewlet"/>
  <testcase name="MoveToBottomButton" time="1.289" classname="ApodGUI.AddSchemaToTheViewlet"/>
  <testcase name="MoveUpButton" time="15.996" classname="ApodGUI.AddSchemaToTheViewlet"/>
  <testcase name="MoveDownButton" time="36.986" classname="ApodGUI.AddSchemaToTheViewlet"/>
  <testcase name="Logout" time="12.245" classname="ApodGUI.AddSchemaToTheViewlet"/>
</testsuite> <!-- ApodGUI.AddSchemaToTheViewlet -->
