<?xml version="1.0" encoding="UTF-8"?>
<!-- Generated by org.testng.reporters.JUnitReportReporter -->
<testsuite skipped="0" hostname="DESKTOP-E1JT2VR" name="ApodGUI.ServiceViewlet" tests="8" failures="0" timestamp="18 Sep 2019 11:05:32 GMT" time="146.785" errors="0">
  <testcase name="Login" time="33.588" classname="ApodGUI.ServiceViewlet"/>
  <testcase name="AddServiceViewlet" time="16.120" classname="ApodGUI.ServiceViewlet"/>
  <testcase name="ServiceEvents" time="11.976" classname="ApodGUI.ServiceViewlet"/>
  <testcase name="AddToFavoriteViewlet" time="17.104" classname="ApodGUI.ServiceViewlet"/>
  <testcase name="CompareServiceNames" time="13.825" classname="ApodGUI.ServiceViewlet"/>
  <testcase name="AddToFavoriteForMultipleServices" time="4.703" classname="ApodGUI.ServiceViewlet"/>
  <testcase name="ShowObjectAttributesForService" time="37.147" classname="ApodGUI.ServiceViewlet"/>
  <testcase name="Logout" time="12.322" classname="ApodGUI.ServiceViewlet"/>
</testsuite> <!-- ApodGUI.ServiceViewlet -->
