<?xml version="1.0" encoding="UTF-8"?>
<!-- Generated by org.testng.reporters.JUnitReportReporter -->
<testsuite skipped="0" hostname="DESKTOP-E1JT2VR" name="ApodGUI.NodeViewlet" tests="4" failures="0" timestamp="28 Jan 2020 07:55:05 GMT" time="111.140" errors="0">
  <testcase name="Login" time="45.356" classname="ApodGUI.NodeViewlet"/>
  <testcase name="CreateNodeUsingIcon" time="22.518" classname="ApodGUI.NodeViewlet"/>
  <testcase name="DeleteNode" time="20.028" classname="ApodGUI.NodeViewlet"/>
  <testcase name="Logout" time="23.238" classname="ApodGUI.NodeViewlet"/>
</testsuite> <!-- ApodGUI.NodeViewlet -->
