<?xml version="1.0" encoding="UTF-8"?>
<!-- Generated by org.testng.reporters.JUnitReportReporter -->
<testsuite skipped="0" hostname="DESKTOP-E1JT2VR" name="ApodGUI.ChannelViewlet" tests="11" failures="0" timestamp="18 Sep 2019 11:05:32 GMT" time="288.586" errors="0">
  <testcase name="Login" time="36.022" classname="ApodGUI.ChannelViewlet"/>
  <testcase name="ShowChannelStatus" time="14.641" classname="ApodGUI.ChannelViewlet"/>
  <testcase name="Properties" time="18.089" classname="ApodGUI.ChannelViewlet"/>
  <testcase name="Events" time="1.963" classname="ApodGUI.ChannelViewlet"/>
  <testcase name="AddToFavorites" time="19.116" classname="ApodGUI.ChannelViewlet"/>
  <testcase name="ComapareChannels" time="15.612" classname="ApodGUI.ChannelViewlet"/>
  <testcase name="ShowChannelStatusForMultiple" time="7.560" classname="ApodGUI.ChannelViewlet"/>
  <testcase name="MultipleProperties" time="39.616" classname="ApodGUI.ChannelViewlet"/>
  <testcase name="AddToFavoriteForMultipleChannels" time="15.070" classname="ApodGUI.ChannelViewlet"/>
  <testcase name="ShowObjectAttributes" time="109.341" classname="ApodGUI.ChannelViewlet"/>
  <testcase name="Logout" time="11.556" classname="ApodGUI.ChannelViewlet"/>
</testsuite> <!-- ApodGUI.ChannelViewlet -->
