<?xml version="1.0" encoding="UTF-8"?>
<!-- Generated by org.testng.reporters.JUnitReportReporter -->
<testsuite skipped="0" hostname="DESKTOP-E1JT2VR" name="ApodGUI.AddSchemaToTheViewlet" tests="4" failures="0" timestamp="12 Nov 2019 08:40:28 GMT" time="70.978" errors="0">
  <testcase name="Login" time="34.127" classname="ApodGUI.AddSchemaToTheViewlet"/>
  <testcase name="AddNewDashboard" time="5.179" classname="ApodGUI.AddSchemaToTheViewlet"/>
  <testcase name="AddAllAttributesButton" time="9.893" classname="ApodGUI.AddSchemaToTheViewlet"/>
  <testcase name="Logout" time="21.779" classname="ApodGUI.AddSchemaToTheViewlet"/>
</testsuite> <!-- ApodGUI.AddSchemaToTheViewlet -->
