<?xml version="1.0" encoding="UTF-8"?>
<!-- Generated by org.testng.reporters.JUnitReportReporter -->
<testsuite skipped="0" hostname="DESKTOP-E1JT2VR" name="ApodGUI.QueuesInsideBrowseMessages" tests="6" failures="0" timestamp="16 Sep 2019 13:13:48 GMT" time="180.751" errors="0">
  <testcase name="Login" time="111.723" classname="ApodGUI.QueuesInsideBrowseMessages"/>
  <testcase name="PutAMessageUsingPutNewIcon" time="18.697" classname="ApodGUI.QueuesInsideBrowseMessages"/>
  <testcase name="DeleteMessageUsingDeleteIcon" time="17.114" classname="ApodGUI.QueuesInsideBrowseMessages"/>
  <testcase name="CopyMessageUsingCopyIcon" time="16.355" classname="ApodGUI.QueuesInsideBrowseMessages"/>
  <testcase name="MoveMessageUsingMoveIcon" time="10.083" classname="ApodGUI.QueuesInsideBrowseMessages"/>
  <testcase name="Logout" time="6.779" classname="ApodGUI.QueuesInsideBrowseMessages"/>
</testsuite> <!-- ApodGUI.QueuesInsideBrowseMessages -->
