<?xml version="1.0" encoding="UTF-8"?>
<!-- Generated by org.testng.reporters.JUnitReportReporter -->
<testsuite skipped="0" hostname="DESKTOP-E1JT2VR" name="ApodGUI.ChannelAuthRecordsViewlet" tests="4" failures="0" timestamp="16 Jan 2020 06:56:21 GMT" time="74.510" errors="0">
  <testcase name="Login" time="17.599" classname="ApodGUI.ChannelAuthRecordsViewlet"/>
  <testcase name="AddChannelAuthrecordsViewlet" time="6.309" classname="ApodGUI.ChannelAuthRecordsViewlet"/>
  <testcase name="CreateChannelAuthRecordFromPlusIcon" time="47.696" classname="ApodGUI.ChannelAuthRecordsViewlet"/>
  <testcase name="Logout" time="2.906" classname="ApodGUI.ChannelAuthRecordsViewlet"/>
</testsuite> <!-- ApodGUI.ChannelAuthRecordsViewlet -->
