<?xml version="1.0" encoding="UTF-8"?>
<!-- Generated by org.testng.reporters.JUnitReportReporter -->
<testsuite hostname="DESKTOP-7T1JQ3H" name="ApodGUI.NodeDropdown18508" tests="6" failures="0" timestamp="21 May 2019 08:01:46 GMT" time="71.881" errors="0">
  <testcase name="Login" time="20.227" classname="ApodGUI.NodeDropdown18508"/>
  <testcase name="Logout" time="11.373" classname="ApodGUI.NodeDropdown18508"/>
  <testcase name="Login" time="18.299" classname="ApodGUI.NodeDropdown18508"/>
  <testcase name="Logout" time="11.691" classname="ApodGUI.NodeDropdown18508"/>
  <testcase name="NodeDrodownlist" time="5.286" classname="ApodGUI.NodeDropdown18508"/>
  <testcase name="NodeDrodownlist" time="5.005" classname="ApodGUI.NodeDropdown18508"/>
</testsuite> <!-- ApodGUI.NodeDropdown18508 -->
