<?xml version="1.0" encoding="UTF-8"?>
<!-- Generated by org.testng.reporters.JUnitReportReporter -->
<testsuite skipped="0" hostname="DESKTOP-E1JT2VR" name="ApodGUI.BridgeViewlet" tests="3" failures="0" timestamp="02 Sep 2019 12:27:15 GMT" time="50.187" errors="0">
  <testcase name="Login" time="31.950" classname="ApodGUI.BridgeViewlet"/>
  <testcase name="AddBridgeViewlet" time="7.452" classname="ApodGUI.BridgeViewlet"/>
  <testcase name="Logout" time="10.785" classname="ApodGUI.BridgeViewlet"/>
</testsuite> <!-- ApodGUI.BridgeViewlet -->
