<?xml version="1.0" encoding="UTF-8"?>
<!-- Generated by org.testng.reporters.JUnitReportReporter -->
<testsuite skipped="0" hostname="DESKTOP-E1JT2VR" name="ApodGUI.ProcessViewlet" tests="6" failures="0" timestamp="06 Mar 2020 07:49:12 GMT" time="181.406" errors="0">
  <testcase name="Login" time="23.412" classname="ApodGUI.ProcessViewlet"/>
  <testcase name="AddProcessViewlet" time="21.309" classname="ApodGUI.ProcessViewlet"/>
  <testcase name="CopyAsFromCommandsForMultipleProcess" time="49.044" classname="ApodGUI.ProcessViewlet"/>
  <testcase name="RenameFromCommandsForMultipleProcess" time="32.961" classname="ApodGUI.ProcessViewlet"/>
  <testcase name="DeleteFromCommandsForMultipleProcess" time="35.227" classname="ApodGUI.ProcessViewlet"/>
  <testcase name="Logout" time="19.453" classname="ApodGUI.ProcessViewlet"/>
</testsuite> <!-- ApodGUI.ProcessViewlet -->
