<?xml version="1.0" encoding="UTF-8"?>
<!-- Generated by org.testng.reporters.JUnitReportReporter -->
<testsuite skipped="0" hostname="DESKTOP-E1JT2VR" name="ApodGUI.TemporaryViewlet" tests="4" failures="0" timestamp="26 Dec 2019 11:33:50 GMT" time="77.120" errors="0">
  <testcase name="Login" time="24.881" classname="ApodGUI.TemporaryViewlet"/>
  <testcase name="CreateTemporaryViewletUsingDirectOption" time="24.825" classname="ApodGUI.TemporaryViewlet"/>
  <testcase name="CreateTemporaryViewletUsingTemporaryViewletCheckbox" time="24.686" classname="ApodGUI.TemporaryViewlet"/>
  <testcase name="Logout" time="2.728" classname="ApodGUI.TemporaryViewlet"/>
</testsuite> <!-- ApodGUI.TemporaryViewlet -->
