<?xml version="1.0" encoding="UTF-8"?>
<!-- Generated by org.testng.reporters.JUnitReportReporter -->
<testsuite skipped="0" hostname="DESKTOP-E1JT2VR" name="ApodGUI.RouteViewlet" tests="12" failures="0" timestamp="18 Sep 2019 11:05:32 GMT" time="275.205" errors="0">
  <testcase name="Login" time="35.506" classname="ApodGUI.RouteViewlet"/>
  <testcase name="AddRouteViewlet" time="25.645" classname="ApodGUI.RouteViewlet"/>
  <testcase name="AddRouteFromPlusIcon" time="34.217" classname="ApodGUI.RouteViewlet"/>
  <testcase name="RouteStatus" time="15.743" classname="ApodGUI.RouteViewlet"/>
  <testcase name="Properties" time="19.675" classname="ApodGUI.RouteViewlet"/>
  <testcase name="RouteEvents" time="11.382" classname="ApodGUI.RouteViewlet"/>
  <testcase name="AddToFavoriteViewlet" time="17.178" classname="ApodGUI.RouteViewlet"/>
  <testcase name="CompareRoutes" time="6.029" classname="ApodGUI.RouteViewlet"/>
  <testcase name="MultipleProperties" time="37.701" classname="ApodGUI.RouteViewlet"/>
  <testcase name="AddToFavoriteForMultipleRoutes" time="14.029" classname="ApodGUI.RouteViewlet"/>
  <testcase name="ShowObjectAttributesForRoute" time="45.888" classname="ApodGUI.RouteViewlet"/>
  <testcase name="Logout" time="12.212" classname="ApodGUI.RouteViewlet"/>
</testsuite> <!-- ApodGUI.RouteViewlet -->
