<?xml version="1.0" encoding="UTF-8"?>
<!-- Generated by org.testng.reporters.JUnitReportReporter -->
<testsuite skipped="0" hostname="DESKTOP-E1JT2VR" name="ApodGUI.WorkgroupServer" tests="5" failures="0" timestamp="26 Dec 2019 10:24:25 GMT" time="146.020" errors="0">
  <testcase name="Login" time="52.023" classname="ApodGUI.WorkgroupServer"/>
  <testcase name="AddWorkgroupFromPlusIcon" time="28.263" classname="ApodGUI.WorkgroupServer"/>
  <testcase name="DefaultConnection" time="36.598" classname="ApodGUI.WorkgroupServer"/>
  <testcase name="EditWorkgroup" time="16.966" classname="ApodGUI.WorkgroupServer"/>
  <testcase name="Logout" time="12.170" classname="ApodGUI.WorkgroupServer"/>
</testsuite> <!-- ApodGUI.WorkgroupServer -->
