<?xml version="1.0" encoding="UTF-8"?>
<!-- Generated by org.testng.reporters.JUnitReportReporter -->
<testsuite skipped="0" hostname="DESKTOP-E1JT2VR" name="ApodGUI.AttributeFilterCondition" tests="4" failures="0" timestamp="16 Jan 2020 07:16:33 GMT" time="72.907" errors="0">
  <testcase name="Login" time="20.965" classname="ApodGUI.AttributeFilterCondition"/>
  <testcase name="AddDashboard" time="5.891" classname="ApodGUI.AttributeFilterCondition"/>
  <testcase name="AddAttributeFilterCondition" time="43.042" classname="ApodGUI.AttributeFilterCondition"/>
  <testcase name="Logout" time="3.009" classname="ApodGUI.AttributeFilterCondition"/>
</testsuite> <!-- ApodGUI.AttributeFilterCondition -->
