<?xml version="1.0" encoding="UTF-8"?>
<!-- Generated by org.testng.reporters.JUnitReportReporter -->
<testsuite skipped="0" hostname="DESKTOP-E1JT2VR" name="ApodGUI.QueuesInsideBrowseMessages" tests="4" failures="0" timestamp="14 Jan 2020 08:31:58 GMT" time="99.377" errors="0">
  <testcase name="Login" time="50.684" classname="ApodGUI.QueuesInsideBrowseMessages"/>
  <testcase name="PutAMessageUsingPutNewIcon" time="24.348" classname="ApodGUI.QueuesInsideBrowseMessages"/>
  <testcase name="RerouteQueueToCurrentManager" time="21.917" classname="ApodGUI.QueuesInsideBrowseMessages"/>
  <testcase name="Logout" time="2.428" classname="ApodGUI.QueuesInsideBrowseMessages"/>
</testsuite> <!-- ApodGUI.QueuesInsideBrowseMessages -->
