<?xml version="1.0" encoding="UTF-8"?>
<!-- Generated by org.testng.reporters.JUnitReportReporter -->
<testsuite skipped="0" hostname="DESKTOP-E1JT2VR" name="ApodGUI.NavigatorSettings" tests="4" failures="0" timestamp="18 Sep 2019 11:47:11 GMT" time="84.926" errors="0">
  <testcase name="Login" time="36.685" classname="ApodGUI.NavigatorSettings"/>
  <testcase name="ShowInActiveChannelsCheckbox" time="10.148" classname="ApodGUI.NavigatorSettings"/>
  <testcase name="ShowEmptyQueuesCheckbox" time="18.847" classname="ApodGUI.NavigatorSettings"/>
  <testcase name="Logout" time="19.246" classname="ApodGUI.NavigatorSettings"/>
</testsuite> <!-- ApodGUI.NavigatorSettings -->
