<?xml version="1.0" encoding="UTF-8"?>
<!-- Generated by org.testng.reporters.JUnitReportReporter -->
<testsuite skipped="0" hostname="DESKTOP-E1JT2VR" name="ApodGUI.EMSQueueMessages" tests="4" failures="0" timestamp="29 Aug 2019 11:39:56 GMT" time="62.835" errors="0">
  <testcase name="Login" time="22.667" classname="ApodGUI.EMSQueueMessages"/>
  <testcase name="DeleteAllMessagesFromQueue" time="7.744" classname="ApodGUI.EMSQueueMessages"/>
  <testcase name="ClearAllMessagesFromQueue" time="22.298" classname="ApodGUI.EMSQueueMessages"/>
  <testcase name="Logout" time="10.126" classname="ApodGUI.EMSQueueMessages"/>
</testsuite> <!-- ApodGUI.EMSQueueMessages -->
