<?xml version="1.0" encoding="UTF-8"?>
<!-- Generated by org.testng.reporters.JUnitReportReporter -->
<testsuite skipped="0" hostname="DESKTOP-E1JT2VR" name="ApodGUI.ChannelViewlet" tests="5" failures="0" timestamp="24 Mar 2020 05:56:41 GMT" time="172.466" errors="0">
  <testcase name="Login" time="32.417" classname="ApodGUI.ChannelViewlet"/>
  <testcase name="ShowChannelStatus" time="24.187" classname="ApodGUI.ChannelViewlet"/>
  <testcase name="ShowChannelStatusForMultiple" time="28.858" classname="ApodGUI.ChannelViewlet"/>
  <testcase name="CreateChannelFromIcon" time="78.985" classname="ApodGUI.ChannelViewlet"/>
  <testcase name="Logout" time="8.019" classname="ApodGUI.ChannelViewlet"/>
</testsuite> <!-- ApodGUI.ChannelViewlet -->
