<?xml version="1.0" encoding="UTF-8"?>
<!-- Generated by org.testng.reporters.JUnitReportReporter -->
<testsuite skipped="0" hostname="DESKTOP-E1JT2VR" name="ApodGUI.EMSManagerViewlet" tests="4" failures="0" timestamp="18 Sep 2019 11:05:32 GMT" time="90.432" errors="0">
  <testcase name="Login" time="29.325" classname="ApodGUI.EMSManagerViewlet"/>
  <testcase name="AddToFavorites" time="19.262" classname="ApodGUI.EMSManagerViewlet"/>
  <testcase name="ShowObjectAttributes" time="39.292" classname="ApodGUI.EMSManagerViewlet"/>
  <testcase name="Logout" time="2.553" classname="ApodGUI.EMSManagerViewlet"/>
</testsuite> <!-- ApodGUI.EMSManagerViewlet -->
