<?xml version="1.0" encoding="UTF-8"?>
<!-- Generated by org.testng.reporters.JUnitReportReporter -->
<testsuite hostname="DESKTOP-7T1JQ3H" name="ApodGUI.NodeDropdown" tests="3" failures="0" timestamp="23 Apr 2019 13:31:01 GMT" time="17.359" errors="0">
  <testcase name="NodeDrodownlist" time="5.189" classname="ApodGUI.NodeDropdown"/>
  <testcase name="Logout" time="0.329" classname="ApodGUI.NodeDropdown"/>
  <testcase name="Login" time="11.841" classname="ApodGUI.NodeDropdown"/>
</testsuite> <!-- ApodGUI.NodeDropdown -->
