<?xml version="1.0" encoding="UTF-8"?>
<!-- Generated by org.testng.reporters.JUnitReportReporter -->
<testsuite skipped="0" hostname="DESKTOP-E1JT2VR" name="ApodGUI.AttributeFilterCondition" tests="4" failures="0" timestamp="28 Jan 2020 12:10:08 GMT" time="86.497" errors="0">
  <testcase name="Login" time="21.297" classname="ApodGUI.AttributeFilterCondition"/>
  <testcase name="AddDashboard" time="5.878" classname="ApodGUI.AttributeFilterCondition"/>
  <testcase name="AddAttributeFilterCondition" time="52.553" classname="ApodGUI.AttributeFilterCondition"/>
  <testcase name="Logout" time="6.769" classname="ApodGUI.AttributeFilterCondition"/>
</testsuite> <!-- ApodGUI.AttributeFilterCondition -->
