<?xml version="1.0" encoding="UTF-8"?>
<!-- Generated by org.testng.reporters.JUnitReportReporter -->
<testsuite skipped="0" hostname="DESKTOP-E1JT2VR" name="ApodGUI.WorkgroupServer" tests="5" failures="0" timestamp="27 Sep 2019 10:40:09 GMT" time="122.191" errors="0">
  <testcase name="Login" time="43.792" classname="ApodGUI.WorkgroupServer"/>
  <testcase name="AddRemoteQueueManager" time="14.174" classname="ApodGUI.WorkgroupServer"/>
  <testcase name="ModifyRemoteQueueManager" time="24.488" classname="ApodGUI.WorkgroupServer"/>
  <testcase name="DeleteRemoteQueueManager" time="17.028" classname="ApodGUI.WorkgroupServer"/>
  <testcase name="Logout" time="22.709" classname="ApodGUI.WorkgroupServer"/>
</testsuite> <!-- ApodGUI.WorkgroupServer -->
