<?xml version="1.0" encoding="UTF-8"?>
<!-- Generated by org.testng.reporters.JUnitReportReporter -->
<testsuite hostname="DESKTOP-7T1JQ3H" name="APODGUI.TestNG" tests="1" failures="0" timestamp="22 Apr 2019 08:11:41 GMT" time="6.149" errors="0">
  <testcase name="Testcase" time="6.149" classname="APODGUI.TestNG"/>
</testsuite> <!-- APODGUI.TestNG -->
