<?xml version="1.0" encoding="UTF-8"?>
<!-- Generated by org.testng.reporters.JUnitReportReporter -->
<testsuite skipped="0" hostname="DESKTOP-E1JT2VR" name="ApodGUI.NameListViewlet" tests="8" failures="0" timestamp="18 Sep 2019 11:05:32 GMT" time="141.568" errors="0">
  <testcase name="Login" time="33.446" classname="ApodGUI.NameListViewlet"/>
  <testcase name="AddNameListViewlet" time="17.688" classname="ApodGUI.NameListViewlet"/>
  <testcase name="NameListEvents" time="20.250" classname="ApodGUI.NameListViewlet"/>
  <testcase name="AddToFavoriteViewlet" time="16.955" classname="ApodGUI.NameListViewlet"/>
  <testcase name="CompareNameLists" time="13.655" classname="ApodGUI.NameListViewlet"/>
  <testcase name="AddToFavoriteForMultipleNameLists" time="5.179" classname="ApodGUI.NameListViewlet"/>
  <testcase name="ShowObjectAttributesForNameList" time="22.782" classname="ApodGUI.NameListViewlet"/>
  <testcase name="Logout" time="11.613" classname="ApodGUI.NameListViewlet"/>
</testsuite> <!-- ApodGUI.NameListViewlet -->
