<?xml version="1.0" encoding="UTF-8"?>
<!-- Generated by org.testng.reporters.JUnitReportReporter -->
<testsuite hostname="DESKTOP-7T1JQ3H" name="ApodGUI.EMSStartandStop19262" tests="3" failures="0" timestamp="19 Jun 2019 10:18:00 GMT" time="33.442" errors="0">
  <testcase name="Login" time="26.569" classname="ApodGUI.EMSStartandStop19262"/>
  <testcase name="EMSoptions" time="4.273" classname="ApodGUI.EMSStartandStop19262"/>
  <testcase name="Logout" time="2.600" classname="ApodGUI.EMSStartandStop19262"/>
</testsuite> <!-- ApodGUI.EMSStartandStop19262 -->
