<?xml version="1.0" encoding="UTF-8"?>
<!-- Generated by org.testng.reporters.JUnitReportReporter -->
<testsuite skipped="0" hostname="DESKTOP-E1JT2VR" name="ApodGUI.QueuesViewlet" tests="16" failures="0" timestamp="18 Sep 2019 11:05:32 GMT" time="460.745" errors="0">
  <testcase name="Login" time="46.677" classname="ApodGUI.QueuesViewlet"/>
  <testcase name="BrowseMessages" time="5.884" classname="ApodGUI.QueuesViewlet"/>
  <testcase name="ShowQueueStatus" time="14.842" classname="ApodGUI.QueuesViewlet"/>
  <testcase name="CreateQueueFromOptions" time="36.237" classname="ApodGUI.QueuesViewlet"/>
  <testcase name="QueueCommands" time="36.467" classname="ApodGUI.QueuesViewlet"/>
  <testcase name="QueueProperties" time="15.507" classname="ApodGUI.QueuesViewlet"/>
  <testcase name="QueueEvents" time="20.611" classname="ApodGUI.QueuesViewlet"/>
  <testcase name="AddToFavoriteViewlet" time="18.872" classname="ApodGUI.QueuesViewlet"/>
  <testcase name="CompareQueues" time="13.259" classname="ApodGUI.QueuesViewlet"/>
  <testcase name="ShowQueueStatusForMultipleQueues" time="17.128" classname="ApodGUI.QueuesViewlet"/>
  <testcase name="MultipleQueueProperties" time="34.360" classname="ApodGUI.QueuesViewlet"/>
  <testcase name="AddToFavoriteForMultipleQueues" time="15.730" classname="ApodGUI.QueuesViewlet"/>
  <testcase name="AddQueueFromPlusIcon" time="39.656" classname="ApodGUI.QueuesViewlet"/>
  <testcase name="SearchFilter" time="13.727" classname="ApodGUI.QueuesViewlet"/>
  <testcase name="ShowObjectAttributesForQueues" time="115.954" classname="ApodGUI.QueuesViewlet"/>
  <testcase name="Logout" time="15.834" classname="ApodGUI.QueuesViewlet"/>
</testsuite> <!-- ApodGUI.QueuesViewlet -->
