<?xml version="1.0" encoding="UTF-8"?>
<!-- Generated by org.testng.reporters.JUnitReportReporter -->
<testsuite skipped="0" hostname="DESKTOP-E1JT2VR" name="ApodGUI.EMSQueues" tests="3" failures="0" timestamp="30 Dec 2019 10:32:54 GMT" time="93.729" errors="0">
  <testcase name="Login" time="45.025" classname="ApodGUI.EMSQueues"/>
  <testcase name="AddQueueFromPlusIcon" time="38.301" classname="ApodGUI.EMSQueues"/>
  <testcase name="Logout" time="10.403" classname="ApodGUI.EMSQueues"/>
</testsuite> <!-- ApodGUI.EMSQueues -->
