<?xml version="1.0" encoding="UTF-8"?>
<!-- Generated by org.testng.reporters.JUnitReportReporter -->
<testsuite skipped="0" hostname="DESKTOP-E1JT2VR" name="ApodGUI.ServiceViewlet" tests="5" failures="0" timestamp="27 Sep 2019 14:07:02 GMT" time="89.404" errors="0">
  <testcase name="Login" time="36.980" classname="ApodGUI.ServiceViewlet"/>
  <testcase name="AddServiceViewlet" time="7.259" classname="ApodGUI.ServiceViewlet"/>
  <testcase name="AddToFavoriteViewlet" time="7.813" classname="ApodGUI.ServiceViewlet"/>
  <testcase name="AddToFavoriteForMultipleServices" time="22.893" classname="ApodGUI.ServiceViewlet"/>
  <testcase name="Logout" time="14.459" classname="ApodGUI.ServiceViewlet"/>
</testsuite> <!-- ApodGUI.ServiceViewlet -->
