<?xml version="1.0" encoding="UTF-8"?>
<!-- Generated by org.testng.reporters.JUnitReportReporter -->
<testsuite skipped="0" hostname="DESKTOP-E1JT2VR" name="ApodGUI.ServiceViewlet" tests="8" failures="0" timestamp="16 Sep 2019 12:57:40 GMT" time="146.433" errors="0">
  <testcase name="Login" time="33.356" classname="ApodGUI.ServiceViewlet"/>
  <testcase name="AddServiceViewlet" time="15.520" classname="ApodGUI.ServiceViewlet"/>
  <testcase name="ServiceEvents" time="20.281" classname="ApodGUI.ServiceViewlet"/>
  <testcase name="AddToFavoriteViewlet" time="16.092" classname="ApodGUI.ServiceViewlet"/>
  <testcase name="CompareServiceNames" time="12.426" classname="ApodGUI.ServiceViewlet"/>
  <testcase name="AddToFavoriteForMultipleServices" time="12.889" classname="ApodGUI.ServiceViewlet"/>
  <testcase name="ShowObjectAttributesForService" time="28.563" classname="ApodGUI.ServiceViewlet"/>
  <testcase name="Logout" time="7.306" classname="ApodGUI.ServiceViewlet"/>
</testsuite> <!-- ApodGUI.ServiceViewlet -->
