<?xml version="1.0" encoding="UTF-8"?>
<!-- Generated by org.testng.reporters.JUnitReportReporter -->
<testsuite skipped="0" hostname="DESKTOP-E1JT2VR" name="ApodGUI.RouteViewlet" tests="5" failures="0" timestamp="24 Mar 2020 11:07:52 GMT" time="121.075" errors="0">
  <testcase name="Login" time="54.771" classname="ApodGUI.RouteViewlet"/>
  <testcase name="AddRouteViewlet" time="26.826" classname="ApodGUI.RouteViewlet"/>
  <testcase name="CompareRoutes" time="24.392" classname="ApodGUI.RouteViewlet"/>
  <testcase name="CheckDifferencesForRoutes" time="9.769" classname="ApodGUI.RouteViewlet"/>
  <testcase name="Logout" time="5.317" classname="ApodGUI.RouteViewlet"/>
</testsuite> <!-- ApodGUI.RouteViewlet -->
