<?xml version="1.0" encoding="UTF-8"?>
<!-- Generated by org.testng.reporters.JUnitReportReporter -->
<testsuite skipped="0" hostname="DESKTOP-E1JT2VR" name="ApodGUI.NameListViewlet" tests="4" failures="0" timestamp="14 Jan 2020 11:47:36 GMT" time="90.247" errors="0">
  <testcase name="Login" time="23.474" classname="ApodGUI.NameListViewlet"/>
  <testcase name="AddNameListViewlet" time="21.651" classname="ApodGUI.NameListViewlet"/>
  <testcase name="ShowObjectAttributesForNameList" time="42.246" classname="ApodGUI.NameListViewlet"/>
  <testcase name="Logout" time="2.876" classname="ApodGUI.NameListViewlet"/>
</testsuite> <!-- ApodGUI.NameListViewlet -->
