<?xml version="1.0" encoding="UTF-8"?>
<!-- Generated by org.testng.reporters.JUnitReportReporter -->
<testsuite skipped="0" hostname="DESKTOP-E1JT2VR" name="ApodGUI.TemporaryViewlet" tests="4" failures="0" timestamp="23 Jan 2020 06:48:02 GMT" time="118.854" errors="0">
  <testcase name="Login" time="42.346" classname="ApodGUI.TemporaryViewlet"/>
  <testcase name="CreateTemporaryViewletUsingDirectOption" time="24.871" classname="ApodGUI.TemporaryViewlet"/>
  <testcase name="CreateTemporaryViewletUsingTemporaryViewletCheckbox" time="24.407" classname="ApodGUI.TemporaryViewlet"/>
  <testcase name="Logout" time="27.230" classname="ApodGUI.TemporaryViewlet"/>
</testsuite> <!-- ApodGUI.TemporaryViewlet -->
