<?xml version="1.0" encoding="UTF-8"?>
<!-- Generated by org.testng.reporters.JUnitReportReporter -->
<testsuite skipped="0" hostname="DESKTOP-E1JT2VR" name="ApodGUI.ProcessViewlet" tests="9" failures="0" timestamp="28 Jan 2020 11:06:41 GMT" time="312.963" errors="0">
  <testcase name="Login" time="40.335" classname="ApodGUI.ProcessViewlet"/>
  <testcase name="AddProcessViewlet" time="28.662" classname="ApodGUI.ProcessViewlet"/>
  <testcase name="AddToFavoriteViewlet" time="30.807" classname="ApodGUI.ProcessViewlet"/>
  <testcase name="CopyAsFromCommandsForMultipleProcess" time="49.338" classname="ApodGUI.ProcessViewlet"/>
  <testcase name="RenameFromCommandsForMultipleProcess" time="50.430" classname="ApodGUI.ProcessViewlet"/>
  <testcase name="DeleteFromCommandsForMultipleProcess" time="45.067" classname="ApodGUI.ProcessViewlet"/>
  <testcase name="MultipleProperties" time="32.750" classname="ApodGUI.ProcessViewlet"/>
  <testcase name="AddToFavoriteForMultipleProcess" time="32.704" classname="ApodGUI.ProcessViewlet"/>
  <testcase name="Logout" time="2.870" classname="ApodGUI.ProcessViewlet"/>
</testsuite> <!-- ApodGUI.ProcessViewlet -->
