<?xml version="1.0" encoding="UTF-8"?>
<!-- Generated by org.testng.reporters.JUnitReportReporter -->
<testsuite skipped="0" hostname="DESKTOP-E1JT2VR" name="ApodGUI.EMSQueueMessages" tests="3" failures="0" timestamp="23 Jan 2020 07:49:53 GMT" time="117.821" errors="0">
  <testcase name="Login" time="34.826" classname="ApodGUI.EMSQueueMessages"/>
  <testcase name="LoadFromFileUsingConfigurebuttonWithSingleMessage" time="76.317" classname="ApodGUI.EMSQueueMessages"/>
  <testcase name="Logout" time="6.678" classname="ApodGUI.EMSQueueMessages"/>
</testsuite> <!-- ApodGUI.EMSQueueMessages -->
