<?xml version="1.0" encoding="UTF-8"?>
<!-- Generated by org.testng.reporters.JUnitReportReporter -->
<testsuite hostname="DESKTOP-7T1JQ3H" name="ApodGUI.ChannelProperties19729" tests="6" failures="0" timestamp="21 May 2019 08:01:46 GMT" time="71.248" errors="0">
  <testcase name="Logout" time="2.671" classname="ApodGUI.ChannelProperties19729"/>
  <testcase name="Login" time="24.332" classname="ApodGUI.ChannelProperties19729"/>
  <testcase name="CahnnelProperties" time="9.103" classname="ApodGUI.ChannelProperties19729"/>
  <testcase name="Logout" time="2.537" classname="ApodGUI.ChannelProperties19729"/>
  <testcase name="Login" time="23.340" classname="ApodGUI.ChannelProperties19729"/>
  <testcase name="CahnnelProperties" time="9.265" classname="ApodGUI.ChannelProperties19729"/>
</testsuite> <!-- ApodGUI.ChannelProperties19729 -->
