<?xml version="1.0" encoding="UTF-8"?>
<!-- Generated by org.testng.reporters.JUnitReportReporter -->
<testsuite skipped="0" hostname="DESKTOP-E1JT2VR" name="ApodGUI.ChannelViewlet" tests="3" failures="0" timestamp="29 Aug 2019 09:42:00 GMT" time="38.850" errors="0">
  <testcase name="Login" time="18.641" classname="ApodGUI.ChannelViewlet"/>
  <testcase name="MultipleProperties" time="17.307" classname="ApodGUI.ChannelViewlet"/>
  <testcase name="Logout" time="2.902" classname="ApodGUI.ChannelViewlet"/>
</testsuite> <!-- ApodGUI.ChannelViewlet -->
