<?xml version="1.0" encoding="UTF-8"?>
<!-- Generated by org.testng.reporters.JUnitReportReporter -->
<testsuite skipped="0" hostname="DESKTOP-E1JT2VR" name="ApodGUI.SubscriptionViewlet" tests="4" failures="0" timestamp="17 Sep 2019 07:42:34 GMT" time="67.011" errors="0">
  <testcase name="Login" time="34.459" classname="ApodGUI.SubscriptionViewlet"/>
  <testcase name="AddSubscriptionViewlet" time="9.715" classname="ApodGUI.SubscriptionViewlet"/>
  <testcase name="SubscriptionEvents" time="20.296" classname="ApodGUI.SubscriptionViewlet"/>
  <testcase name="Logout" time="2.541" classname="ApodGUI.SubscriptionViewlet"/>
</testsuite> <!-- ApodGUI.SubscriptionViewlet -->
