<?xml version="1.0" encoding="UTF-8"?>
<!-- Generated by org.testng.reporters.JUnitReportReporter -->
<testsuite skipped="0" hostname="DESKTOP-E1JT2VR" name="ApodGUI.ManagerViewlet" tests="17" failures="0" timestamp="10 Sep 2019 09:45:10 GMT" time="591.121" errors="0">
  <testcase name="Login" time="33.726" classname="ApodGUI.ManagerViewlet"/>
  <testcase name="AddNewManagerFromIcon" time="60.395" classname="ApodGUI.ManagerViewlet"/>
  <testcase name="ShowTopology" time="11.882" classname="ApodGUI.ManagerViewlet"/>
  <testcase name="Security" time="22.071" classname="ApodGUI.ManagerViewlet"/>
  <testcase name="ViewErrorLogs" time="16.378" classname="ApodGUI.ManagerViewlet"/>
  <testcase name="Properties" time="12.437" classname="ApodGUI.ManagerViewlet"/>
  <testcase name="MQSCConsole" time="15.584" classname="ApodGUI.ManagerViewlet"/>
  <testcase name="DiscoverNow" time="13.511" classname="ApodGUI.ManagerViewlet"/>
  <testcase name="Events" time="14.400" classname="ApodGUI.ManagerViewlet"/>
  <testcase name="AddToFavorites" time="59.690" classname="ApodGUI.ManagerViewlet"/>
  <testcase name="CompareManagers" time="13.870" classname="ApodGUI.ManagerViewlet"/>
  <testcase name="MultipleManagersProperties" time="34.598" classname="ApodGUI.ManagerViewlet"/>
  <testcase name="AddToFavoriteForMultipleManagers" time="10.782" classname="ApodGUI.ManagerViewlet"/>
  <testcase name="CreateQueueManagerFromOptions" time="34.170" classname="ApodGUI.ManagerViewlet"/>
  <testcase name="SearchFilter" time="5.437" classname="ApodGUI.ManagerViewlet"/>
  <testcase name="ShowObjectAttributes" time="220.242" classname="ApodGUI.ManagerViewlet"/>
  <testcase name="Logout" time="11.948" classname="ApodGUI.ManagerViewlet"/>
</testsuite> <!-- ApodGUI.ManagerViewlet -->
