<?xml version="1.0" encoding="UTF-8"?>
<!-- Generated by org.testng.reporters.JUnitReportReporter -->
<testsuite skipped="0" hostname="DESKTOP-E1JT2VR" name="ApodGUI.ServiceViewlet" tests="9" failures="0" timestamp="21 Jan 2020 10:37:31 GMT" time="235.161" errors="0">
  <testcase name="Login" time="39.933" classname="ApodGUI.ServiceViewlet"/>
  <testcase name="AddServiceViewlet" time="24.269" classname="ApodGUI.ServiceViewlet"/>
  <testcase name="ServiceEvents" time="29.264" classname="ApodGUI.ServiceViewlet"/>
  <testcase name="AddToFavoriteViewlet" time="23.293" classname="ApodGUI.ServiceViewlet"/>
  <testcase name="CompareServiceNames" time="20.917" classname="ApodGUI.ServiceViewlet"/>
  <testcase name="CheckDifferencesForServices" time="27.117" classname="ApodGUI.ServiceViewlet"/>
  <testcase name="ShowObjectAttributesForService" time="37.376" classname="ApodGUI.ServiceViewlet"/>
  <testcase name="AddToFavoriteForMultipleServices" time="30.520" classname="ApodGUI.ServiceViewlet"/>
  <testcase name="Logout" time="2.472" classname="ApodGUI.ServiceViewlet"/>
</testsuite> <!-- ApodGUI.ServiceViewlet -->
