<?xml version="1.0" encoding="UTF-8"?>
<!-- Generated by org.testng.reporters.JUnitReportReporter -->
<testsuite skipped="0" hostname="DESKTOP-E1JT2VR" name="ApodGUI.NameListViewlet" tests="8" failures="0" timestamp="16 Sep 2019 12:57:40 GMT" time="139.810" errors="0">
  <testcase name="Login" time="33.058" classname="ApodGUI.NameListViewlet"/>
  <testcase name="AddNameListViewlet" time="15.366" classname="ApodGUI.NameListViewlet"/>
  <testcase name="NameListEvents" time="12.034" classname="ApodGUI.NameListViewlet"/>
  <testcase name="AddToFavoriteViewlet" time="7.764" classname="ApodGUI.NameListViewlet"/>
  <testcase name="CompareNameLists" time="12.890" classname="ApodGUI.NameListViewlet"/>
  <testcase name="AddToFavoriteForMultipleNameLists" time="12.299" classname="ApodGUI.NameListViewlet"/>
  <testcase name="ShowObjectAttributesForNameList" time="31.098" classname="ApodGUI.NameListViewlet"/>
  <testcase name="Logout" time="15.301" classname="ApodGUI.NameListViewlet"/>
</testsuite> <!-- ApodGUI.NameListViewlet -->
