<?xml version="1.0" encoding="UTF-8"?>
<!-- Generated by org.testng.reporters.JUnitReportReporter -->
<testsuite skipped="0" hostname="DESKTOP-E1JT2VR" name="ApodGUI.EMSQueueMessages" tests="9" failures="0" timestamp="18 Sep 2019 11:57:54 GMT" time="180.399" errors="0">
  <testcase name="Login" time="37.777" classname="ApodGUI.EMSQueueMessages"/>
  <testcase name="PutNewMessageIntoQueue" time="10.455" classname="ApodGUI.EMSQueueMessages"/>
  <testcase name="LoadFromFile" time="22.533" classname="ApodGUI.EMSQueueMessages"/>
  <testcase name="ExportAllMessages" time="23.836" classname="ApodGUI.EMSQueueMessages"/>
  <testcase name="CopyAllMessagesFromOneQueueToAnotherQueue" time="19.674" classname="ApodGUI.EMSQueueMessages"/>
  <testcase name="MoveAllMessagesFromOneQueueToAnotherQueue" time="17.893" classname="ApodGUI.EMSQueueMessages"/>
  <testcase name="DeleteAllMessagesFromQueue" time="21.767" classname="ApodGUI.EMSQueueMessages"/>
  <testcase name="ClearAllMessagesFromQueue" time="14.673" classname="ApodGUI.EMSQueueMessages"/>
  <testcase name="Logout" time="11.791" classname="ApodGUI.EMSQueueMessages"/>
</testsuite> <!-- ApodGUI.EMSQueueMessages -->
