<?xml version="1.0" encoding="UTF-8"?>
<!-- Generated by org.testng.reporters.JUnitReportReporter -->
<testsuite skipped="0" hostname="DESKTOP-E1JT2VR" name="ApodGUI.QueueMessages" tests="5" failures="0" timestamp="11 Nov 2019 12:39:19 GMT" time="183.489" errors="0">
  <testcase name="Login" time="89.354" classname="ApodGUI.QueueMessages"/>
  <testcase name="PutNewMessageIntoQueue" time="27.359" classname="ApodGUI.QueueMessages"/>
  <testcase name="DeleteAllMessagesFromQueue" time="32.865" classname="ApodGUI.QueueMessages"/>
  <testcase name="ClearAllMessagesFromQueue" time="31.422" classname="ApodGUI.QueueMessages"/>
  <testcase name="Logout" time="2.489" classname="ApodGUI.QueueMessages"/>
</testsuite> <!-- ApodGUI.QueueMessages -->
