<?xml version="1.0" encoding="UTF-8"?>
<!-- Generated by org.testng.reporters.JUnitReportReporter -->
<testsuite skipped="0" hostname="DESKTOP-E1JT2VR" name="ApodGUI.TransportViewlet" tests="7" failures="0" timestamp="18 Sep 2019 11:05:32 GMT" time="132.608" errors="0">
  <testcase name="Login" time="31.792" classname="ApodGUI.TransportViewlet"/>
  <testcase name="AddTransportViewlet" time="17.942" classname="ApodGUI.TransportViewlet"/>
  <testcase name="Properties" time="5.467" classname="ApodGUI.TransportViewlet"/>
  <testcase name="TransportEvents" time="25.307" classname="ApodGUI.TransportViewlet"/>
  <testcase name="AddToFavoriteViewlet" time="16.527" classname="ApodGUI.TransportViewlet"/>
  <testcase name="ShowObjectAttributesForTransport" time="24.191" classname="ApodGUI.TransportViewlet"/>
  <testcase name="Logout" time="11.382" classname="ApodGUI.TransportViewlet"/>
</testsuite> <!-- ApodGUI.TransportViewlet -->
