<?xml version="1.0" encoding="UTF-8"?>
<!-- Generated by org.testng.reporters.JUnitReportReporter -->
<testsuite skipped="0" hostname="DESKTOP-E1JT2VR" name="ApodGUI.QueuesViewlet" tests="5" failures="0" timestamp="14 Jan 2020 07:26:42 GMT" time="111.577" errors="0">
  <testcase name="Login" time="55.773" classname="ApodGUI.QueuesViewlet"/>
  <testcase name="BrowseMessages" time="5.863" classname="ApodGUI.QueuesViewlet"/>
  <testcase name="AddToFavoriteViewlet" time="23.493" classname="ApodGUI.QueuesViewlet"/>
  <testcase name="AddToFavoriteForMultipleQueues" time="20.478" classname="ApodGUI.QueuesViewlet"/>
  <testcase name="Logout" time="5.970" classname="ApodGUI.QueuesViewlet"/>
</testsuite> <!-- ApodGUI.QueuesViewlet -->
