<?xml version="1.0" encoding="UTF-8"?>
<!-- Generated by org.testng.reporters.JUnitReportReporter -->
<testsuite skipped="0" hostname="DESKTOP-E1JT2VR" name="ApodGUI.RouteViewlet" tests="3" failures="0" timestamp="02 Sep 2019 12:34:32 GMT" time="43.649" errors="0">
  <testcase name="Login" time="28.230" classname="ApodGUI.RouteViewlet"/>
  <testcase name="AddRouteViewlet" time="12.285" classname="ApodGUI.RouteViewlet"/>
  <testcase name="Logout" time="3.134" classname="ApodGUI.RouteViewlet"/>
</testsuite> <!-- ApodGUI.RouteViewlet -->
