<?xml version="1.0" encoding="UTF-8"?>
<!-- Generated by org.testng.reporters.JUnitReportReporter -->
<testsuite skipped="0" hostname="DESKTOP-E1JT2VR" name="ApodGUI.TransportViewlet" tests="7" failures="0" timestamp="11 Nov 2019 15:20:10 GMT" time="161.461" errors="0">
  <testcase name="Login" time="23.066" classname="ApodGUI.TransportViewlet"/>
  <testcase name="AddTransportViewlet" time="21.186" classname="ApodGUI.TransportViewlet"/>
  <testcase name="Properties" time="17.383" classname="ApodGUI.TransportViewlet"/>
  <testcase name="TransportEvents" time="15.791" classname="ApodGUI.TransportViewlet"/>
  <testcase name="AddToFavoriteViewlet" time="20.624" classname="ApodGUI.TransportViewlet"/>
  <testcase name="ShowObjectAttributesForTransport" time="44.855" classname="ApodGUI.TransportViewlet"/>
  <testcase name="Logout" time="18.556" classname="ApodGUI.TransportViewlet"/>
</testsuite> <!-- ApodGUI.TransportViewlet -->
