<?xml version="1.0" encoding="UTF-8"?>
<!-- Generated by org.testng.reporters.JUnitReportReporter -->
<testsuite skipped="0" hostname="DESKTOP-E1JT2VR" name="ApodGUI.QueuesInsideBrowseMessages" tests="13" failures="0" timestamp="10 Sep 2019 10:30:56 GMT" time="275.022" errors="0">
  <testcase name="Login" time="113.138" classname="ApodGUI.QueuesInsideBrowseMessages"/>
  <testcase name="PutAMessageUsingPutNewIcon" time="4.517" classname="ApodGUI.QueuesInsideBrowseMessages"/>
  <testcase name="DeleteMessageUsingDeleteIcon" time="14.532" classname="ApodGUI.QueuesInsideBrowseMessages"/>
  <testcase name="CopyMessageUsingCopyIcon" time="14.818" classname="ApodGUI.QueuesInsideBrowseMessages"/>
  <testcase name="MoveMessageUsingMoveIcon" time="12.628" classname="ApodGUI.QueuesInsideBrowseMessages"/>
  <testcase name="EditMessageUsingEditIcon" time="13.804" classname="ApodGUI.QueuesInsideBrowseMessages"/>
  <testcase name="LoadMessageFromFileUsingIcon" time="23.420" classname="ApodGUI.QueuesInsideBrowseMessages"/>
  <testcase name="ExportSelectedMessageUsingExportIcon" time="18.708" classname="ApodGUI.QueuesInsideBrowseMessages"/>
  <testcase name="EditMessageUsingEditOption" time="15.438" classname="ApodGUI.QueuesInsideBrowseMessages"/>
  <testcase name="DeleteMessageUsingDeleteOption" time="15.183" classname="ApodGUI.QueuesInsideBrowseMessages"/>
  <testcase name="CopyMessageUsingCopyOption" time="12.709" classname="ApodGUI.QueuesInsideBrowseMessages"/>
  <testcase name="MoveMessageUsingMoveOption" time="2.614" classname="ApodGUI.QueuesInsideBrowseMessages"/>
  <testcase name="Logout" time="13.513" classname="ApodGUI.QueuesInsideBrowseMessages"/>
</testsuite> <!-- ApodGUI.QueuesInsideBrowseMessages -->
