<?xml version="1.0" encoding="UTF-8"?>
<!-- Generated by org.testng.reporters.JUnitReportReporter -->
<testsuite skipped="0" hostname="DESKTOP-E1JT2VR" name="ApodGUI.EMSQueuesInsideOptionsOfBrowse" tests="4" failures="0" timestamp="12 Nov 2019 09:17:49 GMT" time="78.560" errors="0">
  <testcase name="Login" time="43.820" classname="ApodGUI.EMSQueuesInsideOptionsOfBrowse"/>
  <testcase name="PutAMessageUsingPutNewIcon" time="10.470" classname="ApodGUI.EMSQueuesInsideOptionsOfBrowse"/>
  <testcase name="MoveMessageUsingMoveIcon" time="8.446" classname="ApodGUI.EMSQueuesInsideOptionsOfBrowse"/>
  <testcase name="Logout" time="15.824" classname="ApodGUI.EMSQueuesInsideOptionsOfBrowse"/>
</testsuite> <!-- ApodGUI.EMSQueuesInsideOptionsOfBrowse -->
