<?xml version="1.0" encoding="UTF-8"?>
<!-- Generated by org.testng.reporters.JUnitReportReporter -->
<testsuite skipped="0" hostname="DESKTOP-E1JT2VR" name="ApodGUI.CreateViewletTypesUsingViewletButton" tests="9" failures="0" timestamp="10 Mar 2020 13:32:40 GMT" time="92.752" errors="0">
  <testcase name="Login" time="23.952" classname="ApodGUI.CreateViewletTypesUsingViewletButton"/>
  <testcase name="CreateViewletUsingObjectCheckbox" time="2.898" classname="ApodGUI.CreateViewletTypesUsingViewletButton"/>
  <testcase name="CreateATemporaryViewletUsingSearchCheckbox" time="21.517" classname="ApodGUI.CreateViewletTypesUsingViewletButton"/>
  <testcase name="CreateFavoriteViewletUsingCheckbox" time="3.444" classname="ApodGUI.CreateViewletTypesUsingViewletButton"/>
  <testcase name="OpenAnExistingCheckbox" time="1.713" classname="ApodGUI.CreateViewletTypesUsingViewletButton"/>
  <testcase name="CreateTemporaryViewletUsingTemporaryViewletCheckbox" time="25.196" classname="ApodGUI.CreateViewletTypesUsingViewletButton"/>
  <testcase name="EditViewletOption" time="4.381" classname="ApodGUI.CreateViewletTypesUsingViewletButton"/>
  <testcase name="DeleteViewletOption" time="6.794" classname="ApodGUI.CreateViewletTypesUsingViewletButton"/>
  <testcase name="Logout" time="2.857" classname="ApodGUI.CreateViewletTypesUsingViewletButton"/>
</testsuite> <!-- ApodGUI.CreateViewletTypesUsingViewletButton -->
