<?xml version="1.0" encoding="UTF-8"?>
<!-- Generated by org.testng.reporters.JUnitReportReporter -->
<testsuite skipped="0" hostname="DESKTOP-E1JT2VR" name="ApodGUI.ManagerViewlet" tests="17" failures="0" timestamp="18 Sep 2019 11:05:32 GMT" time="569.008" errors="0">
  <testcase name="Login" time="32.021" classname="ApodGUI.ManagerViewlet"/>
  <testcase name="AddNewManagerFromIcon" time="59.911" classname="ApodGUI.ManagerViewlet"/>
  <testcase name="ShowTopology" time="20.081" classname="ApodGUI.ManagerViewlet"/>
  <testcase name="Security" time="21.541" classname="ApodGUI.ManagerViewlet"/>
  <testcase name="ViewErrorLogs" time="21.973" classname="ApodGUI.ManagerViewlet"/>
  <testcase name="Properties" time="23.433" classname="ApodGUI.ManagerViewlet"/>
  <testcase name="MQSCConsole" time="25.475" classname="ApodGUI.ManagerViewlet"/>
  <testcase name="DiscoverNow" time="8.915" classname="ApodGUI.ManagerViewlet"/>
  <testcase name="Events" time="14.653" classname="ApodGUI.ManagerViewlet"/>
  <testcase name="AddToFavorites" time="25.943" classname="ApodGUI.ManagerViewlet"/>
  <testcase name="CompareManagers" time="13.821" classname="ApodGUI.ManagerViewlet"/>
  <testcase name="MultipleManagersProperties" time="40.283" classname="ApodGUI.ManagerViewlet"/>
  <testcase name="AddToFavoriteForMultipleManagers" time="20.237" classname="ApodGUI.ManagerViewlet"/>
  <testcase name="CreateQueueManagerFromOptions" time="43.733" classname="ApodGUI.ManagerViewlet"/>
  <testcase name="SearchFilter" time="13.469" classname="ApodGUI.ManagerViewlet"/>
  <testcase name="ShowObjectAttributes" time="180.908" classname="ApodGUI.ManagerViewlet"/>
  <testcase name="Logout" time="2.611" classname="ApodGUI.ManagerViewlet"/>
</testsuite> <!-- ApodGUI.ManagerViewlet -->
