<?xml version="1.0" encoding="UTF-8"?>
<!-- Generated by org.testng.reporters.JUnitReportReporter -->
<testsuite skipped="0" hostname="DESKTOP-E1JT2VR" name="ApodGUI.ManagerViewlet" tests="4" failures="0" timestamp="14 Jan 2020 05:50:39 GMT" time="85.108" errors="0">
  <testcase name="Login" time="36.950" classname="ApodGUI.ManagerViewlet"/>
  <testcase name="AddToFavorites" time="30.474" classname="ApodGUI.ManagerViewlet"/>
  <testcase name="AddToFavoriteForMultipleManagers" time="10.839" classname="ApodGUI.ManagerViewlet"/>
  <testcase name="Logout" time="6.845" classname="ApodGUI.ManagerViewlet"/>
</testsuite> <!-- ApodGUI.ManagerViewlet -->
