<?xml version="1.0" encoding="UTF-8"?>
<!-- Generated by org.testng.reporters.JUnitReportReporter -->
<testsuite skipped="0" hostname="DESKTOP-E1JT2VR" name="ApodGUI.ListenerViewlet" tests="11" failures="0" timestamp="18 Sep 2019 12:42:26 GMT" time="314.894" errors="0">
  <testcase name="Login" time="26.273" classname="ApodGUI.ListenerViewlet"/>
  <testcase name="AddListenerViewlet" time="17.460" classname="ApodGUI.ListenerViewlet"/>
  <testcase name="AddToFavoriteViewlet" time="8.040" classname="ApodGUI.ListenerViewlet"/>
  <testcase name="CompareListeners" time="12.092" classname="ApodGUI.ListenerViewlet"/>
  <testcase name="CreateListenerFromPlusIcon" time="85.952" classname="ApodGUI.ListenerViewlet"/>
  <testcase name="CopyAsFromCommandsForMultiple" time="41.007" classname="ApodGUI.ListenerViewlet"/>
  <testcase name="RenameFromCommandsForMultiple" time="41.575" classname="ApodGUI.ListenerViewlet"/>
  <testcase name="DeleteFromCommandsForMultiple" time="31.785" classname="ApodGUI.ListenerViewlet"/>
  <testcase name="ListenerMultipleProperties" time="23.169" classname="ApodGUI.ListenerViewlet"/>
  <testcase name="AddToFavoriteForMultipleListeners" time="14.935" classname="ApodGUI.ListenerViewlet"/>
  <testcase name="Logout" time="12.606" classname="ApodGUI.ListenerViewlet"/>
</testsuite> <!-- ApodGUI.ListenerViewlet -->
