<?xml version="1.0" encoding="UTF-8"?>
<!-- Generated by org.testng.reporters.JUnitReportReporter -->
<testsuite skipped="0" hostname="DESKTOP-E1JT2VR" name="ApodGUI.ListenerViewlet" tests="4" failures="0" timestamp="12 Nov 2019 10:46:25 GMT" time="107.980" errors="0">
  <testcase name="Login" time="25.429" classname="ApodGUI.ListenerViewlet"/>
  <testcase name="AddListenerViewlet" time="8.744" classname="ApodGUI.ListenerViewlet"/>
  <testcase name="ShowObjectAttributesForListener" time="57.713" classname="ApodGUI.ListenerViewlet"/>
  <testcase name="Logout" time="16.094" classname="ApodGUI.ListenerViewlet"/>
</testsuite> <!-- ApodGUI.ListenerViewlet -->
