<?xml version="1.0" encoding="UTF-8"?>
<!-- Generated by org.testng.reporters.JUnitReportReporter -->
<testsuite skipped="0" hostname="DESKTOP-E1JT2VR" name="ApodGUI.ProcessViewlet" tests="18" failures="0" timestamp="18 Sep 2019 11:05:32 GMT" time="512.303" errors="0">
  <testcase name="Login" time="34.246" classname="ApodGUI.ProcessViewlet"/>
  <testcase name="AddProcessViewlet" time="13.317" classname="ApodGUI.ProcessViewlet"/>
  <testcase name="CreateProcessFromPlusIcon" time="36.452" classname="ApodGUI.ProcessViewlet"/>
  <testcase name="CopyAsFromCommands" time="37.299" classname="ApodGUI.ProcessViewlet"/>
  <testcase name="RenameFromCommands" time="35.378" classname="ApodGUI.ProcessViewlet"/>
  <testcase name="DeleteFromCommands" time="24.151" classname="ApodGUI.ProcessViewlet"/>
  <testcase name="CreateProcess" time="37.508" classname="ApodGUI.ProcessViewlet"/>
  <testcase name="Properties" time="14.463" classname="ApodGUI.ProcessViewlet"/>
  <testcase name="ProcessEvents" time="10.869" classname="ApodGUI.ProcessViewlet"/>
  <testcase name="AddToFavoriteViewlet" time="22.152" classname="ApodGUI.ProcessViewlet"/>
  <testcase name="CompareProcessNames" time="19.951" classname="ApodGUI.ProcessViewlet"/>
  <testcase name="CopyAsFromCommandsForMultipleProcess" time="41.075" classname="ApodGUI.ProcessViewlet"/>
  <testcase name="RenameFromCommandsForMultipleProcess" time="43.126" classname="ApodGUI.ProcessViewlet"/>
  <testcase name="DeleteFromCommandsForMultipleProcess" time="27.497" classname="ApodGUI.ProcessViewlet"/>
  <testcase name="MultipleProperties" time="42.476" classname="ApodGUI.ProcessViewlet"/>
  <testcase name="AddToFavoriteForMultipleProcess" time="17.470" classname="ApodGUI.ProcessViewlet"/>
  <testcase name="ShowObjectAttributesForProcess" time="42.673" classname="ApodGUI.ProcessViewlet"/>
  <testcase name="Logout" time="12.200" classname="ApodGUI.ProcessViewlet"/>
</testsuite> <!-- ApodGUI.ProcessViewlet -->
