<?xml version="1.0" encoding="UTF-8"?>
<!-- Generated by org.testng.reporters.JUnitReportReporter -->
<testsuite skipped="0" hostname="DESKTOP-E1JT2VR" name="ApodGUI.ListenerViewlet" tests="4" failures="0" timestamp="27 Sep 2019 15:25:07 GMT" time="108.936" errors="0">
  <testcase name="Login" time="37.741" classname="ApodGUI.ListenerViewlet"/>
  <testcase name="AddListenerViewlet" time="8.965" classname="ApodGUI.ListenerViewlet"/>
  <testcase name="ShowObjectAttributesForListener" time="43.634" classname="ApodGUI.ListenerViewlet"/>
  <testcase name="Logout" time="18.596" classname="ApodGUI.ListenerViewlet"/>
</testsuite> <!-- ApodGUI.ListenerViewlet -->
