<?xml version="1.0" encoding="UTF-8"?>
<!-- Generated by org.testng.reporters.JUnitReportReporter -->
<testsuite skipped="0" hostname="DESKTOP-E1JT2VR" name="ApodGUI.EMSManagerViewlet" tests="7" failures="0" timestamp="30 Dec 2019 08:57:32 GMT" time="145.759" errors="0">
  <testcase name="Login" time="30.721" classname="ApodGUI.EMSManagerViewlet"/>
  <testcase name="EMSMQSCConsoleCommandOption" time="23.079" classname="ApodGUI.EMSManagerViewlet"/>
  <testcase name="SaveMQSCConsoleResponceData" time="4.491" classname="ApodGUI.EMSManagerViewlet"/>
  <testcase name="ClearMQSCConsoleResponceData" time="18.185" classname="ApodGUI.EMSManagerViewlet"/>
  <testcase name="AddToFavorites" time="23.451" classname="ApodGUI.EMSManagerViewlet"/>
  <testcase name="ShowObjectAttributes" time="42.852" classname="ApodGUI.EMSManagerViewlet"/>
  <testcase name="Logout" time="2.980" classname="ApodGUI.EMSManagerViewlet"/>
</testsuite> <!-- ApodGUI.EMSManagerViewlet -->
