<?xml version="1.0" encoding="UTF-8"?>
<!-- Generated by org.testng.reporters.JUnitReportReporter -->
<testsuite hostname="DESKTOP-7T1JQ3H" name="ApodGUI.TestCaseScripts" tests="32" failures="0" timestamp="29 Apr 2019 07:19:47 GMT" time="0.027" errors="0">
  <testcase name="NodeDropdown18508" time="0.000" classname="ApodGUI.TestCaseScripts"/>
  <testcase name="ExtendSessionWindow19569" time="0.000" classname="ApodGUI.TestCaseScripts"/>
  <testcase name="ListenerAtrributes_Edit_18419" time="0.000" classname="ApodGUI.TestCaseScripts"/>
  <testcase name="ListeningPort_19426" time="0.000" classname="ApodGUI.TestCaseScripts"/>
  <testcase name="ModifyRemoteQueueManager" time="0.000" classname="ApodGUI.TestCaseScripts"/>
  <testcase name="DatePicker19570" time="0.000" classname="ApodGUI.TestCaseScripts"/>
  <testcase name="DeleteWorkgroup" time="0.000" classname="ApodGUI.TestCaseScripts"/>
  <testcase name="DeleteRemoteQueueManager" time="0.000" classname="ApodGUI.TestCaseScripts"/>
  <testcase name="AddWorkgroupFromPlusIcon" time="0.023" classname="ApodGUI.TestCaseScripts"/>
  <testcase name="EMSChannels18790" time="0.000" classname="ApodGUI.TestCaseScripts"/>
  <testcase name="NodeInsteadOfManager20002" time="0.000" classname="ApodGUI.TestCaseScripts"/>
  <testcase name="AddNode" time="0.000" classname="ApodGUI.TestCaseScripts"/>
  <testcase name="Putmessage19733" time="0.000" classname="ApodGUI.TestCaseScripts"/>
  <testcase name="MessageLengthField19678" time="0.000" classname="ApodGUI.TestCaseScripts"/>
  <testcase name="NavigatorFeatures_20031" time="0.001" classname="ApodGUI.TestCaseScripts"/>
  <testcase name="EMSAdminRoles_19996" time="0.001" classname="ApodGUI.TestCaseScripts"/>
  <testcase name="ManagerNameUnderServerGroup_20012" time="0.000" classname="ApodGUI.TestCaseScripts"/>
  <testcase name="ChannelProperties19729" time="0.000" classname="ApodGUI.TestCaseScripts"/>
  <testcase name="DataLimitOffSet19344" time="0.000" classname="ApodGUI.TestCaseScripts"/>
  <testcase name="AddRemoteQueueManager19564" time="0.000" classname="ApodGUI.TestCaseScripts"/>
  <testcase name="EditWorkgroup" time="0.000" classname="ApodGUI.TestCaseScripts"/>
  <testcase name="EMSStartandStop19262" time="0.001" classname="ApodGUI.TestCaseScripts"/>
  <testcase name="SearchFilter" time="0.000" classname="ApodGUI.TestCaseScripts"/>
  <testcase name="ManagerOptions19787" time="0.000" classname="ApodGUI.TestCaseScripts"/>
  <testcase name="Attributefiletr" time="0.000" classname="ApodGUI.TestCaseScripts"/>
  <testcase name="StartandStopListener18772" time="0.000" classname="ApodGUI.TestCaseScripts"/>
  <testcase name="RenewToken19411" time="0.000" classname="ApodGUI.TestCaseScripts"/>
  <testcase name="AddRemoteQueueManager" time="0.001" classname="ApodGUI.TestCaseScripts"/>
  <testcase name="LoginUser" time="0.000" classname="ApodGUI.TestCaseScripts"/>
  <testcase name="ScheduleView19595" time="0.000" classname="ApodGUI.TestCaseScripts"/>
  <testcase name="ExportMessagesText19715" time="0.000" classname="ApodGUI.TestCaseScripts"/>
  <testcase name="DefaultAuditProfile_20008" time="0.000" classname="ApodGUI.TestCaseScripts"/>
</testsuite> <!-- ApodGUI.TestCaseScripts -->
