<?xml version="1.0" encoding="UTF-8"?>
<!-- Generated by org.testng.reporters.JUnitReportReporter -->
<testsuite skipped="0" hostname="DESKTOP-E1JT2VR" name="ApodGUI.AuthorizationInfoViewlet" tests="8" failures="0" timestamp="18 Sep 2019 11:05:32 GMT" time="150.577" errors="0">
  <testcase name="Login" time="33.335" classname="ApodGUI.AuthorizationInfoViewlet"/>
  <testcase name="AddAuthInfoViewlet" time="18.527" classname="ApodGUI.AuthorizationInfoViewlet"/>
  <testcase name="AuthInfoEvents" time="20.950" classname="ApodGUI.AuthorizationInfoViewlet"/>
  <testcase name="AddToFavoriteViewlet" time="17.478" classname="ApodGUI.AuthorizationInfoViewlet"/>
  <testcase name="CompareAuthInfo" time="12.668" classname="ApodGUI.AuthorizationInfoViewlet"/>
  <testcase name="AddToFavoriteForMultipleAuthInfo" time="4.663" classname="ApodGUI.AuthorizationInfoViewlet"/>
  <testcase name="ShowObjectAttributesForAuthInfo" time="27.116" classname="ApodGUI.AuthorizationInfoViewlet"/>
  <testcase name="Logout" time="15.840" classname="ApodGUI.AuthorizationInfoViewlet"/>
</testsuite> <!-- ApodGUI.AuthorizationInfoViewlet -->
