<?xml version="1.0" encoding="UTF-8"?>
<!-- Generated by org.testng.reporters.JUnitReportReporter -->
<testsuite skipped="0" hostname="DESKTOP-E1JT2VR" name="ApodGUI.QueueMessages" tests="14" failures="0" timestamp="26 Dec 2019 12:36:11 GMT" time="468.883" errors="0">
  <testcase name="Login" time="89.211" classname="ApodGUI.QueueMessages"/>
  <testcase name="PutNewMessageIntoQueue" time="26.698" classname="ApodGUI.QueueMessages"/>
  <testcase name="LoadFromFileUsingYesbutton" time="35.841" classname="ApodGUI.QueueMessages"/>
  <testcase name="LoadFromFileUsingConfigurebuttonWithSingleMessage" time="42.792" classname="ApodGUI.QueueMessages"/>
  <testcase name="LoadFromFileUsingConfigurebuttonWithMultipleMessages" time="48.345" classname="ApodGUI.QueueMessages"/>
  <testcase name="ExportAllMessages" time="24.663" classname="ApodGUI.QueueMessages"/>
  <testcase name="CopyAllMessagesFromOneQueueToAnotherQueue" time="25.814" classname="ApodGUI.QueueMessages"/>
  <testcase name="MoveAllMessagesFromOneQueueToAnotherQueue" time="10.841" classname="ApodGUI.QueueMessages"/>
  <testcase name="DeleteAllMessagesFromQueue" time="32.661" classname="ApodGUI.QueueMessages"/>
  <testcase name="ClearAllMessagesFromQueue" time="15.270" classname="ApodGUI.QueueMessages"/>
  <testcase name="PutMessageUsingJsonFile" time="40.236" classname="ApodGUI.QueueMessages"/>
  <testcase name="PutMessageUsingXMLFile" time="27.069" classname="ApodGUI.QueueMessages"/>
  <testcase name="PutHexMessageIntoQueue" time="29.840" classname="ApodGUI.QueueMessages"/>
  <testcase name="Logout" time="19.602" classname="ApodGUI.QueueMessages"/>
</testsuite> <!-- ApodGUI.QueueMessages -->
