<?xml version="1.0" encoding="UTF-8"?>
<!-- Generated by org.testng.reporters.JUnitReportReporter -->
<testsuite hostname="DESKTOP-7T1JQ3H" name="ApodGUI.ManagerOptions19787" tests="6" failures="0" timestamp="21 May 2019 08:01:46 GMT" time="59.459" errors="0">
  <testcase name="ManagerOptions" time="1.219" classname="ApodGUI.ManagerOptions19787"/>
  <testcase name="Logout" time="2.581" classname="ApodGUI.ManagerOptions19787"/>
  <testcase name="Login" time="25.340" classname="ApodGUI.ManagerOptions19787"/>
  <testcase name="ManagerOptions" time="1.299" classname="ApodGUI.ManagerOptions19787"/>
  <testcase name="Logout" time="2.718" classname="ApodGUI.ManagerOptions19787"/>
  <testcase name="Login" time="26.302" classname="ApodGUI.ManagerOptions19787"/>
</testsuite> <!-- ApodGUI.ManagerOptions19787 -->
