<?xml version="1.0" encoding="UTF-8"?>
<!-- Generated by org.testng.reporters.JUnitReportReporter -->
<testsuite skipped="0" hostname="DESKTOP-E1JT2VR" name="ApodGUI.AddSchemaToTheViewlet" tests="11" failures="0" timestamp="29 Aug 2019 11:45:05 GMT" time="115.754" errors="0">
  <testcase name="Login" time="22.674" classname="ApodGUI.AddSchemaToTheViewlet"/>
  <testcase name="AddNewDashboard" time="9.906" classname="ApodGUI.AddSchemaToTheViewlet"/>
  <testcase name="AddAllAttributesButton" time="1.863" classname="ApodGUI.AddSchemaToTheViewlet"/>
  <testcase name="RemoveAllAttributesButton" time="10.895" classname="ApodGUI.AddSchemaToTheViewlet"/>
  <testcase name="AddAttributesButton" time="1.205" classname="ApodGUI.AddSchemaToTheViewlet"/>
  <testcase name="RemoveAttributeButton" time="10.957" classname="ApodGUI.AddSchemaToTheViewlet"/>
  <testcase name="MoveToTopButton" time="9.144" classname="ApodGUI.AddSchemaToTheViewlet"/>
  <testcase name="MoveToBottomButton" time="8.868" classname="ApodGUI.AddSchemaToTheViewlet"/>
  <testcase name="MoveUpButton" time="13.280" classname="ApodGUI.AddSchemaToTheViewlet"/>
  <testcase name="MoveDownButton" time="16.551" classname="ApodGUI.AddSchemaToTheViewlet"/>
  <testcase name="Logout" time="10.411" classname="ApodGUI.AddSchemaToTheViewlet"/>
</testsuite> <!-- ApodGUI.AddSchemaToTheViewlet -->
