<?xml version="1.0" encoding="UTF-8"?>
<!-- Generated by org.testng.reporters.JUnitReportReporter -->
<testsuite skipped="0" hostname="DESKTOP-E1JT2VR" name="ApodGUI.QueuesViewlet" tests="5" failures="0" timestamp="12 Nov 2019 08:43:28 GMT" time="154.513" errors="0">
  <testcase name="Login" time="38.336" classname="ApodGUI.QueuesViewlet"/>
  <testcase name="BrowseMessages" time="18.974" classname="ApodGUI.QueuesViewlet"/>
  <testcase name="CreateQueueFromOptions" time="27.569" classname="ApodGUI.QueuesViewlet"/>
  <testcase name="QueueCommands" time="50.330" classname="ApodGUI.QueuesViewlet"/>
  <testcase name="Logout" time="19.304" classname="ApodGUI.QueuesViewlet"/>
</testsuite> <!-- ApodGUI.QueuesViewlet -->
