<?xml version="1.0" encoding="UTF-8"?>
<!-- Generated by org.testng.reporters.JUnitReportReporter -->
<testsuite skipped="0" hostname="DESKTOP-E1JT2VR" name="ApodGUI.EMSManagerViewlet" tests="4" failures="0" timestamp="10 Mar 2020 10:29:32 GMT" time="75.152" errors="0">
  <testcase name="Login" time="47.069" classname="ApodGUI.EMSManagerViewlet"/>
  <testcase name="EMSManagerProperties" time="14.886" classname="ApodGUI.EMSManagerViewlet"/>
  <testcase name="AddToFavorites" time="10.289" classname="ApodGUI.EMSManagerViewlet"/>
  <testcase name="Logout" time="2.908" classname="ApodGUI.EMSManagerViewlet"/>
</testsuite> <!-- ApodGUI.EMSManagerViewlet -->
