<?xml version="1.0" encoding="UTF-8"?>
<!-- Generated by org.testng.reporters.JUnitReportReporter -->
<testsuite skipped="0" hostname="DESKTOP-E1JT2VR" name="ApodGUI.EMSQueueMessages" tests="9" failures="0" timestamp="16 Sep 2019 12:57:40 GMT" time="173.067" errors="0">
  <testcase name="Login" time="36.093" classname="ApodGUI.EMSQueueMessages"/>
  <testcase name="PutNewMessageIntoQueue" time="9.971" classname="ApodGUI.EMSQueueMessages"/>
  <testcase name="LoadFromFile" time="21.668" classname="ApodGUI.EMSQueueMessages"/>
  <testcase name="ExportAllMessages" time="22.903" classname="ApodGUI.EMSQueueMessages"/>
  <testcase name="CopyAllMessagesFromOneQueueToAnotherQueue" time="18.732" classname="ApodGUI.EMSQueueMessages"/>
  <testcase name="MoveAllMessagesFromOneQueueToAnotherQueue" time="17.001" classname="ApodGUI.EMSQueueMessages"/>
  <testcase name="DeleteAllMessagesFromQueue" time="20.915" classname="ApodGUI.EMSQueueMessages"/>
  <testcase name="ClearAllMessagesFromQueue" time="22.802" classname="ApodGUI.EMSQueueMessages"/>
  <testcase name="Logout" time="2.982" classname="ApodGUI.EMSQueueMessages"/>
</testsuite> <!-- ApodGUI.EMSQueueMessages -->
