<?xml version="1.0" encoding="UTF-8"?>
<!-- Generated by org.testng.reporters.JUnitReportReporter -->
<testsuite hostname="DESKTOP-7T1JQ3H" name="ApodGUI.StartandStopListener18772" tests="8" failures="0" timestamp="21 May 2019 08:01:46 GMT" time="63.633" errors="0">
  <testcase name="AddListenerViewlet" time="5.479" classname="ApodGUI.StartandStopListener18772"/>
  <testcase name="Logout" time="2.635" classname="ApodGUI.StartandStopListener18772"/>
  <testcase name="Login" time="21.894" classname="ApodGUI.StartandStopListener18772"/>
  <testcase name="AddListenerViewlet" time="5.573" classname="ApodGUI.StartandStopListener18772"/>
  <testcase name="Login" time="22.776" classname="ApodGUI.StartandStopListener18772"/>
  <testcase name="CommandOptions" time="1.371" classname="ApodGUI.StartandStopListener18772"/>
  <testcase name="Logout" time="2.559" classname="ApodGUI.StartandStopListener18772"/>
  <testcase name="CommandOptions" time="1.346" classname="ApodGUI.StartandStopListener18772"/>
</testsuite> <!-- ApodGUI.StartandStopListener18772 -->
