<?xml version="1.0" encoding="UTF-8"?>
<!-- Generated by org.testng.reporters.JUnitReportReporter -->
<testsuite skipped="0" hostname="DESKTOP-E1JT2VR" name="ApodGUI.ServiceViewlet" tests="8" failures="0" timestamp="10 Sep 2019 09:45:10 GMT" time="156.828" errors="0">
  <testcase name="Login" time="34.646" classname="ApodGUI.ServiceViewlet"/>
  <testcase name="AddServiceViewlet" time="4.830" classname="ApodGUI.ServiceViewlet"/>
  <testcase name="ServiceEvents" time="20.990" classname="ApodGUI.ServiceViewlet"/>
  <testcase name="AddToFavoriteViewlet" time="17.499" classname="ApodGUI.ServiceViewlet"/>
  <testcase name="CompareServiceNames" time="14.610" classname="ApodGUI.ServiceViewlet"/>
  <testcase name="AddToFavoriteForMultipleServices" time="14.333" classname="ApodGUI.ServiceViewlet"/>
  <testcase name="ShowObjectAttributesForService" time="47.262" classname="ApodGUI.ServiceViewlet"/>
  <testcase name="Logout" time="2.658" classname="ApodGUI.ServiceViewlet"/>
</testsuite> <!-- ApodGUI.ServiceViewlet -->
