<?xml version="1.0" encoding="UTF-8"?>
<!-- Generated by org.testng.reporters.JUnitReportReporter -->
<testsuite skipped="0" hostname="DESKTOP-E1JT2VR" name="ApodGUI.SearchCriteria" tests="4" failures="0" timestamp="23 Jan 2020 06:50:31 GMT" time="100.377" errors="0">
  <testcase name="Login" time="24.961" classname="ApodGUI.SearchCriteria"/>
  <testcase name="PutAmessageIntoQueue" time="32.891" classname="ApodGUI.SearchCriteria"/>
  <testcase name="AddSearchCriteriaCondition" time="9.926" classname="ApodGUI.SearchCriteria"/>
  <testcase name="Logout" time="32.599" classname="ApodGUI.SearchCriteria"/>
</testsuite> <!-- ApodGUI.SearchCriteria -->
