<?xml version="1.0" encoding="UTF-8"?>
<!-- Generated by org.testng.reporters.JUnitReportReporter -->
<testsuite skipped="0" hostname="DESKTOP-E1JT2VR" name="ApodGUI.ManagerViewlet" tests="4" failures="0" timestamp="28 Jan 2020 07:59:31 GMT" time="104.582" errors="0">
  <testcase name="Login" time="22.995" classname="ApodGUI.ManagerViewlet"/>
  <testcase name="CreateQueueManagerFromOptions" time="32.771" classname="ApodGUI.ManagerViewlet"/>
  <testcase name="SearchFilter" time="20.530" classname="ApodGUI.ManagerViewlet"/>
  <testcase name="Logout" time="28.286" classname="ApodGUI.ManagerViewlet"/>
</testsuite> <!-- ApodGUI.ManagerViewlet -->
