<?xml version="1.0" encoding="UTF-8"?>
<!-- Generated by org.testng.reporters.JUnitReportReporter -->
<testsuite skipped="0" hostname="DESKTOP-E1JT2VR" name="ApodGUI.DurableViewlet" tests="5" failures="0" timestamp="12 Nov 2019 10:31:25 GMT" time="119.178" errors="0">
  <testcase name="Login" time="38.892" classname="ApodGUI.DurableViewlet"/>
  <testcase name="AddDurableViewlet" time="11.634" classname="ApodGUI.DurableViewlet"/>
  <testcase name="AddDurableFromPlusIcon" time="32.718" classname="ApodGUI.DurableViewlet"/>
  <testcase name="DeleteCommand" time="28.746" classname="ApodGUI.DurableViewlet"/>
  <testcase name="Logout" time="7.188" classname="ApodGUI.DurableViewlet"/>
</testsuite> <!-- ApodGUI.DurableViewlet -->
