<?xml version="1.0" encoding="UTF-8"?>
<!-- Generated by org.testng.reporters.JUnitReportReporter -->
<testsuite skipped="0" hostname="DESKTOP-E1JT2VR" name="ApodGUI.QueuesViewlet" tests="3" failures="0" timestamp="29 Aug 2019 09:35:26 GMT" time="49.937" errors="0">
  <testcase name="Login" time="39.473" classname="ApodGUI.QueuesViewlet"/>
  <testcase name="SearchFilter" time="4.687" classname="ApodGUI.QueuesViewlet"/>
  <testcase name="Logout" time="5.777" classname="ApodGUI.QueuesViewlet"/>
</testsuite> <!-- ApodGUI.QueuesViewlet -->
