<?xml version="1.0" encoding="UTF-8"?>
<!-- Generated by org.testng.reporters.JUnitReportReporter -->
<testsuite skipped="0" hostname="DESKTOP-E1JT2VR" name="ApodGUI.AttributeFilterCondition" tests="4" failures="0" timestamp="12 Nov 2019 07:30:21 GMT" time="69.884" errors="0">
  <testcase name="Login" time="20.301" classname="ApodGUI.AttributeFilterCondition"/>
  <testcase name="AddDashboard" time="5.343" classname="ApodGUI.AttributeFilterCondition"/>
  <testcase name="AddAttributeFilterCondition" time="41.740" classname="ApodGUI.AttributeFilterCondition"/>
  <testcase name="Logout" time="2.500" classname="ApodGUI.AttributeFilterCondition"/>
</testsuite> <!-- ApodGUI.AttributeFilterCondition -->
