<?xml version="1.0" encoding="UTF-8"?>
<!-- Generated by org.testng.reporters.JUnitReportReporter -->
<testsuite skipped="0" hostname="DESKTOP-E1JT2VR" name="ApodGUI.ListenerViewlet" tests="19" failures="0" timestamp="14 Jan 2020 11:26:40 GMT" time="689.795" errors="0">
  <testcase name="Login" time="44.623" classname="ApodGUI.ListenerViewlet"/>
  <testcase name="AddListenerViewlet" time="25.235" classname="ApodGUI.ListenerViewlet"/>
  <testcase name="CreateListener" time="45.665" classname="ApodGUI.ListenerViewlet"/>
  <testcase name="CopyAsFromCommands" time="45.377" classname="ApodGUI.ListenerViewlet"/>
  <testcase name="RenameFromCommands" time="48.697" classname="ApodGUI.ListenerViewlet"/>
  <testcase name="DeleteFromCommands" time="15.748" classname="ApodGUI.ListenerViewlet"/>
  <testcase name="ListenerProperties" time="19.971" classname="ApodGUI.ListenerViewlet"/>
  <testcase name="ListenerEvents" time="26.048" classname="ApodGUI.ListenerViewlet"/>
  <testcase name="AddToFavoriteViewlet" time="22.192" classname="ApodGUI.ListenerViewlet"/>
  <testcase name="CompareListeners" time="20.230" classname="ApodGUI.ListenerViewlet"/>
  <testcase name="CheckDifferencesForListeners" time="23.368" classname="ApodGUI.ListenerViewlet"/>
  <testcase name="CreateListenerFromPlusIcon" time="89.773" classname="ApodGUI.ListenerViewlet"/>
  <testcase name="CopyAsFromCommandsForMultiple" time="44.758" classname="ApodGUI.ListenerViewlet"/>
  <testcase name="RenameFromCommandsForMultiple" time="47.623" classname="ApodGUI.ListenerViewlet"/>
  <testcase name="DeleteFromCommandsForMultiple" time="35.882" classname="ApodGUI.ListenerViewlet"/>
  <testcase name="ListenerMultipleProperties" time="46.021" classname="ApodGUI.ListenerViewlet"/>
  <testcase name="AddToFavoriteForMultipleListeners" time="27.031" classname="ApodGUI.ListenerViewlet"/>
  <testcase name="ShowObjectAttributesForListener" time="44.384" classname="ApodGUI.ListenerViewlet"/>
  <testcase name="Logout" time="17.169" classname="ApodGUI.ListenerViewlet"/>
</testsuite> <!-- ApodGUI.ListenerViewlet -->
