<?xml version="1.0" encoding="UTF-8"?>
<!-- Generated by org.testng.reporters.JUnitReportReporter -->
<testsuite skipped="0" hostname="DESKTOP-E1JT2VR" name="ApodGUI.QueuesViewlet" tests="16" failures="0" timestamp="16 Sep 2019 12:57:40 GMT" time="446.714" errors="0">
  <testcase name="Login" time="45.742" classname="ApodGUI.QueuesViewlet"/>
  <testcase name="BrowseMessages" time="13.620" classname="ApodGUI.QueuesViewlet"/>
  <testcase name="ShowQueueStatus" time="13.928" classname="ApodGUI.QueuesViewlet"/>
  <testcase name="CreateQueueFromOptions" time="35.553" classname="ApodGUI.QueuesViewlet"/>
  <testcase name="QueueCommands" time="45.143" classname="ApodGUI.QueuesViewlet"/>
  <testcase name="QueueProperties" time="13.206" classname="ApodGUI.QueuesViewlet"/>
  <testcase name="QueueEvents" time="20.016" classname="ApodGUI.QueuesViewlet"/>
  <testcase name="AddToFavoriteViewlet" time="18.007" classname="ApodGUI.QueuesViewlet"/>
  <testcase name="CompareQueues" time="3.967" classname="ApodGUI.QueuesViewlet"/>
  <testcase name="ShowQueueStatusForMultipleQueues" time="17.521" classname="ApodGUI.QueuesViewlet"/>
  <testcase name="MultipleQueueProperties" time="33.841" classname="ApodGUI.QueuesViewlet"/>
  <testcase name="AddToFavoriteForMultipleQueues" time="13.874" classname="ApodGUI.QueuesViewlet"/>
  <testcase name="AddQueueFromPlusIcon" time="30.133" classname="ApodGUI.QueuesViewlet"/>
  <testcase name="SearchFilter" time="12.937" classname="ApodGUI.QueuesViewlet"/>
  <testcase name="ShowObjectAttributesForQueues" time="113.903" classname="ApodGUI.QueuesViewlet"/>
  <testcase name="Logout" time="15.323" classname="ApodGUI.QueuesViewlet"/>
</testsuite> <!-- ApodGUI.QueuesViewlet -->
