<?xml version="1.0" encoding="UTF-8"?>
<!-- Generated by org.testng.reporters.JUnitReportReporter -->
<testsuite skipped="0" hostname="DESKTOP-E1JT2VR" name="ApodGUI.WorkgroupServer" tests="5" failures="0" timestamp="20 Jan 2020 11:12:39 GMT" time="165.123" errors="0">
  <testcase name="Login" time="54.419" classname="ApodGUI.WorkgroupServer"/>
  <testcase name="AddWorkgroupFromPlusIcon" time="43.942" classname="ApodGUI.WorkgroupServer"/>
  <testcase name="DefaultConnection" time="23.620" classname="ApodGUI.WorkgroupServer"/>
  <testcase name="DeleteWorkgroup" time="14.967" classname="ApodGUI.WorkgroupServer"/>
  <testcase name="Logout" time="28.175" classname="ApodGUI.WorkgroupServer"/>
</testsuite> <!-- ApodGUI.WorkgroupServer -->
