<?xml version="1.0" encoding="UTF-8"?>
<!-- Generated by org.testng.reporters.JUnitReportReporter -->
<testsuite skipped="0" hostname="DESKTOP-E1JT2VR" name="ApodGUI.RouteViewlet" tests="4" failures="0" timestamp="22 Jan 2020 09:42:56 GMT" time="102.717" errors="0">
  <testcase name="Login" time="26.212" classname="ApodGUI.RouteViewlet"/>
  <testcase name="AddRouteViewlet" time="28.476" classname="ApodGUI.RouteViewlet"/>
  <testcase name="MultipleProperties" time="45.640" classname="ApodGUI.RouteViewlet"/>
  <testcase name="Logout" time="2.389" classname="ApodGUI.RouteViewlet"/>
</testsuite> <!-- ApodGUI.RouteViewlet -->
