<?xml version="1.0" encoding="UTF-8"?>
<!-- Generated by org.testng.reporters.JUnitReportReporter -->
<testsuite skipped="0" hostname="DESKTOP-E1JT2VR" name="ApodGUI.SearchCriteria" tests="4" failures="0" timestamp="17 Jan 2020 09:28:47 GMT" time="87.479" errors="0">
  <testcase name="Login" time="25.181" classname="ApodGUI.SearchCriteria"/>
  <testcase name="PutAmessageIntoQueue" time="32.628" classname="ApodGUI.SearchCriteria"/>
  <testcase name="AddSearchCriteriaCondition" time="23.232" classname="ApodGUI.SearchCriteria"/>
  <testcase name="Logout" time="6.438" classname="ApodGUI.SearchCriteria"/>
</testsuite> <!-- ApodGUI.SearchCriteria -->
