<?xml version="1.0" encoding="UTF-8"?>
<!-- Generated by org.testng.reporters.JUnitReportReporter -->
<testsuite skipped="0" hostname="DESKTOP-E1JT2VR" name="ApodGUI.ListenerViewlet" tests="12" failures="0" timestamp="26 Aug 2019 12:48:53 GMT" time="200.417" errors="0">
  <testcase name="Login" time="18.900" classname="ApodGUI.ListenerViewlet"/>
  <testcase name="AddListenerViewlet" time="13.942" classname="ApodGUI.ListenerViewlet"/>
  <testcase name="CreateListener" time="22.978" classname="ApodGUI.ListenerViewlet"/>
  <testcase name="ListenerProperties" time="10.609" classname="ApodGUI.ListenerViewlet"/>
  <testcase name="ListenerEvents" time="19.607" classname="ApodGUI.ListenerViewlet"/>
  <testcase name="AddToFavoriteViewlet" time="10.110" classname="ApodGUI.ListenerViewlet"/>
  <testcase name="CompareListeners" time="10.652" classname="ApodGUI.ListenerViewlet"/>
  <testcase name="ListenerMultipleProperties" time="13.477" classname="ApodGUI.ListenerViewlet"/>
  <testcase name="AddToFavoriteForMultipleListeners" time="5.078" classname="ApodGUI.ListenerViewlet"/>
  <testcase name="CreateListenerFromPlusIcon" time="26.485" classname="ApodGUI.ListenerViewlet"/>
  <testcase name="ShowObjectAttributesForListener" time="45.636" classname="ApodGUI.ListenerViewlet"/>
  <testcase name="Logout" time="2.943" classname="ApodGUI.ListenerViewlet"/>
</testsuite> <!-- ApodGUI.ListenerViewlet -->
