<?xml version="1.0" encoding="UTF-8"?>
<!-- Generated by org.testng.reporters.JUnitReportReporter -->
<testsuite skipped="0" hostname="DESKTOP-E1JT2VR" name="ApodGUI.EMSQueuesInsideOptionsOfBrowse" tests="11" failures="0" timestamp="08 Jan 2020 09:43:02 GMT" time="254.771" errors="0">
  <testcase name="Login" time="46.001" classname="ApodGUI.EMSQueuesInsideOptionsOfBrowse"/>
  <testcase name="PutAMessageUsingPutNewIcon" time="27.224" classname="ApodGUI.EMSQueuesInsideOptionsOfBrowse"/>
  <testcase name="DeleteMessageUsingDeleteIcon" time="21.472" classname="ApodGUI.EMSQueuesInsideOptionsOfBrowse"/>
  <testcase name="CopyMessageUsingCopyIcon" time="18.854" classname="ApodGUI.EMSQueuesInsideOptionsOfBrowse"/>
  <testcase name="MoveMessageUsingMoveIcon" time="21.971" classname="ApodGUI.EMSQueuesInsideOptionsOfBrowse"/>
  <testcase name="LoadMessageFromFileUsingIcon" time="29.771" classname="ApodGUI.EMSQueuesInsideOptionsOfBrowse"/>
  <testcase name="ExportSelectedMessageUsingExportIcon" time="20.855" classname="ApodGUI.EMSQueuesInsideOptionsOfBrowse"/>
  <testcase name="DeleteMessageUsingDeleteOption" time="4.791" classname="ApodGUI.EMSQueuesInsideOptionsOfBrowse"/>
  <testcase name="CopyMessageUsingCopyOption" time="23.820" classname="ApodGUI.EMSQueuesInsideOptionsOfBrowse"/>
  <testcase name="MoveMessageUsingMoveOption" time="23.078" classname="ApodGUI.EMSQueuesInsideOptionsOfBrowse"/>
  <testcase name="Logout" time="16.934" classname="ApodGUI.EMSQueuesInsideOptionsOfBrowse"/>
</testsuite> <!-- ApodGUI.EMSQueuesInsideOptionsOfBrowse -->
