<?xml version="1.0" encoding="UTF-8"?>
<!-- Generated by org.testng.reporters.JUnitReportReporter -->
<testsuite skipped="0" hostname="DESKTOP-E1JT2VR" name="ApodGUI.QueueMessages" tests="14" failures="0" timestamp="21 Jan 2020 07:35:28 GMT" time="529.790" errors="0">
  <testcase name="Login" time="99.201" classname="ApodGUI.QueueMessages"/>
  <testcase name="PutNewMessageIntoQueue" time="32.955" classname="ApodGUI.QueueMessages"/>
  <testcase name="LoadFromFileUsingYesbutton" time="33.336" classname="ApodGUI.QueueMessages"/>
  <testcase name="LoadFromFileUsingConfigurebuttonWithSingleMessage" time="45.335" classname="ApodGUI.QueueMessages"/>
  <testcase name="LoadFromFileUsingConfigurebuttonWithMultipleMessages" time="52.987" classname="ApodGUI.QueueMessages"/>
  <testcase name="ExportAllMessages" time="30.602" classname="ApodGUI.QueueMessages"/>
  <testcase name="CopyAllMessagesFromOneQueueToAnotherQueue" time="30.359" classname="ApodGUI.QueueMessages"/>
  <testcase name="MoveAllMessagesFromOneQueueToAnotherQueue" time="26.546" classname="ApodGUI.QueueMessages"/>
  <testcase name="DeleteAllMessagesFromQueue" time="39.355" classname="ApodGUI.QueueMessages"/>
  <testcase name="ClearAllMessagesFromQueue" time="15.132" classname="ApodGUI.QueueMessages"/>
  <testcase name="PutMessageUsingJsonFile" time="26.703" classname="ApodGUI.QueueMessages"/>
  <testcase name="PutMessageUsingXMLFile" time="46.133" classname="ApodGUI.QueueMessages"/>
  <testcase name="PutHexMessageIntoQueue" time="33.276" classname="ApodGUI.QueueMessages"/>
  <testcase name="Logout" time="17.870" classname="ApodGUI.QueueMessages"/>
</testsuite> <!-- ApodGUI.QueueMessages -->
