<?xml version="1.0" encoding="UTF-8"?>
<!-- Generated by org.testng.reporters.JUnitReportReporter -->
<testsuite skipped="0" hostname="DESKTOP-E1JT2VR" name="ApodGUI.EMSQueues" tests="3" failures="0" timestamp="08 Jan 2020 09:30:43 GMT" time="113.865" errors="0">
  <testcase name="Login" time="45.695" classname="ApodGUI.EMSQueues"/>
  <testcase name="ShowObjectAttributesForQueues" time="61.913" classname="ApodGUI.EMSQueues"/>
  <testcase name="Logout" time="6.257" classname="ApodGUI.EMSQueues"/>
</testsuite> <!-- ApodGUI.EMSQueues -->
