<?xml version="1.0" encoding="UTF-8"?>
<!-- Generated by org.testng.reporters.JUnitReportReporter -->
<testsuite skipped="0" hostname="DESKTOP-E1JT2VR" name="ApodGUI.QueuesViewlet" tests="4" failures="0" timestamp="30 Dec 2019 08:43:24 GMT" time="93.309" errors="0">
  <testcase name="Login" time="41.641" classname="ApodGUI.QueuesViewlet"/>
  <testcase name="CopyAsForMultipleQueues" time="21.547" classname="ApodGUI.QueuesViewlet"/>
  <testcase name="DeleteMultipleQueues" time="23.977" classname="ApodGUI.QueuesViewlet"/>
  <testcase name="Logout" time="6.144" classname="ApodGUI.QueuesViewlet"/>
</testsuite> <!-- ApodGUI.QueuesViewlet -->
