<?xml version="1.0" encoding="UTF-8"?>
<!-- Generated by org.testng.reporters.JUnitReportReporter -->
<testsuite skipped="0" hostname="DESKTOP-E1JT2VR" name="ApodGUI.AttributeFilterCondition" tests="4" failures="0" timestamp="30 Sep 2019 08:26:25 GMT" time="67.919" errors="0">
  <testcase name="Login" time="20.284" classname="ApodGUI.AttributeFilterCondition"/>
  <testcase name="AddDashboard" time="4.713" classname="ApodGUI.AttributeFilterCondition"/>
  <testcase name="AddAttributeFilterCondition" time="40.094" classname="ApodGUI.AttributeFilterCondition"/>
  <testcase name="Logout" time="2.828" classname="ApodGUI.AttributeFilterCondition"/>
</testsuite> <!-- ApodGUI.AttributeFilterCondition -->
