<?xml version="1.0" encoding="UTF-8"?>
<!-- Generated by org.testng.reporters.JUnitReportReporter -->
<testsuite skipped="0" hostname="DESKTOP-E1JT2VR" name="ApodGUI.SearchCriteria" tests="4" failures="0" timestamp="12 Nov 2019 08:33:29 GMT" time="90.345" errors="0">
  <testcase name="Login" time="23.952" classname="ApodGUI.SearchCriteria"/>
  <testcase name="PutAmessageIntoQueue" time="33.811" classname="ApodGUI.SearchCriteria"/>
  <testcase name="AddSearchCriteriaCondition" time="16.534" classname="ApodGUI.SearchCriteria"/>
  <testcase name="Logout" time="16.048" classname="ApodGUI.SearchCriteria"/>
</testsuite> <!-- ApodGUI.SearchCriteria -->
