<?xml version="1.0" encoding="UTF-8"?>
<!-- Generated by org.testng.reporters.JUnitReportReporter -->
<testsuite skipped="0" hostname="DESKTOP-E1JT2VR" name="ApodGUI.EMSChannels" tests="8" failures="0" timestamp="24 Mar 2020 11:43:14 GMT" time="231.209" errors="0">
  <testcase name="Login" time="40.455" classname="ApodGUI.EMSChannels"/>
  <testcase name="Events" time="31.087" classname="ApodGUI.EMSChannels"/>
  <testcase name="AddToFavorites" time="31.825" classname="ApodGUI.EMSChannels"/>
  <testcase name="ComapareChannels" time="5.931" classname="ApodGUI.EMSChannels"/>
  <testcase name="CheckDifferencesForEMSChannels" time="30.022" classname="ApodGUI.EMSChannels"/>
  <testcase name="AddToFavoriteForMultipleChannels" time="27.034" classname="ApodGUI.EMSChannels"/>
  <testcase name="ShowObjectAttributes" time="43.876" classname="ApodGUI.EMSChannels"/>
  <testcase name="Logout" time="20.979" classname="ApodGUI.EMSChannels"/>
</testsuite> <!-- ApodGUI.EMSChannels -->
