<?xml version="1.0" encoding="UTF-8"?>
<!-- Generated by org.testng.reporters.JUnitReportReporter -->
<testsuite skipped="0" hostname="DESKTOP-E1JT2VR" name="ApodGUI.ChannelAuthRecordsViewlet" tests="4" failures="0" timestamp="12 Nov 2019 10:36:36 GMT" time="72.444" errors="0">
  <testcase name="Login" time="17.092" classname="ApodGUI.ChannelAuthRecordsViewlet"/>
  <testcase name="AddChannelAuthrecordsViewlet" time="18.800" classname="ApodGUI.ChannelAuthRecordsViewlet"/>
  <testcase name="CreateChannelAuthRecordFromPlusIcon" time="33.656" classname="ApodGUI.ChannelAuthRecordsViewlet"/>
  <testcase name="Logout" time="2.896" classname="ApodGUI.ChannelAuthRecordsViewlet"/>
</testsuite> <!-- ApodGUI.ChannelAuthRecordsViewlet -->
