<?xml version="1.0" encoding="UTF-8"?>
<!-- Generated by org.testng.reporters.JUnitReportReporter -->
<testsuite hostname="DESKTOP-7T1JQ3H" name="ApodGUI.NavigatorFeatures_20031" tests="6" failures="0" timestamp="21 May 2019 08:01:46 GMT" time="39.750" errors="0">
  <testcase name="Navigator" time="4.663" classname="ApodGUI.NavigatorFeatures_20031"/>
  <testcase name="Logout" time="0.321" classname="ApodGUI.NavigatorFeatures_20031"/>
  <testcase name="Logout" time="0.254" classname="ApodGUI.NavigatorFeatures_20031"/>
  <testcase name="Login" time="14.990" classname="ApodGUI.NavigatorFeatures_20031"/>
  <testcase name="Navigator" time="4.555" classname="ApodGUI.NavigatorFeatures_20031"/>
  <testcase name="Login" time="14.967" classname="ApodGUI.NavigatorFeatures_20031"/>
</testsuite> <!-- ApodGUI.NavigatorFeatures_20031 -->
