<?xml version="1.0" encoding="UTF-8"?>
<!-- Generated by org.testng.reporters.JUnitReportReporter -->
<testsuite skipped="0" hostname="DESKTOP-E1JT2VR" name="ApodGUI.EMSQueuesInsideOptionsOfBrowse" tests="11" failures="0" timestamp="18 Sep 2019 11:53:18 GMT" time="198.371" errors="0">
  <testcase name="Login" time="39.144" classname="ApodGUI.EMSQueuesInsideOptionsOfBrowse"/>
  <testcase name="PutAMessageUsingPutNewIcon" time="19.768" classname="ApodGUI.EMSQueuesInsideOptionsOfBrowse"/>
  <testcase name="DeleteMessageUsingDeleteIcon" time="6.379" classname="ApodGUI.EMSQueuesInsideOptionsOfBrowse"/>
  <testcase name="CopyMessageUsingCopyIcon" time="12.425" classname="ApodGUI.EMSQueuesInsideOptionsOfBrowse"/>
  <testcase name="MoveMessageUsingMoveIcon" time="16.903" classname="ApodGUI.EMSQueuesInsideOptionsOfBrowse"/>
  <testcase name="LoadMessageFromFileUsingIcon" time="22.979" classname="ApodGUI.EMSQueuesInsideOptionsOfBrowse"/>
  <testcase name="ExportSelectedMessageUsingExportIcon" time="21.124" classname="ApodGUI.EMSQueuesInsideOptionsOfBrowse"/>
  <testcase name="DeleteMessageUsingDeleteOption" time="13.685" classname="ApodGUI.EMSQueuesInsideOptionsOfBrowse"/>
  <testcase name="CopyMessageUsingCopyOption" time="16.876" classname="ApodGUI.EMSQueuesInsideOptionsOfBrowse"/>
  <testcase name="MoveMessageUsingMoveOption" time="17.155" classname="ApodGUI.EMSQueuesInsideOptionsOfBrowse"/>
  <testcase name="Logout" time="11.933" classname="ApodGUI.EMSQueuesInsideOptionsOfBrowse"/>
</testsuite> <!-- ApodGUI.EMSQueuesInsideOptionsOfBrowse -->
