<?xml version="1.0" encoding="UTF-8"?>
<!-- Generated by org.testng.reporters.JUnitReportReporter -->
<testsuite skipped="0" hostname="DESKTOP-E1JT2VR" name="ApodGUI.EMSQueues" tests="3" failures="0" timestamp="23 Jan 2020 07:36:22 GMT" time="66.672" errors="0">
  <testcase name="Login" time="57.492" classname="ApodGUI.EMSQueues"/>
  <testcase name="BrowseMessages" time="2.391" classname="ApodGUI.EMSQueues"/>
  <testcase name="Logout" time="6.789" classname="ApodGUI.EMSQueues"/>
</testsuite> <!-- ApodGUI.EMSQueues -->
