<?xml version="1.0" encoding="UTF-8"?>
<!-- Generated by org.testng.reporters.JUnitReportReporter -->
<testsuite skipped="0" hostname="DESKTOP-E1JT2VR" name="ApodGUI.EMSQueueMessages" tests="9" failures="0" timestamp="30 Dec 2019 11:08:28 GMT" time="249.577" errors="0">
  <testcase name="Login" time="47.972" classname="ApodGUI.EMSQueueMessages"/>
  <testcase name="CopyAllMessagesFromOneQueueToAnotherQueue" time="24.267" classname="ApodGUI.EMSQueueMessages"/>
  <testcase name="MoveAllMessagesFromOneQueueToAnotherQueue" time="22.118" classname="ApodGUI.EMSQueueMessages"/>
  <testcase name="DeleteAllMessagesFromQueue" time="13.123" classname="ApodGUI.EMSQueueMessages"/>
  <testcase name="ClearAllMessagesFromQueue" time="27.936" classname="ApodGUI.EMSQueueMessages"/>
  <testcase name="PutMessageUsingJsonFile" time="23.998" classname="ApodGUI.EMSQueueMessages"/>
  <testcase name="PutMessageUsingXMLFile" time="39.971" classname="ApodGUI.EMSQueueMessages"/>
  <testcase name="PutHexMessageIntoQueue" time="30.995" classname="ApodGUI.EMSQueueMessages"/>
  <testcase name="Logout" time="19.197" classname="ApodGUI.EMSQueueMessages"/>
</testsuite> <!-- ApodGUI.EMSQueueMessages -->
