<?xml version="1.0" encoding="UTF-8"?>
<!-- Generated by org.testng.reporters.JUnitReportReporter -->
<testsuite skipped="0" hostname="DESKTOP-E1JT2VR" name="ApodGUI.SubscriptionViewlet" tests="11" failures="0" timestamp="18 Sep 2019 12:35:31 GMT" time="355.450" errors="0">
  <testcase name="Login" time="34.821" classname="ApodGUI.SubscriptionViewlet"/>
  <testcase name="AddSubscriptionViewlet" time="19.062" classname="ApodGUI.SubscriptionViewlet"/>
  <testcase name="AddToFavoriteViewlet" time="7.893" classname="ApodGUI.SubscriptionViewlet"/>
  <testcase name="CompareSubscription" time="13.704" classname="ApodGUI.SubscriptionViewlet"/>
  <testcase name="CreateSubscriptionFromPlusIcon" time="94.384" classname="ApodGUI.SubscriptionViewlet"/>
  <testcase name="CopyAsFromCommandsForMultipleSubscriptions" time="39.331" classname="ApodGUI.SubscriptionViewlet"/>
  <testcase name="RenameFromCommandsForMultipleSubscriptions" time="42.051" classname="ApodGUI.SubscriptionViewlet"/>
  <testcase name="DeleteFromCommandsForMultipleSubscriptions" time="23.281" classname="ApodGUI.SubscriptionViewlet"/>
  <testcase name="MultipleSubscriptionProperties" time="50.652" classname="ApodGUI.SubscriptionViewlet"/>
  <testcase name="AddToFavoriteForMultipleSubscription" time="14.206" classname="ApodGUI.SubscriptionViewlet"/>
  <testcase name="Logout" time="16.065" classname="ApodGUI.SubscriptionViewlet"/>
</testsuite> <!-- ApodGUI.SubscriptionViewlet -->
