<?xml version="1.0" encoding="UTF-8"?>
<!-- Generated by org.testng.reporters.JUnitReportReporter -->
<testsuite skipped="0" hostname="DESKTOP-E1JT2VR" name="ApodGUI.TransportViewlet" tests="7" failures="0" timestamp="10 Sep 2019 09:45:10 GMT" time="125.816" errors="0">
  <testcase name="Login" time="32.118" classname="ApodGUI.TransportViewlet"/>
  <testcase name="AddTransportViewlet" time="4.151" classname="ApodGUI.TransportViewlet"/>
  <testcase name="Properties" time="11.516" classname="ApodGUI.TransportViewlet"/>
  <testcase name="TransportEvents" time="15.722" classname="ApodGUI.TransportViewlet"/>
  <testcase name="AddToFavoriteViewlet" time="16.444" classname="ApodGUI.TransportViewlet"/>
  <testcase name="ShowObjectAttributesForTransport" time="34.298" classname="ApodGUI.TransportViewlet"/>
  <testcase name="Logout" time="11.567" classname="ApodGUI.TransportViewlet"/>
</testsuite> <!-- ApodGUI.TransportViewlet -->
