<?xml version="1.0" encoding="UTF-8"?>
<!-- Generated by org.testng.reporters.JUnitReportReporter -->
<testsuite skipped="0" hostname="DESKTOP-E1JT2VR" name="ApodGUI.DurableViewlet" tests="12" failures="0" timestamp="18 Sep 2019 11:05:32 GMT" time="267.062" errors="0">
  <testcase name="Login" time="25.170" classname="ApodGUI.DurableViewlet"/>
  <testcase name="AddDurableViewlet" time="20.743" classname="ApodGUI.DurableViewlet"/>
  <testcase name="AddDurableFromPlusIcon" time="27.558" classname="ApodGUI.DurableViewlet"/>
  <testcase name="Purge" time="16.734" classname="ApodGUI.DurableViewlet"/>
  <testcase name="Properties" time="16.617" classname="ApodGUI.DurableViewlet"/>
  <testcase name="DurableEvents" time="12.869" classname="ApodGUI.DurableViewlet"/>
  <testcase name="AddToFavoriteViewlet" time="7.711" classname="ApodGUI.DurableViewlet"/>
  <testcase name="MultiplePurge" time="15.112" classname="ApodGUI.DurableViewlet"/>
  <testcase name="MultipleProperties" time="55.787" classname="ApodGUI.DurableViewlet"/>
  <testcase name="AddToFavoriteForMultipleDurables" time="14.106" classname="ApodGUI.DurableViewlet"/>
  <testcase name="ShowObjectAttributesForDurable" time="43.350" classname="ApodGUI.DurableViewlet"/>
  <testcase name="Logout" time="11.305" classname="ApodGUI.DurableViewlet"/>
</testsuite> <!-- ApodGUI.DurableViewlet -->
