<?xml version="1.0" encoding="UTF-8"?>
<!-- Generated by org.testng.reporters.JUnitReportReporter -->
<testsuite skipped="0" hostname="DESKTOP-E1JT2VR" name="ApodGUI.EMSQueuesInsideOptionsOfBrowse" tests="4" failures="0" timestamp="29 Aug 2019 11:27:08 GMT" time="54.120" errors="0">
  <testcase name="Login" time="23.174" classname="ApodGUI.EMSQueuesInsideOptionsOfBrowse"/>
  <testcase name="PutAMessageUsingPutNewIcon" time="12.298" classname="ApodGUI.EMSQueuesInsideOptionsOfBrowse"/>
  <testcase name="LoadMessageFromFileUsingIcon" time="15.761" classname="ApodGUI.EMSQueuesInsideOptionsOfBrowse"/>
  <testcase name="Logout" time="2.887" classname="ApodGUI.EMSQueuesInsideOptionsOfBrowse"/>
</testsuite> <!-- ApodGUI.EMSQueuesInsideOptionsOfBrowse -->
