<?xml version="1.0" encoding="UTF-8"?>
<!-- Generated by org.testng.reporters.JUnitReportReporter -->
<testsuite skipped="0" hostname="DESKTOP-E1JT2VR" name="ApodGUI.ProcessViewlet" tests="4" failures="0" timestamp="24 Mar 2020 06:39:31 GMT" time="111.497" errors="0">
  <testcase name="Login" time="47.521" classname="ApodGUI.ProcessViewlet"/>
  <testcase name="AddProcessViewlet" time="4.427" classname="ApodGUI.ProcessViewlet"/>
  <testcase name="MultipleProperties" time="34.270" classname="ApodGUI.ProcessViewlet"/>
  <testcase name="Logout" time="25.279" classname="ApodGUI.ProcessViewlet"/>
</testsuite> <!-- ApodGUI.ProcessViewlet -->
