<?xml version="1.0" encoding="UTF-8"?>
<!-- Generated by org.testng.reporters.JUnitReportReporter -->
<testsuite skipped="0" hostname="DESKTOP-E1JT2VR" name="ApodGUI.QueuesViewlet" tests="4" failures="0" timestamp="27 Sep 2019 12:36:00 GMT" time="105.252" errors="0">
  <testcase name="Login" time="37.986" classname="ApodGUI.QueuesViewlet"/>
  <testcase name="BrowseMessages" time="17.637" classname="ApodGUI.QueuesViewlet"/>
  <testcase name="MultipleQueueProperties" time="32.121" classname="ApodGUI.QueuesViewlet"/>
  <testcase name="Logout" time="17.508" classname="ApodGUI.QueuesViewlet"/>
</testsuite> <!-- ApodGUI.QueuesViewlet -->
