<?xml version="1.0" encoding="UTF-8"?>
<!-- Generated by org.testng.reporters.JUnitReportReporter -->
<testsuite skipped="0" hostname="DESKTOP-E1JT2VR" name="ApodGUI.DashboardOptions" tests="7" failures="0" timestamp="26 Dec 2019 11:14:26 GMT" time="115.271" errors="0">
  <testcase name="Login" time="26.495" classname="ApodGUI.DashboardOptions"/>
  <testcase name="CreateWGSDashboard" time="19.821" classname="ApodGUI.DashboardOptions"/>
  <testcase name="CreateEMSDashboard" time="17.401" classname="ApodGUI.DashboardOptions"/>
  <testcase name="SetAsDeafaultOption" time="16.066" classname="ApodGUI.DashboardOptions"/>
  <testcase name="RenameDashboard" time="13.375" classname="ApodGUI.DashboardOptions"/>
  <testcase name="DeleteDashboard" time="7.761" classname="ApodGUI.DashboardOptions"/>
  <testcase name="Logout" time="14.352" classname="ApodGUI.DashboardOptions"/>
</testsuite> <!-- ApodGUI.DashboardOptions -->
