<?xml version="1.0" encoding="UTF-8"?>
<!-- Generated by org.testng.reporters.JUnitReportReporter -->
<testsuite skipped="0" hostname="DESKTOP-E1JT2VR" name="ApodGUI.ChannelViewlet" tests="3" failures="0" timestamp="28 Jan 2020 10:38:41 GMT" time="103.272" errors="0">
  <testcase name="Login" time="41.733" classname="ApodGUI.ChannelViewlet"/>
  <testcase name="CreateChannelFromIcon" time="58.704" classname="ApodGUI.ChannelViewlet"/>
  <testcase name="Logout" time="2.835" classname="ApodGUI.ChannelViewlet"/>
</testsuite> <!-- ApodGUI.ChannelViewlet -->
