<?xml version="1.0" encoding="UTF-8"?>
<!-- Generated by org.testng.reporters.JUnitReportReporter -->
<testsuite skipped="0" hostname="DESKTOP-E1JT2VR" name="ApodGUI.ChannelViewlet" tests="4" failures="0" timestamp="27 Sep 2019 13:11:21 GMT" time="70.517" errors="0">
  <testcase name="Login" time="36.266" classname="ApodGUI.ChannelViewlet"/>
  <testcase name="AddToFavorites" time="20.586" classname="ApodGUI.ChannelViewlet"/>
  <testcase name="AddToFavoriteForMultipleChannels" time="11.115" classname="ApodGUI.ChannelViewlet"/>
  <testcase name="Logout" time="2.550" classname="ApodGUI.ChannelViewlet"/>
</testsuite> <!-- ApodGUI.ChannelViewlet -->
