<?xml version="1.0" encoding="UTF-8"?>
<!-- Generated by org.testng.reporters.JUnitReportReporter -->
<testsuite skipped="0" hostname="DESKTOP-E1JT2VR" name="ApodGUI.EMSQueuesInsideOptionsOfBrowse" tests="11" failures="0" timestamp="11 Sep 2019 05:45:39 GMT" time="166.908" errors="0">
  <testcase name="Login" time="38.979" classname="ApodGUI.EMSQueuesInsideOptionsOfBrowse"/>
  <testcase name="PutAMessageUsingPutNewIcon" time="14.149" classname="ApodGUI.EMSQueuesInsideOptionsOfBrowse"/>
  <testcase name="DeleteMessageUsingDeleteIcon" time="4.397" classname="ApodGUI.EMSQueuesInsideOptionsOfBrowse"/>
  <testcase name="CopyMessageUsingCopyIcon" time="12.762" classname="ApodGUI.EMSQueuesInsideOptionsOfBrowse"/>
  <testcase name="MoveMessageUsingMoveIcon" time="11.901" classname="ApodGUI.EMSQueuesInsideOptionsOfBrowse"/>
  <testcase name="LoadMessageFromFileUsingIcon" time="21.095" classname="ApodGUI.EMSQueuesInsideOptionsOfBrowse"/>
  <testcase name="ExportSelectedMessageUsingExportIcon" time="13.232" classname="ApodGUI.EMSQueuesInsideOptionsOfBrowse"/>
  <testcase name="DeleteMessageUsingDeleteOption" time="13.844" classname="ApodGUI.EMSQueuesInsideOptionsOfBrowse"/>
  <testcase name="CopyMessageUsingCopyOption" time="12.687" classname="ApodGUI.EMSQueuesInsideOptionsOfBrowse"/>
  <testcase name="MoveMessageUsingMoveOption" time="11.799" classname="ApodGUI.EMSQueuesInsideOptionsOfBrowse"/>
  <testcase name="Logout" time="12.063" classname="ApodGUI.EMSQueuesInsideOptionsOfBrowse"/>
</testsuite> <!-- ApodGUI.EMSQueuesInsideOptionsOfBrowse -->
