<?xml version="1.0" encoding="UTF-8"?>
<!-- Generated by org.testng.reporters.JUnitReportReporter -->
<testsuite skipped="0" hostname="DESKTOP-E1JT2VR" name="ApodGUI.TransportViewlet" tests="3" failures="0" timestamp="02 Sep 2019 12:37:13 GMT" time="40.354" errors="0">
  <testcase name="Login" time="24.833" classname="ApodGUI.TransportViewlet"/>
  <testcase name="AddTransportViewlet" time="12.326" classname="ApodGUI.TransportViewlet"/>
  <testcase name="Logout" time="3.195" classname="ApodGUI.TransportViewlet"/>
</testsuite> <!-- ApodGUI.TransportViewlet -->
