<?xml version="1.0" encoding="UTF-8"?>
<!-- Generated by org.testng.reporters.JUnitReportReporter -->
<testsuite skipped="0" hostname="DESKTOP-E1JT2VR" name="ApodGUI.QueuesInsideBrowseMessages" tests="4" failures="0" timestamp="29 Aug 2019 09:40:05 GMT" time="130.748" errors="0">
  <testcase name="Login" time="97.797" classname="ApodGUI.QueuesInsideBrowseMessages"/>
  <testcase name="PutAMessageUsingPutNewIcon" time="13.136" classname="ApodGUI.QueuesInsideBrowseMessages"/>
  <testcase name="LoadMessageFromFileUsingIcon" time="8.809" classname="ApodGUI.QueuesInsideBrowseMessages"/>
  <testcase name="Logout" time="11.006" classname="ApodGUI.QueuesInsideBrowseMessages"/>
</testsuite> <!-- ApodGUI.QueuesInsideBrowseMessages -->
