<?xml version="1.0" encoding="UTF-8"?>
<!-- Generated by org.testng.reporters.JUnitReportReporter -->
<testsuite skipped="0" hostname="DESKTOP-E1JT2VR" name="ApodGUI.RouteViewlet" tests="12" failures="0" timestamp="10 Sep 2019 09:45:10 GMT" time="249.378" errors="0">
  <testcase name="Login" time="36.590" classname="ApodGUI.RouteViewlet"/>
  <testcase name="AddRouteViewlet" time="13.266" classname="ApodGUI.RouteViewlet"/>
  <testcase name="AddRouteFromPlusIcon" time="30.551" classname="ApodGUI.RouteViewlet"/>
  <testcase name="RouteStatus" time="5.160" classname="ApodGUI.RouteViewlet"/>
  <testcase name="Properties" time="17.286" classname="ApodGUI.RouteViewlet"/>
  <testcase name="RouteEvents" time="21.053" classname="ApodGUI.RouteViewlet"/>
  <testcase name="AddToFavoriteViewlet" time="17.848" classname="ApodGUI.RouteViewlet"/>
  <testcase name="CompareRoutes" time="14.556" classname="ApodGUI.RouteViewlet"/>
  <testcase name="MultipleProperties" time="15.730" classname="ApodGUI.RouteViewlet"/>
  <testcase name="AddToFavoriteForMultipleRoutes" time="14.760" classname="ApodGUI.RouteViewlet"/>
  <testcase name="ShowObjectAttributesForRoute" time="46.534" classname="ApodGUI.RouteViewlet"/>
  <testcase name="Logout" time="16.044" classname="ApodGUI.RouteViewlet"/>
</testsuite> <!-- ApodGUI.RouteViewlet -->
