<?xml version="1.0" encoding="UTF-8"?>
<!-- Generated by org.testng.reporters.JUnitReportReporter -->
<testsuite skipped="0" hostname="DESKTOP-E1JT2VR" name="ApodGUI.TopicViewlet" tests="4" failures="0" timestamp="28 Jan 2020 11:09:52 GMT" time="127.417" errors="0">
  <testcase name="Login" time="30.046" classname="ApodGUI.TopicViewlet"/>
  <testcase name="AddTopicViewlet" time="26.764" classname="ApodGUI.TopicViewlet"/>
  <testcase name="ShowObjectAttributesForTopic" time="63.911" classname="ApodGUI.TopicViewlet"/>
  <testcase name="Logout" time="6.696" classname="ApodGUI.TopicViewlet"/>
</testsuite> <!-- ApodGUI.TopicViewlet -->
