<?xml version="1.0" encoding="UTF-8"?>
<!-- Generated by org.testng.reporters.JUnitReportReporter -->
<testsuite skipped="0" hostname="DESKTOP-E1JT2VR" name="ApodGUI.QueueMessages" tests="4" failures="0" timestamp="10 Sep 2019 10:24:01 GMT" time="76.090" errors="0">
  <testcase name="Login" time="41.651" classname="ApodGUI.QueueMessages"/>
  <testcase name="PutNewMessageIntoQueue" time="5.495" classname="ApodGUI.QueueMessages"/>
  <testcase name="LoadFromFile" time="10.737" classname="ApodGUI.QueueMessages"/>
  <testcase name="Logout" time="18.207" classname="ApodGUI.QueueMessages"/>
</testsuite> <!-- ApodGUI.QueueMessages -->
