<?xml version="1.0" encoding="UTF-8"?>
<!-- Generated by org.testng.reporters.JUnitReportReporter -->
<testsuite skipped="0" hostname="DESKTOP-E1JT2VR" name="ApodGUI.AttributeFilterCondition" tests="4" failures="0" timestamp="18 Sep 2019 11:37:37 GMT" time="66.313" errors="0">
  <testcase name="Login" time="21.134" classname="ApodGUI.AttributeFilterCondition"/>
  <testcase name="AddDashboard" time="4.836" classname="ApodGUI.AttributeFilterCondition"/>
  <testcase name="AddAttributeFilterCondition" time="37.352" classname="ApodGUI.AttributeFilterCondition"/>
  <testcase name="Logout" time="2.991" classname="ApodGUI.AttributeFilterCondition"/>
</testsuite> <!-- ApodGUI.AttributeFilterCondition -->
