<?xml version="1.0" encoding="UTF-8"?>
<!-- Generated by org.testng.reporters.JUnitReportReporter -->
<testsuite hostname="DESKTOP-7T1JQ3H" name="ApodGUI.DefaultAuditProfile_20008" tests="6" failures="0" timestamp="21 May 2019 08:01:46 GMT" time="39.635" errors="0">
  <testcase name="Login" time="15.169" classname="ApodGUI.DefaultAuditProfile_20008"/>
  <testcase name="AuditData" time="4.416" classname="ApodGUI.DefaultAuditProfile_20008"/>
  <testcase name="AuditData" time="4.419" classname="ApodGUI.DefaultAuditProfile_20008"/>
  <testcase name="Login" time="15.107" classname="ApodGUI.DefaultAuditProfile_20008"/>
  <testcase name="Logout" time="0.242" classname="ApodGUI.DefaultAuditProfile_20008"/>
  <testcase name="Logout" time="0.282" classname="ApodGUI.DefaultAuditProfile_20008"/>
</testsuite> <!-- ApodGUI.DefaultAuditProfile_20008 -->
