<?xml version="1.0" encoding="UTF-8"?>
<!-- Generated by org.testng.reporters.JUnitReportReporter -->
<testsuite skipped="0" hostname="DESKTOP-E1JT2VR" name="ApodGUI.ProcessViewlet" tests="4" failures="0" timestamp="27 Sep 2019 15:22:08 GMT" time="88.478" errors="0">
  <testcase name="Login" time="25.758" classname="ApodGUI.ProcessViewlet"/>
  <testcase name="AddProcessViewlet" time="3.999" classname="ApodGUI.ProcessViewlet"/>
  <testcase name="ShowObjectAttributesForProcess" time="44.261" classname="ApodGUI.ProcessViewlet"/>
  <testcase name="Logout" time="14.460" classname="ApodGUI.ProcessViewlet"/>
</testsuite> <!-- ApodGUI.ProcessViewlet -->
