<?xml version="1.0" encoding="UTF-8"?>
<!-- Generated by org.testng.reporters.JUnitReportReporter -->
<testsuite hostname="DESKTOP-7T1JQ3H" name="ApodGUI.DataLimitOffSet_19344" tests="3" failures="0" timestamp="19 Jun 2019 10:16:43 GMT" time="65.653" errors="0">
  <testcase name="creation" time="24.490" classname="ApodGUI.DataLimitOffSet_19344"/>
  <testcase name="setDataLimitoffset" time="22.468" classname="ApodGUI.DataLimitOffSet_19344"/>
  <testcase name="Login" time="18.695" classname="ApodGUI.DataLimitOffSet_19344"/>
</testsuite> <!-- ApodGUI.DataLimitOffSet_19344 -->
