<?xml version="1.0" encoding="UTF-8"?>
<!-- Generated by org.testng.reporters.JUnitReportReporter -->
<testsuite skipped="0" hostname="DESKTOP-E1JT2VR" name="ApodGUI.ServiceViewlet" tests="4" failures="0" timestamp="17 Jan 2020 07:08:16 GMT" time="70.300" errors="0">
  <testcase name="Login" time="37.777" classname="ApodGUI.ServiceViewlet"/>
  <testcase name="AddServiceViewlet" time="6.933" classname="ApodGUI.ServiceViewlet"/>
  <testcase name="CheckDifferencesForServices" time="9.143" classname="ApodGUI.ServiceViewlet"/>
  <testcase name="Logout" time="16.447" classname="ApodGUI.ServiceViewlet"/>
</testsuite> <!-- ApodGUI.ServiceViewlet -->
