<?xml version="1.0" encoding="UTF-8"?>
<!-- Generated by org.testng.reporters.JUnitReportReporter -->
<testsuite skipped="0" hostname="DESKTOP-E1JT2VR" name="ApodGUI.ProcessViewlet" tests="11" failures="0" timestamp="27 Jan 2020 09:41:23 GMT" time="421.803" errors="0">
  <testcase name="Login" time="42.558" classname="ApodGUI.ProcessViewlet"/>
  <testcase name="AddProcessViewlet" time="25.925" classname="ApodGUI.ProcessViewlet"/>
  <testcase name="CreateProcessFromPlusIcon" time="42.759" classname="ApodGUI.ProcessViewlet"/>
  <testcase name="CopyAsFromCommands" time="52.474" classname="ApodGUI.ProcessViewlet"/>
  <testcase name="RenameFromCommands" time="34.754" classname="ApodGUI.ProcessViewlet"/>
  <testcase name="DeleteFromCommands" time="14.682" classname="ApodGUI.ProcessViewlet"/>
  <testcase name="CreateProcess" time="48.907" classname="ApodGUI.ProcessViewlet"/>
  <testcase name="CopyAsFromCommandsForMultipleProcess" time="48.046" classname="ApodGUI.ProcessViewlet"/>
  <testcase name="RenameFromCommandsForMultipleProcess" time="58.228" classname="ApodGUI.ProcessViewlet"/>
  <testcase name="DeleteFromCommandsForMultipleProcess" time="34.874" classname="ApodGUI.ProcessViewlet"/>
  <testcase name="Logout" time="18.596" classname="ApodGUI.ProcessViewlet"/>
</testsuite> <!-- ApodGUI.ProcessViewlet -->
