<?xml version="1.0" encoding="UTF-8"?>
<!-- Generated by org.testng.reporters.JUnitReportReporter -->
<testsuite skipped="0" hostname="DESKTOP-E1JT2VR" name="ApodGUI.TransportViewlet" tests="7" failures="0" timestamp="24 Mar 2020 11:13:58 GMT" time="237.754" errors="0">
  <testcase name="Login" time="44.723" classname="ApodGUI.TransportViewlet"/>
  <testcase name="AddTransportViewlet" time="10.075" classname="ApodGUI.TransportViewlet"/>
  <testcase name="Properties" time="24.029" classname="ApodGUI.TransportViewlet"/>
  <testcase name="TransportEvents" time="34.461" classname="ApodGUI.TransportViewlet"/>
  <testcase name="AddToFavoriteViewlet" time="8.540" classname="ApodGUI.TransportViewlet"/>
  <testcase name="ShowObjectAttributesForTransport" time="53.711" classname="ApodGUI.TransportViewlet"/>
  <testcase name="Logout" time="62.215" classname="ApodGUI.TransportViewlet"/>
</testsuite> <!-- ApodGUI.TransportViewlet -->
