<?xml version="1.0" encoding="UTF-8"?>
<!-- Generated by org.testng.reporters.JUnitReportReporter -->
<testsuite skipped="0" hostname="DESKTOP-E1JT2VR" name="ApodGUI.ManagerViewlet" tests="3" failures="0" timestamp="30 Aug 2019 05:25:18 GMT" time="54.550" errors="0">
  <testcase name="Login" time="26.423" classname="ApodGUI.ManagerViewlet"/>
  <testcase name="MultipleManagersProperties" time="25.107" classname="ApodGUI.ManagerViewlet"/>
  <testcase name="Logout" time="3.020" classname="ApodGUI.ManagerViewlet"/>
</testsuite> <!-- ApodGUI.ManagerViewlet -->
