<?xml version="1.0" encoding="UTF-8"?>
<!-- Generated by org.testng.reporters.JUnitReportReporter -->
<testsuite skipped="0" hostname="DESKTOP-E1JT2VR" name="ApodGUI.EMSQueuesInsideOptionsOfBrowse" tests="11" failures="0" timestamp="16 Sep 2019 12:57:40 GMT" time="188.668" errors="0">
  <testcase name="Login" time="36.938" classname="ApodGUI.EMSQueuesInsideOptionsOfBrowse"/>
  <testcase name="PutAMessageUsingPutNewIcon" time="18.734" classname="ApodGUI.EMSQueuesInsideOptionsOfBrowse"/>
  <testcase name="DeleteMessageUsingDeleteIcon" time="15.070" classname="ApodGUI.EMSQueuesInsideOptionsOfBrowse"/>
  <testcase name="CopyMessageUsingCopyIcon" time="11.305" classname="ApodGUI.EMSQueuesInsideOptionsOfBrowse"/>
  <testcase name="MoveMessageUsingMoveIcon" time="16.089" classname="ApodGUI.EMSQueuesInsideOptionsOfBrowse"/>
  <testcase name="LoadMessageFromFileUsingIcon" time="21.862" classname="ApodGUI.EMSQueuesInsideOptionsOfBrowse"/>
  <testcase name="ExportSelectedMessageUsingExportIcon" time="20.730" classname="ApodGUI.EMSQueuesInsideOptionsOfBrowse"/>
  <testcase name="DeleteMessageUsingDeleteOption" time="12.902" classname="ApodGUI.EMSQueuesInsideOptionsOfBrowse"/>
  <testcase name="CopyMessageUsingCopyOption" time="16.132" classname="ApodGUI.EMSQueuesInsideOptionsOfBrowse"/>
  <testcase name="MoveMessageUsingMoveOption" time="15.995" classname="ApodGUI.EMSQueuesInsideOptionsOfBrowse"/>
  <testcase name="Logout" time="2.911" classname="ApodGUI.EMSQueuesInsideOptionsOfBrowse"/>
</testsuite> <!-- ApodGUI.EMSQueuesInsideOptionsOfBrowse -->
