<?xml version="1.0" encoding="UTF-8"?>
<!-- Generated by org.testng.reporters.JUnitReportReporter -->
<testsuite hostname="DESKTOP-7T1JQ3H" name="ApodGUI.ListenerAtrributes_Edit_18419" tests="6" failures="0" timestamp="21 May 2019 08:01:46 GMT" time="214.521" errors="0">
  <testcase name="EditProperties" time="50.152" classname="ApodGUI.ListenerAtrributes_Edit_18419"/>
  <testcase name="creation" time="39.805" classname="ApodGUI.ListenerAtrributes_Edit_18419"/>
  <testcase name="creation" time="39.590" classname="ApodGUI.ListenerAtrributes_Edit_18419"/>
  <testcase name="Login" time="16.538" classname="ApodGUI.ListenerAtrributes_Edit_18419"/>
  <testcase name="Login" time="17.647" classname="ApodGUI.ListenerAtrributes_Edit_18419"/>
  <testcase name="EditProperties" time="50.789" classname="ApodGUI.ListenerAtrributes_Edit_18419"/>
</testsuite> <!-- ApodGUI.ListenerAtrributes_Edit_18419 -->
