<?xml version="1.0" encoding="UTF-8"?>
<!-- Generated by org.testng.reporters.JUnitReportReporter -->
<testsuite skipped="0" hostname="DESKTOP-E1JT2VR" name="ApodGUI.AttributeFilterCondition" tests="4" failures="0" timestamp="25 Mar 2020 12:01:07 GMT" time="203.336" errors="0">
  <testcase name="Login" time="105.823" classname="ApodGUI.AttributeFilterCondition"/>
  <testcase name="AddDashboard" time="29.141" classname="ApodGUI.AttributeFilterCondition"/>
  <testcase name="AddAttributeFilterCondition" time="31.998" classname="ApodGUI.AttributeFilterCondition"/>
  <testcase name="Logout" time="36.374" classname="ApodGUI.AttributeFilterCondition"/>
</testsuite> <!-- ApodGUI.AttributeFilterCondition -->
