<?xml version="1.0" encoding="UTF-8"?>
<!-- Generated by org.testng.reporters.JUnitReportReporter -->
<testsuite skipped="0" hostname="DESKTOP-E1JT2VR" name="ApodGUI.SearchCriteria" tests="4" failures="0" timestamp="28 Jan 2020 12:11:55 GMT" time="91.321" errors="0">
  <testcase name="Login" time="24.761" classname="ApodGUI.SearchCriteria"/>
  <testcase name="PutAmessageIntoQueue" time="32.209" classname="ApodGUI.SearchCriteria"/>
  <testcase name="AddSearchCriteriaCondition" time="9.971" classname="ApodGUI.SearchCriteria"/>
  <testcase name="Logout" time="24.380" classname="ApodGUI.SearchCriteria"/>
</testsuite> <!-- ApodGUI.SearchCriteria -->
