<?xml version="1.0" encoding="UTF-8"?>
<!-- Generated by org.testng.reporters.JUnitReportReporter -->
<testsuite skipped="0" hostname="DESKTOP-E1JT2VR" name="ApodGUI.TemporaryViewlet" tests="4" failures="0" timestamp="28 Jan 2020 12:08:19 GMT" time="119.524" errors="0">
  <testcase name="Login" time="40.061" classname="ApodGUI.TemporaryViewlet"/>
  <testcase name="CreateTemporaryViewletUsingDirectOption" time="24.676" classname="ApodGUI.TemporaryViewlet"/>
  <testcase name="CreateTemporaryViewletUsingTemporaryViewletCheckbox" time="48.190" classname="ApodGUI.TemporaryViewlet"/>
  <testcase name="Logout" time="6.597" classname="ApodGUI.TemporaryViewlet"/>
</testsuite> <!-- ApodGUI.TemporaryViewlet -->
