<?xml version="1.0" encoding="UTF-8"?>
<!-- Generated by org.testng.reporters.JUnitReportReporter -->
<testsuite skipped="0" hostname="DESKTOP-E1JT2VR" name="ApodGUI.ClusterQueueManager" tests="8" failures="0" timestamp="16 Sep 2019 12:57:40 GMT" time="194.844" errors="0">
  <testcase name="Login" time="33.749" classname="ApodGUI.ClusterQueueManager"/>
  <testcase name="AddClusterQueueManagerViewlet" time="17.880" classname="ApodGUI.ClusterQueueManager"/>
  <testcase name="ClusterQMEvents" time="10.299" classname="ApodGUI.ClusterQueueManager"/>
  <testcase name="AddToFavoriteViewlet" time="16.332" classname="ApodGUI.ClusterQueueManager"/>
  <testcase name="CompareClusterQueueManagers" time="5.197" classname="ApodGUI.ClusterQueueManager"/>
  <testcase name="AddToFavoriteForMultipleClusterQMs" time="13.049" classname="ApodGUI.ClusterQueueManager"/>
  <testcase name="ShowObjectAttributesForClusterQM" time="87.950" classname="ApodGUI.ClusterQueueManager"/>
  <testcase name="Logout" time="10.388" classname="ApodGUI.ClusterQueueManager"/>
</testsuite> <!-- ApodGUI.ClusterQueueManager -->
