<?xml version="1.0" encoding="UTF-8"?>
<!-- Generated by org.testng.reporters.JUnitReportReporter -->
<testsuite skipped="0" hostname="DESKTOP-E1JT2VR" name="ApodGUI.EMSQueueMessages" tests="14" failures="0" timestamp="08 Jan 2020 09:13:17 GMT" time="454.705" errors="0">
  <testcase name="Login" time="35.985" classname="ApodGUI.EMSQueueMessages"/>
  <testcase name="PutNewMessageIntoQueue" time="25.281" classname="ApodGUI.EMSQueueMessages"/>
  <testcase name="LoadFromFileUsingYesbutton" time="31.635" classname="ApodGUI.EMSQueueMessages"/>
  <testcase name="LoadFromFileUsingConfigurebuttonWithSingleMessage" time="44.544" classname="ApodGUI.EMSQueueMessages"/>
  <testcase name="LoadFromFileUsingConfigurebuttonWithMultipleMessages" time="51.647" classname="ApodGUI.EMSQueueMessages"/>
  <testcase name="ExportAllMessages" time="30.725" classname="ApodGUI.EMSQueueMessages"/>
  <testcase name="CopyAllMessagesFromOneQueueToAnotherQueue" time="26.378" classname="ApodGUI.EMSQueueMessages"/>
  <testcase name="MoveAllMessagesFromOneQueueToAnotherQueue" time="25.104" classname="ApodGUI.EMSQueueMessages"/>
  <testcase name="DeleteAllMessagesFromQueue" time="28.774" classname="ApodGUI.EMSQueueMessages"/>
  <testcase name="ClearAllMessagesFromQueue" time="30.039" classname="ApodGUI.EMSQueueMessages"/>
  <testcase name="PutMessageUsingJsonFile" time="23.639" classname="ApodGUI.EMSQueueMessages"/>
  <testcase name="PutMessageUsingXMLFile" time="44.534" classname="ApodGUI.EMSQueueMessages"/>
  <testcase name="PutHexMessageIntoQueue" time="31.622" classname="ApodGUI.EMSQueueMessages"/>
  <testcase name="Logout" time="24.798" classname="ApodGUI.EMSQueueMessages"/>
</testsuite> <!-- ApodGUI.EMSQueueMessages -->
