<?xml version="1.0" encoding="UTF-8"?>
<!-- Generated by org.testng.reporters.JUnitReportReporter -->
<testsuite skipped="0" hostname="DESKTOP-E1JT2VR" name="ApodGUI.DashboardOptions" tests="7" failures="0" timestamp="16 Jan 2020 08:09:43 GMT" time="147.202" errors="0">
  <testcase name="Login" time="31.005" classname="ApodGUI.DashboardOptions"/>
  <testcase name="CreateWGSDashboard" time="8.033" classname="ApodGUI.DashboardOptions"/>
  <testcase name="CreateEMSDashboard" time="20.303" classname="ApodGUI.DashboardOptions"/>
  <testcase name="SetAsDeafaultOption" time="33.295" classname="ApodGUI.DashboardOptions"/>
  <testcase name="RenameDashboard" time="28.720" classname="ApodGUI.DashboardOptions"/>
  <testcase name="DeleteDashboard" time="23.108" classname="ApodGUI.DashboardOptions"/>
  <testcase name="Logout" time="2.738" classname="ApodGUI.DashboardOptions"/>
</testsuite> <!-- ApodGUI.DashboardOptions -->
