<?xml version="1.0" encoding="UTF-8"?>
<!-- Generated by org.testng.reporters.JUnitReportReporter -->
<testsuite skipped="0" hostname="DESKTOP-E1JT2VR" name="ApodGUI.AttributeFilterCondition" tests="4" failures="0" timestamp="17 Sep 2019 08:11:59 GMT" time="65.506" errors="0">
  <testcase name="Login" time="20.939" classname="ApodGUI.AttributeFilterCondition"/>
  <testcase name="AddDashboard" time="4.825" classname="ApodGUI.AttributeFilterCondition"/>
  <testcase name="AddAttributeFilterCondition" time="36.774" classname="ApodGUI.AttributeFilterCondition"/>
  <testcase name="Logout" time="2.968" classname="ApodGUI.AttributeFilterCondition"/>
</testsuite> <!-- ApodGUI.AttributeFilterCondition -->
