<?xml version="1.0" encoding="UTF-8"?>
<!-- Generated by org.testng.reporters.JUnitReportReporter -->
<testsuite skipped="0" hostname="DESKTOP-E1JT2VR" name="ApodGUI.EMSQueues" tests="3" failures="0" timestamp="12 Nov 2019 09:11:41 GMT" time="79.165" errors="0">
  <testcase name="Login" time="31.223" classname="ApodGUI.EMSQueues"/>
  <testcase name="QueueCommands" time="28.882" classname="ApodGUI.EMSQueues"/>
  <testcase name="Logout" time="19.060" classname="ApodGUI.EMSQueues"/>
</testsuite> <!-- ApodGUI.EMSQueues -->
