<?xml version="1.0" encoding="UTF-8"?>
<!-- Generated by org.testng.reporters.JUnitReportReporter -->
<testsuite skipped="0" hostname="DESKTOP-E1JT2VR" name="ApodGUI.TopicViewlet" tests="16" failures="0" timestamp="18 Sep 2019 11:05:32 GMT" time="431.935" errors="0">
  <testcase name="Login" time="38.011" classname="ApodGUI.TopicViewlet"/>
  <testcase name="AddTopicViewlet" time="19.690" classname="ApodGUI.TopicViewlet"/>
  <testcase name="CreateTopic" time="41.577" classname="ApodGUI.TopicViewlet"/>
  <testcase name="CopyAsFromCommands" time="35.974" classname="ApodGUI.TopicViewlet"/>
  <testcase name="DeleteFromCommands" time="25.807" classname="ApodGUI.TopicViewlet"/>
  <testcase name="TopicProperties" time="20.242" classname="ApodGUI.TopicViewlet"/>
  <testcase name="TopicEvents" time="11.767" classname="ApodGUI.TopicViewlet"/>
  <testcase name="AddToFavoriteViewlet" time="19.971" classname="ApodGUI.TopicViewlet"/>
  <testcase name="CreateTopicFromPlusIcon" time="31.735" classname="ApodGUI.TopicViewlet"/>
  <testcase name="CompareTopics" time="14.451" classname="ApodGUI.TopicViewlet"/>
  <testcase name="CopyAsFromCommandsForMultipleTopics" time="33.385" classname="ApodGUI.TopicViewlet"/>
  <testcase name="DeleteFromCommandsForMultipleTopics" time="27.504" classname="ApodGUI.TopicViewlet"/>
  <testcase name="MultipleProperties" time="30.759" classname="ApodGUI.TopicViewlet"/>
  <testcase name="AddToFavoriteForMultipleTopics" time="13.934" classname="ApodGUI.TopicViewlet"/>
  <testcase name="ShowObjectAttributesForTopic" time="55.343" classname="ApodGUI.TopicViewlet"/>
  <testcase name="Logout" time="11.785" classname="ApodGUI.TopicViewlet"/>
</testsuite> <!-- ApodGUI.TopicViewlet -->
