<?xml version="1.0" encoding="UTF-8"?>
<!-- Generated by org.testng.reporters.JUnitReportReporter -->
<testsuite skipped="0" hostname="DESKTOP-E1JT2VR" name="ApodGUI.QueuesViewlet" tests="7" failures="0" timestamp="27 Jan 2020 09:23:33 GMT" time="227.617" errors="0">
  <testcase name="Login" time="64.121" classname="ApodGUI.QueuesViewlet"/>
  <testcase name="BrowseMessages" time="27.169" classname="ApodGUI.QueuesViewlet"/>
  <testcase name="ShowQueueStatus" time="22.830" classname="ApodGUI.QueuesViewlet"/>
  <testcase name="CreateQueueFromOptions" time="27.567" classname="ApodGUI.QueuesViewlet"/>
  <testcase name="CopyAsQueueCommands" time="13.572" classname="ApodGUI.QueuesViewlet"/>
  <testcase name="DeleteQueueFromCommandsOption" time="46.757" classname="ApodGUI.QueuesViewlet"/>
  <testcase name="Logout" time="25.601" classname="ApodGUI.QueuesViewlet"/>
</testsuite> <!-- ApodGUI.QueuesViewlet -->
