<?xml version="1.0" encoding="UTF-8"?>
<!-- Generated by org.testng.reporters.JUnitReportReporter -->
<testsuite skipped="0" hostname="DESKTOP-E1JT2VR" name="ApodGUI.EMSTopic" tests="4" failures="0" timestamp="09 Jan 2020 09:55:03 GMT" time="85.033" errors="0">
  <testcase name="Login" time="54.712" classname="ApodGUI.EMSTopic"/>
  <testcase name="AddToFavoriteViewlet" time="22.683" classname="ApodGUI.EMSTopic"/>
  <testcase name="AddToFavoriteForMultipleTopics" time="5.163" classname="ApodGUI.EMSTopic"/>
  <testcase name="Logout" time="2.475" classname="ApodGUI.EMSTopic"/>
</testsuite> <!-- ApodGUI.EMSTopic -->
