<?xml version="1.0" encoding="UTF-8"?>
<!-- Generated by org.testng.reporters.JUnitReportReporter -->
<testsuite skipped="0" hostname="DESKTOP-E1JT2VR" name="ApodGUI.ManagerViewlet" tests="3" failures="0" timestamp="21 Jan 2020 05:42:58 GMT" time="79.085" errors="0">
  <testcase name="Login" time="40.904" classname="ApodGUI.ManagerViewlet"/>
  <testcase name="CreateQueueManagerFromOptions" time="35.553" classname="ApodGUI.ManagerViewlet"/>
  <testcase name="Logout" time="2.628" classname="ApodGUI.ManagerViewlet"/>
</testsuite> <!-- ApodGUI.ManagerViewlet -->
