<?xml version="1.0" encoding="UTF-8"?>
<!-- Generated by org.testng.reporters.JUnitReportReporter -->
<testsuite skipped="0" hostname="DESKTOP-E1JT2VR" name="ApodGUI.QueuesInsideBrowseMessages" tests="13" failures="0" timestamp="18 Sep 2019 12:11:07 GMT" time="314.217" errors="0">
  <testcase name="Login" time="112.614" classname="ApodGUI.QueuesInsideBrowseMessages"/>
  <testcase name="PutAMessageUsingPutNewIcon" time="19.649" classname="ApodGUI.QueuesInsideBrowseMessages"/>
  <testcase name="DeleteMessageUsingDeleteIcon" time="18.031" classname="ApodGUI.QueuesInsideBrowseMessages"/>
  <testcase name="CopyMessageUsingCopyIcon" time="17.293" classname="ApodGUI.QueuesInsideBrowseMessages"/>
  <testcase name="MoveMessageUsingMoveIcon" time="10.010" classname="ApodGUI.QueuesInsideBrowseMessages"/>
  <testcase name="EditMessageUsingEditIcon" time="7.874" classname="ApodGUI.QueuesInsideBrowseMessages"/>
  <testcase name="LoadMessageFromFileUsingIcon" time="24.217" classname="ApodGUI.QueuesInsideBrowseMessages"/>
  <testcase name="ExportSelectedMessageUsingExportIcon" time="23.167" classname="ApodGUI.QueuesInsideBrowseMessages"/>
  <testcase name="EditMessageUsingEditOption" time="16.044" classname="ApodGUI.QueuesInsideBrowseMessages"/>
  <testcase name="DeleteMessageUsingDeleteOption" time="18.651" classname="ApodGUI.QueuesInsideBrowseMessages"/>
  <testcase name="CopyMessageUsingCopyOption" time="17.225" classname="ApodGUI.QueuesInsideBrowseMessages"/>
  <testcase name="MoveMessageUsingMoveOption" time="17.105" classname="ApodGUI.QueuesInsideBrowseMessages"/>
  <testcase name="Logout" time="12.337" classname="ApodGUI.QueuesInsideBrowseMessages"/>
</testsuite> <!-- ApodGUI.QueuesInsideBrowseMessages -->
