<?xml version="1.0" encoding="UTF-8"?>
<!-- Generated by org.testng.reporters.JUnitReportReporter -->
<testsuite skipped="0" hostname="DESKTOP-E1JT2VR" name="ApodGUI.TransportViewlet" tests="7" failures="0" timestamp="16 Sep 2019 12:57:40 GMT" time="127.018" errors="0">
  <testcase name="Login" time="30.784" classname="ApodGUI.TransportViewlet"/>
  <testcase name="AddTransportViewlet" time="9.107" classname="ApodGUI.TransportViewlet"/>
  <testcase name="Properties" time="13.972" classname="ApodGUI.TransportViewlet"/>
  <testcase name="TransportEvents" time="15.683" classname="ApodGUI.TransportViewlet"/>
  <testcase name="AddToFavoriteViewlet" time="14.646" classname="ApodGUI.TransportViewlet"/>
  <testcase name="ShowObjectAttributesForTransport" time="32.020" classname="ApodGUI.TransportViewlet"/>
  <testcase name="Logout" time="10.806" classname="ApodGUI.TransportViewlet"/>
</testsuite> <!-- ApodGUI.TransportViewlet -->
