<?xml version="1.0" encoding="UTF-8"?>
<!-- Generated by org.testng.reporters.JUnitReportReporter -->
<testsuite skipped="0" hostname="DESKTOP-E1JT2VR" name="ApodGUI.WorkgroupServer" tests="6" failures="0" timestamp="11 Nov 2019 12:16:39 GMT" time="179.684" errors="0">
  <testcase name="Login" time="46.423" classname="ApodGUI.WorkgroupServer"/>
  <testcase name="AddRemoteQueueManager" time="14.153" classname="ApodGUI.WorkgroupServer"/>
  <testcase name="ModifyRemoteQueueManager" time="27.040" classname="ApodGUI.WorkgroupServer"/>
  <testcase name="DeleteRemoteQueueManager" time="30.104" classname="ApodGUI.WorkgroupServer"/>
  <testcase name="SearchFilter" time="50.206" classname="ApodGUI.WorkgroupServer"/>
  <testcase name="Logout" time="11.758" classname="ApodGUI.WorkgroupServer"/>
</testsuite> <!-- ApodGUI.WorkgroupServer -->
